[0.009s] Invoking command in '/home/ubuntu20/code/markdown/ros2_foxy/charpter4/build/village_interfaces': CMAKE_PREFIX_PATH=${CMAKE_PREFIX_PATH}:/home/ubuntu20/code/markdown/ros2_foxy/ros2_town/install/village_li:/opt/ros/foxy /usr/bin/cmake /home/ubuntu20/code/markdown/ros2_foxy/charpter4/src/village_interfaces -DCMAKE_INSTALL_PREFIX=/home/ubuntu20/code/markdown/ros2_foxy/charpter4/install/village_interfaces
[0.042s] -- The C compiler identification is GNU 9.4.0
[0.068s] -- The CXX compiler identification is GNU 9.4.0
[0.070s] -- Check for working C compiler: /usr/bin/cc
[0.109s] -- Check for working C compiler: /usr/bin/cc -- works
[0.109s] -- Detecting C compiler ABI info
[0.151s] -- Detecting C compiler ABI info - done
[0.155s] -- Detecting C compile features
[0.155s] -- Detecting C compile features - done
[0.156s] -- Check for working CXX compiler: /usr/bin/c++
[0.199s] -- Check for working CXX compiler: /usr/bin/c++ -- works
[0.199s] -- Detecting CXX compiler ABI info
[0.243s] -- Detecting CXX compiler ABI info - done
[0.248s] -- Detecting CXX compile features
[0.248s] -- Detecting CXX compile features - done
[0.249s] -- Found ament_cmake: 0.9.12 (/opt/ros/foxy/share/ament_cmake/cmake)
[0.261s] -- Found PythonInterp: /usr/bin/python3 (found suitable version "3.8.10", minimum required is "3") 
[0.261s] -- Using PYTHON_EXECUTABLE: /usr/bin/python3
[0.335s] -- Found sensor_msgs: 2.0.5 (/opt/ros/foxy/share/sensor_msgs/cmake)
[0.348s] -- Using all available rosidl_typesupport_c: rosidl_typesupport_fastrtps_c;rosidl_typesupport_introspection_c
[0.351s] -- Found rosidl_adapter: 1.3.1 (/opt/ros/foxy/share/rosidl_adapter/cmake)
[0.401s] -- Found OpenSSL: /usr/lib/x86_64-linux-gnu/libcrypto.so (found version "1.1.1f")  
[0.416s] -- Found FastRTPS: /opt/ros/foxy/include  
[0.451s] -- Using all available rosidl_typesupport_cpp: rosidl_typesupport_fastrtps_cpp;rosidl_typesupport_introspection_cpp
[0.516s] -- Found rosidl_default_generators: 1.0.1 (/opt/ros/foxy/share/rosidl_default_generators/cmake)
[0.531s] -- Found PythonInterp: /usr/bin/python3 (found version "3.8.10") 
[0.616s] -- Found ament_cmake_ros: 0.9.2 (/opt/ros/foxy/share/ament_cmake_ros/cmake)
[0.739s] -- Using all available rosidl_typesupport_c: rosidl_typesupport_fastrtps_c;rosidl_typesupport_introspection_c
[0.796s] -- Using all available rosidl_typesupport_cpp: rosidl_typesupport_fastrtps_cpp;rosidl_typesupport_introspection_cpp
[0.809s] -- Found PythonInterp: /usr/bin/python3 (found suitable version "3.8.10", minimum required is "3.5") 
[0.810s] -- Found python_cmake_module: 0.8.1 (/opt/ros/foxy/share/python_cmake_module/cmake)
[0.823s] -- Found PythonLibs: /usr/lib/x86_64-linux-gnu/libpython3.8.so (found suitable version "3.8.10", minimum required is "3.5") 
[0.823s] -- Using PYTHON_EXECUTABLE: /usr/bin/python3
[0.823s] -- Using PYTHON_INCLUDE_DIRS: /usr/include/python3.8
[0.823s] -- Using PYTHON_LIBRARIES: /usr/lib/x86_64-linux-gnu/libpython3.8.so
[0.833s] -- Found PythonExtra: .so  
[0.872s] -- Found ament_lint_auto: 0.9.8 (/opt/ros/foxy/share/ament_lint_auto/cmake)
[0.881s] -- Added test 'copyright' to check source files copyright and LICENSE
[0.882s] -- Added test 'lint_cmake' to check CMake code style
[0.882s] -- Added test 'xmllint' to check XML markup files
[0.884s] -- Configuring done
[0.912s] -- Generating done
[0.921s] -- Build files have been written to: /home/ubuntu20/code/markdown/ros2_foxy/charpter4/build/village_interfaces
[0.929s] Invoked command in '/home/ubuntu20/code/markdown/ros2_foxy/charpter4/build/village_interfaces' returned '0': CMAKE_PREFIX_PATH=${CMAKE_PREFIX_PATH}:/home/ubuntu20/code/markdown/ros2_foxy/ros2_town/install/village_li:/opt/ros/foxy /usr/bin/cmake /home/ubuntu20/code/markdown/ros2_foxy/charpter4/src/village_interfaces -DCMAKE_INSTALL_PREFIX=/home/ubuntu20/code/markdown/ros2_foxy/charpter4/install/village_interfaces
[0.930s] Invoking command in '/home/ubuntu20/code/markdown/ros2_foxy/charpter4/build/village_interfaces': CMAKE_PREFIX_PATH=${CMAKE_PREFIX_PATH}:/home/ubuntu20/code/markdown/ros2_foxy/ros2_town/install/village_li:/opt/ros/foxy /usr/bin/cmake --build /home/ubuntu20/code/markdown/ros2_foxy/charpter4/build/village_interfaces -- -j32 -l32
[0.954s] [35m[1mScanning dependencies of target village_interfaces__cpp[0m
[0.954s] [  2%] [34m[1mGenerating C code for ROS interfaces[0m
[0.961s] [  4%] [34m[1mGenerating C++ code for ROS interfaces[0m
[1.118s] [  4%] Built target village_interfaces__cpp
[1.120s] [35m[1mScanning dependencies of target village_interfaces__rosidl_generator_c[0m
[1.127s] [  6%] [34m[1mGenerating C++ introspection for ROS interfaces[0m
[1.127s] [ 10%] [34m[1mGenerating C++ type support for eProsima Fast-RTPS[0m
[1.127s] [ 10%] [34m[1mGenerating C++ type support dispatch for ROS interfaces[0m
[1.131s] [ 14%] [32mBuilding C object CMakeFiles/village_interfaces__rosidl_generator_c.dir/rosidl_generator_c/village_interfaces/msg/detail/novel__functions.c.o[0m
[1.131s] [ 14%] [32mBuilding C object CMakeFiles/village_interfaces__rosidl_generator_c.dir/rosidl_generator_c/village_interfaces/srv/detail/borrow_money__functions.c.o[0m
[1.131s] [ 17%] [32mBuilding C object CMakeFiles/village_interfaces__rosidl_generator_c.dir/rosidl_generator_c/village_interfaces/srv/detail/sell_novel__functions.c.o[0m
[1.169s] [ 19%] [32m[1mLinking C shared library libvillage_interfaces__rosidl_generator_c.so[0m
[1.193s] [ 19%] Built target village_interfaces__rosidl_generator_c
[1.200s] [ 23%] [34m[1mGenerating C type support dispatch for ROS interfaces[0m
[1.200s] [ 23%] [34m[1mGenerating C introspection for ROS interfaces[0m
[1.254s] [35m[1mScanning dependencies of target village_interfaces__rosidl_typesupport_cpp[0m
[1.267s] [ 27%] [32mBuilding CXX object CMakeFiles/village_interfaces__rosidl_typesupport_cpp.dir/rosidl_typesupport_cpp/village_interfaces/srv/sell_novel__type_support.cpp.o[0m
[1.267s] [ 27%] [32mBuilding CXX object CMakeFiles/village_interfaces__rosidl_typesupport_cpp.dir/rosidl_typesupport_cpp/village_interfaces/msg/novel__type_support.cpp.o[0m
[1.267s] [ 29%] [32mBuilding CXX object CMakeFiles/village_interfaces__rosidl_typesupport_cpp.dir/rosidl_typesupport_cpp/village_interfaces/srv/borrow_money__type_support.cpp.o[0m
[1.267s] [35m[1mScanning dependencies of target village_interfaces__rosidl_typesupport_introspection_cpp[0m
[1.274s] [35m[1mScanning dependencies of target village_interfaces__rosidl_typesupport_fastrtps_cpp[0m
[1.277s] [ 31%] [32mBuilding CXX object CMakeFiles/village_interfaces__rosidl_typesupport_introspection_cpp.dir/rosidl_typesupport_introspection_cpp/village_interfaces/msg/detail/novel__type_support.cpp.o[0m
[1.277s] [ 36%] [32mBuilding CXX object CMakeFiles/village_interfaces__rosidl_typesupport_introspection_cpp.dir/rosidl_typesupport_introspection_cpp/village_interfaces/srv/detail/borrow_money__type_support.cpp.o[0m
[1.277s] [ 36%] [32mBuilding CXX object CMakeFiles/village_interfaces__rosidl_typesupport_introspection_cpp.dir/rosidl_typesupport_introspection_cpp/village_interfaces/srv/detail/sell_novel__type_support.cpp.o[0m
[1.290s] [ 42%] [32mBuilding CXX object CMakeFiles/village_interfaces__rosidl_typesupport_fastrtps_cpp.dir/rosidl_typesupport_fastrtps_cpp/village_interfaces/msg/detail/dds_fastrtps/novel__type_support.cpp.o[0m
[1.290s] [ 42%] [32mBuilding CXX object CMakeFiles/village_interfaces__rosidl_typesupport_fastrtps_cpp.dir/rosidl_typesupport_fastrtps_cpp/village_interfaces/srv/detail/dds_fastrtps/borrow_money__type_support.cpp.o[0m
[1.290s] [ 42%] [32mBuilding CXX object CMakeFiles/village_interfaces__rosidl_typesupport_fastrtps_cpp.dir/rosidl_typesupport_fastrtps_cpp/village_interfaces/srv/detail/dds_fastrtps/sell_novel__type_support.cpp.o[0m
[1.323s] [35m[1mScanning dependencies of target village_interfaces__rosidl_typesupport_c[0m
[1.335s] [ 46%] [32mBuilding CXX object CMakeFiles/village_interfaces__rosidl_typesupport_c.dir/rosidl_typesupport_c/village_interfaces/srv/sell_novel__type_support.cpp.o[0m
[1.335s] [ 46%] [32mBuilding CXX object CMakeFiles/village_interfaces__rosidl_typesupport_c.dir/rosidl_typesupport_c/village_interfaces/srv/borrow_money__type_support.cpp.o[0m
[1.335s] [ 48%] [32mBuilding CXX object CMakeFiles/village_interfaces__rosidl_typesupport_c.dir/rosidl_typesupport_c/village_interfaces/msg/novel__type_support.cpp.o[0m
[1.351s] [35m[1mScanning dependencies of target village_interfaces__rosidl_typesupport_introspection_c[0m
[1.356s] [ 51%] [32m[1mLinking CXX shared library libvillage_interfaces__rosidl_typesupport_c.so[0m
[1.362s] [ 53%] [32mBuilding C object CMakeFiles/village_interfaces__rosidl_typesupport_introspection_c.dir/rosidl_typesupport_introspection_c/village_interfaces/msg/detail/novel__type_support.c.o[0m
[1.363s] [ 55%] [32mBuilding C object CMakeFiles/village_interfaces__rosidl_typesupport_introspection_c.dir/rosidl_typesupport_introspection_c/village_interfaces/srv/detail/borrow_money__type_support.c.o[0m
[1.363s] [ 57%] [32mBuilding C object CMakeFiles/village_interfaces__rosidl_typesupport_introspection_c.dir/rosidl_typesupport_introspection_c/village_interfaces/srv/detail/sell_novel__type_support.c.o[0m
[1.386s] [ 59%] [32m[1mLinking C shared library libvillage_interfaces__rosidl_typesupport_introspection_c.so[0m
[1.387s] [ 59%] Built target village_interfaces__rosidl_typesupport_c
[1.409s] [ 61%] [32m[1mLinking CXX shared library libvillage_interfaces__rosidl_typesupport_cpp.so[0m
[1.410s] [ 61%] Built target village_interfaces__rosidl_typesupport_introspection_c
[1.428s] [ 63%] [32m[1mLinking CXX shared library libvillage_interfaces__rosidl_typesupport_introspection_cpp.so[0m
[1.437s] [ 63%] Built target village_interfaces__rosidl_typesupport_cpp
[1.470s] [ 63%] Built target village_interfaces__rosidl_typesupport_introspection_cpp
[1.493s] [ 65%] [32m[1mLinking CXX shared library libvillage_interfaces__rosidl_typesupport_fastrtps_cpp.so[0m
[1.540s] [ 65%] Built target village_interfaces__rosidl_typesupport_fastrtps_cpp
[1.546s] [ 68%] [34m[1mGenerating C type support for eProsima Fast-RTPS[0m
[1.684s] [35m[1mScanning dependencies of target village_interfaces__rosidl_typesupport_fastrtps_c[0m
[1.696s] [ 70%] [32mBuilding CXX object CMakeFiles/village_interfaces__rosidl_typesupport_fastrtps_c.dir/rosidl_typesupport_fastrtps_c/village_interfaces/msg/detail/novel__type_support_c.cpp.o[0m
[1.696s] [ 72%] [32mBuilding CXX object CMakeFiles/village_interfaces__rosidl_typesupport_fastrtps_c.dir/rosidl_typesupport_fastrtps_c/village_interfaces/srv/detail/borrow_money__type_support_c.cpp.o[0m
[1.696s] [ 74%] [32mBuilding CXX object CMakeFiles/village_interfaces__rosidl_typesupport_fastrtps_c.dir/rosidl_typesupport_fastrtps_c/village_interfaces/srv/detail/sell_novel__type_support_c.cpp.o[0m
[1.840s] [ 76%] [32m[1mLinking CXX shared library libvillage_interfaces__rosidl_typesupport_fastrtps_c.so[0m
[1.884s] [ 76%] Built target village_interfaces__rosidl_typesupport_fastrtps_c
[1.891s] [35m[1mScanning dependencies of target village_interfaces[0m
[1.898s] [ 76%] Built target village_interfaces
[1.904s] [35m[1mScanning dependencies of target village_interfaces__py[0m
[1.911s] [ 78%] [34m[1mGenerating Python code for ROS interfaces[0m
[2.180s] [ 78%] Built target village_interfaces__py
[2.186s] [35m[1mScanning dependencies of target village_interfaces__python[0m
[2.236s] [ 80%] [32mBuilding C object CMakeFiles/village_interfaces__python.dir/rosidl_generator_py/village_interfaces/msg/_novel_s.c.o[0m
[2.236s] [ 82%] [32mBuilding C object CMakeFiles/village_interfaces__python.dir/rosidl_generator_py/village_interfaces/srv/_borrow_money_s.c.o[0m
[2.236s] [ 85%] [32mBuilding C object CMakeFiles/village_interfaces__python.dir/rosidl_generator_py/village_interfaces/srv/_sell_novel_s.c.o[0m
[2.284s] [ 87%] [32m[1mLinking C shared library rosidl_generator_py/village_interfaces/libvillage_interfaces__python.so[0m
[2.308s] [ 87%] Built target village_interfaces__python
[2.314s] [35m[1mScanning dependencies of target village_interfaces__rosidl_typesupport_introspection_c__pyext[0m
[2.314s] [35m[1mScanning dependencies of target village_interfaces__rosidl_typesupport_c__pyext[0m
[2.315s] [35m[1mScanning dependencies of target village_interfaces__rosidl_typesupport_fastrtps_c__pyext[0m
[2.325s] [ 91%] [32mBuilding C object CMakeFiles/village_interfaces__rosidl_typesupport_c__pyext.dir/rosidl_generator_py/village_interfaces/_village_interfaces_s.ep.rosidl_typesupport_c.c.o[0m
[2.325s] [ 91%] [32mBuilding C object CMakeFiles/village_interfaces__rosidl_typesupport_introspection_c__pyext.dir/rosidl_generator_py/village_interfaces/_village_interfaces_s.ep.rosidl_typesupport_introspection_c.c.o[0m
[2.325s] [ 93%] [32mBuilding C object CMakeFiles/village_interfaces__rosidl_typesupport_fastrtps_c__pyext.dir/rosidl_generator_py/village_interfaces/_village_interfaces_s.ep.rosidl_typesupport_fastrtps_c.c.o[0m
[2.370s] [100%] [32m[1mLinking CXX shared library rosidl_generator_py/village_interfaces/village_interfaces_s__rosidl_typesupport_fastrtps_c.cpython-38-x86_64-linux-gnu.so[0m
[2.370s] [100%] [32m[1mLinking C shared library rosidl_generator_py/village_interfaces/village_interfaces_s__rosidl_typesupport_c.cpython-38-x86_64-linux-gnu.so[0m
[2.370s] [100%] [32m[1mLinking C shared library rosidl_generator_py/village_interfaces/village_interfaces_s__rosidl_typesupport_introspection_c.cpython-38-x86_64-linux-gnu.so[0m
[2.392s] [100%] Built target village_interfaces__rosidl_typesupport_c__pyext
[2.393s] [100%] Built target village_interfaces__rosidl_typesupport_introspection_c__pyext
[2.404s] [100%] Built target village_interfaces__rosidl_typesupport_fastrtps_c__pyext
[2.411s] Invoked command in '/home/ubuntu20/code/markdown/ros2_foxy/charpter4/build/village_interfaces' returned '0': CMAKE_PREFIX_PATH=${CMAKE_PREFIX_PATH}:/home/ubuntu20/code/markdown/ros2_foxy/ros2_town/install/village_li:/opt/ros/foxy /usr/bin/cmake --build /home/ubuntu20/code/markdown/ros2_foxy/charpter4/build/village_interfaces -- -j32 -l32
[2.419s] Invoking command in '/home/ubuntu20/code/markdown/ros2_foxy/charpter4/build/village_interfaces': CMAKE_PREFIX_PATH=${CMAKE_PREFIX_PATH}:/home/ubuntu20/code/markdown/ros2_foxy/ros2_town/install/village_li:/opt/ros/foxy /usr/bin/cmake --install /home/ubuntu20/code/markdown/ros2_foxy/charpter4/build/village_interfaces
[2.423s] -- Install configuration: ""
[2.423s] -- Installing: /home/ubuntu20/code/markdown/ros2_foxy/charpter4/install/village_interfaces/share/ament_index/resource_index/rosidl_interfaces/village_interfaces
[2.423s] -- Installing: /home/ubuntu20/code/markdown/ros2_foxy/charpter4/install/village_interfaces/include/village_interfaces
[2.423s] -- Installing: /home/ubuntu20/code/markdown/ros2_foxy/charpter4/install/village_interfaces/include/village_interfaces/srv
[2.423s] -- Installing: /home/ubuntu20/code/markdown/ros2_foxy/charpter4/install/village_interfaces/include/village_interfaces/srv/detail
[2.423s] -- Installing: /home/ubuntu20/code/markdown/ros2_foxy/charpter4/install/village_interfaces/include/village_interfaces/srv/detail/sell_novel__struct.h
[2.423s] -- Installing: /home/ubuntu20/code/markdown/ros2_foxy/charpter4/install/village_interfaces/include/village_interfaces/srv/detail/borrow_money__functions.h
[2.423s] -- Installing: /home/ubuntu20/code/markdown/ros2_foxy/charpter4/install/village_interfaces/include/village_interfaces/srv/detail/borrow_money__functions.c
[2.423s] -- Installing: /home/ubuntu20/code/markdown/ros2_foxy/charpter4/install/village_interfaces/include/village_interfaces/srv/detail/borrow_money__type_support.h
[2.424s] -- Installing: /home/ubuntu20/code/markdown/ros2_foxy/charpter4/install/village_interfaces/include/village_interfaces/srv/detail/sell_novel__functions.h
[2.424s] -- Installing: /home/ubuntu20/code/markdown/ros2_foxy/charpter4/install/village_interfaces/include/village_interfaces/srv/detail/sell_novel__type_support.h
[2.424s] -- Installing: /home/ubuntu20/code/markdown/ros2_foxy/charpter4/install/village_interfaces/include/village_interfaces/srv/detail/sell_novel__functions.c
[2.424s] -- Installing: /home/ubuntu20/code/markdown/ros2_foxy/charpter4/install/village_interfaces/include/village_interfaces/srv/detail/borrow_money__struct.h
[2.424s] -- Installing: /home/ubuntu20/code/markdown/ros2_foxy/charpter4/install/village_interfaces/include/village_interfaces/srv/borrow_money.h
[2.424s] -- Installing: /home/ubuntu20/code/markdown/ros2_foxy/charpter4/install/village_interfaces/include/village_interfaces/srv/sell_novel.h
[2.424s] -- Installing: /home/ubuntu20/code/markdown/ros2_foxy/charpter4/install/village_interfaces/include/village_interfaces/msg
[2.424s] -- Installing: /home/ubuntu20/code/markdown/ros2_foxy/charpter4/install/village_interfaces/include/village_interfaces/msg/detail
[2.425s] -- Installing: /home/ubuntu20/code/markdown/ros2_foxy/charpter4/install/village_interfaces/include/village_interfaces/msg/detail/novel__functions.h
[2.425s] -- Installing: /home/ubuntu20/code/markdown/ros2_foxy/charpter4/install/village_interfaces/include/village_interfaces/msg/detail/novel__struct.h
[2.425s] -- Installing: /home/ubuntu20/code/markdown/ros2_foxy/charpter4/install/village_interfaces/include/village_interfaces/msg/detail/novel__type_support.h
[2.425s] -- Installing: /home/ubuntu20/code/markdown/ros2_foxy/charpter4/install/village_interfaces/include/village_interfaces/msg/detail/novel__functions.c
[2.425s] -- Installing: /home/ubuntu20/code/markdown/ros2_foxy/charpter4/install/village_interfaces/include/village_interfaces/msg/rosidl_generator_c__visibility_control.h
[2.425s] -- Installing: /home/ubuntu20/code/markdown/ros2_foxy/charpter4/install/village_interfaces/include/village_interfaces/msg/novel.h
[2.425s] -- Installing: /home/ubuntu20/code/markdown/ros2_foxy/charpter4/install/village_interfaces/share/village_interfaces/environment/library_path.sh
[2.425s] -- Installing: /home/ubuntu20/code/markdown/ros2_foxy/charpter4/install/village_interfaces/share/village_interfaces/environment/library_path.dsv
[2.426s] -- Installing: /home/ubuntu20/code/markdown/ros2_foxy/charpter4/install/village_interfaces/lib/libvillage_interfaces__rosidl_generator_c.so
[2.426s] -- Set runtime path of "/home/ubuntu20/code/markdown/ros2_foxy/charpter4/install/village_interfaces/lib/libvillage_interfaces__rosidl_generator_c.so" to ""
[2.426s] -- Up-to-date: /home/ubuntu20/code/markdown/ros2_foxy/charpter4/install/village_interfaces/include/village_interfaces
[2.426s] -- Up-to-date: /home/ubuntu20/code/markdown/ros2_foxy/charpter4/install/village_interfaces/include/village_interfaces/srv
[2.426s] -- Up-to-date: /home/ubuntu20/code/markdown/ros2_foxy/charpter4/install/village_interfaces/include/village_interfaces/srv/detail
[2.426s] -- Installing: /home/ubuntu20/code/markdown/ros2_foxy/charpter4/install/village_interfaces/include/village_interfaces/srv/detail/borrow_money__rosidl_typesupport_fastrtps_c.h
[2.426s] -- Installing: /home/ubuntu20/code/markdown/ros2_foxy/charpter4/install/village_interfaces/include/village_interfaces/srv/detail/sell_novel__rosidl_typesupport_fastrtps_c.h
[2.426s] -- Up-to-date: /home/ubuntu20/code/markdown/ros2_foxy/charpter4/install/village_interfaces/include/village_interfaces/msg
[2.426s] -- Installing: /home/ubuntu20/code/markdown/ros2_foxy/charpter4/install/village_interfaces/include/village_interfaces/msg/rosidl_typesupport_fastrtps_c__visibility_control.h
[2.426s] -- Up-to-date: /home/ubuntu20/code/markdown/ros2_foxy/charpter4/install/village_interfaces/include/village_interfaces/msg/detail
[2.426s] -- Installing: /home/ubuntu20/code/markdown/ros2_foxy/charpter4/install/village_interfaces/include/village_interfaces/msg/detail/novel__rosidl_typesupport_fastrtps_c.h
[2.426s] -- Installing: /home/ubuntu20/code/markdown/ros2_foxy/charpter4/install/village_interfaces/lib/libvillage_interfaces__rosidl_typesupport_fastrtps_c.so
[2.426s] -- Set runtime path of "/home/ubuntu20/code/markdown/ros2_foxy/charpter4/install/village_interfaces/lib/libvillage_interfaces__rosidl_typesupport_fastrtps_c.so" to ""
[2.427s] -- Up-to-date: /home/ubuntu20/code/markdown/ros2_foxy/charpter4/install/village_interfaces/include/village_interfaces
[2.427s] -- Up-to-date: /home/ubuntu20/code/markdown/ros2_foxy/charpter4/install/village_interfaces/include/village_interfaces/srv
[2.427s] -- Up-to-date: /home/ubuntu20/code/markdown/ros2_foxy/charpter4/install/village_interfaces/include/village_interfaces/srv/detail
[2.427s] -- Installing: /home/ubuntu20/code/markdown/ros2_foxy/charpter4/install/village_interfaces/include/village_interfaces/srv/detail/borrow_money__rosidl_typesupport_fastrtps_cpp.hpp
[2.427s] -- Installing: /home/ubuntu20/code/markdown/ros2_foxy/charpter4/install/village_interfaces/include/village_interfaces/srv/detail/sell_novel__rosidl_typesupport_fastrtps_cpp.hpp
[2.427s] -- Installing: /home/ubuntu20/code/markdown/ros2_foxy/charpter4/install/village_interfaces/include/village_interfaces/srv/detail/dds_fastrtps
[2.427s] -- Up-to-date: /home/ubuntu20/code/markdown/ros2_foxy/charpter4/install/village_interfaces/include/village_interfaces/msg
[2.427s] -- Up-to-date: /home/ubuntu20/code/markdown/ros2_foxy/charpter4/install/village_interfaces/include/village_interfaces/msg/detail
[2.427s] -- Installing: /home/ubuntu20/code/markdown/ros2_foxy/charpter4/install/village_interfaces/include/village_interfaces/msg/detail/dds_fastrtps
[2.427s] -- Installing: /home/ubuntu20/code/markdown/ros2_foxy/charpter4/install/village_interfaces/include/village_interfaces/msg/detail/novel__rosidl_typesupport_fastrtps_cpp.hpp
[2.427s] -- Installing: /home/ubuntu20/code/markdown/ros2_foxy/charpter4/install/village_interfaces/include/village_interfaces/msg/rosidl_typesupport_fastrtps_cpp__visibility_control.h
[2.427s] -- Installing: /home/ubuntu20/code/markdown/ros2_foxy/charpter4/install/village_interfaces/lib/libvillage_interfaces__rosidl_typesupport_fastrtps_cpp.so
[2.427s] -- Set runtime path of "/home/ubuntu20/code/markdown/ros2_foxy/charpter4/install/village_interfaces/lib/libvillage_interfaces__rosidl_typesupport_fastrtps_cpp.so" to ""
[2.427s] -- Up-to-date: /home/ubuntu20/code/markdown/ros2_foxy/charpter4/install/village_interfaces/include/village_interfaces
[2.428s] -- Up-to-date: /home/ubuntu20/code/markdown/ros2_foxy/charpter4/install/village_interfaces/include/village_interfaces/srv
[2.428s] -- Up-to-date: /home/ubuntu20/code/markdown/ros2_foxy/charpter4/install/village_interfaces/include/village_interfaces/srv/detail
[2.428s] -- Installing: /home/ubuntu20/code/markdown/ros2_foxy/charpter4/install/village_interfaces/include/village_interfaces/srv/detail/sell_novel__rosidl_typesupport_introspection_c.h
[2.428s] -- Installing: /home/ubuntu20/code/markdown/ros2_foxy/charpter4/install/village_interfaces/include/village_interfaces/srv/detail/sell_novel__type_support.c
[2.428s] -- Installing: /home/ubuntu20/code/markdown/ros2_foxy/charpter4/install/village_interfaces/include/village_interfaces/srv/detail/borrow_money__type_support.c
[2.428s] -- Installing: /home/ubuntu20/code/markdown/ros2_foxy/charpter4/install/village_interfaces/include/village_interfaces/srv/detail/borrow_money__rosidl_typesupport_introspection_c.h
[2.428s] -- Up-to-date: /home/ubuntu20/code/markdown/ros2_foxy/charpter4/install/village_interfaces/include/village_interfaces/msg
[2.428s] -- Up-to-date: /home/ubuntu20/code/markdown/ros2_foxy/charpter4/install/village_interfaces/include/village_interfaces/msg/detail
[2.428s] -- Installing: /home/ubuntu20/code/markdown/ros2_foxy/charpter4/install/village_interfaces/include/village_interfaces/msg/detail/novel__type_support.c
[2.428s] -- Installing: /home/ubuntu20/code/markdown/ros2_foxy/charpter4/install/village_interfaces/include/village_interfaces/msg/detail/novel__rosidl_typesupport_introspection_c.h
[2.428s] -- Installing: /home/ubuntu20/code/markdown/ros2_foxy/charpter4/install/village_interfaces/include/village_interfaces/msg/rosidl_typesupport_introspection_c__visibility_control.h
[2.428s] -- Installing: /home/ubuntu20/code/markdown/ros2_foxy/charpter4/install/village_interfaces/lib/libvillage_interfaces__rosidl_typesupport_introspection_c.so
[2.428s] -- Set runtime path of "/home/ubuntu20/code/markdown/ros2_foxy/charpter4/install/village_interfaces/lib/libvillage_interfaces__rosidl_typesupport_introspection_c.so" to ""
[2.428s] -- Installing: /home/ubuntu20/code/markdown/ros2_foxy/charpter4/install/village_interfaces/lib/libvillage_interfaces__rosidl_typesupport_c.so
[2.429s] -- Set runtime path of "/home/ubuntu20/code/markdown/ros2_foxy/charpter4/install/village_interfaces/lib/libvillage_interfaces__rosidl_typesupport_c.so" to ""
[2.429s] -- Up-to-date: /home/ubuntu20/code/markdown/ros2_foxy/charpter4/install/village_interfaces/include/village_interfaces
[2.429s] -- Up-to-date: /home/ubuntu20/code/markdown/ros2_foxy/charpter4/install/village_interfaces/include/village_interfaces/srv
[2.429s] -- Installing: /home/ubuntu20/code/markdown/ros2_foxy/charpter4/install/village_interfaces/include/village_interfaces/srv/borrow_money.hpp
[2.429s] -- Up-to-date: /home/ubuntu20/code/markdown/ros2_foxy/charpter4/install/village_interfaces/include/village_interfaces/srv/detail
[2.429s] -- Installing: /home/ubuntu20/code/markdown/ros2_foxy/charpter4/install/village_interfaces/include/village_interfaces/srv/detail/borrow_money__struct.hpp
[2.429s] -- Installing: /home/ubuntu20/code/markdown/ros2_foxy/charpter4/install/village_interfaces/include/village_interfaces/srv/detail/borrow_money__type_support.hpp
[2.429s] -- Installing: /home/ubuntu20/code/markdown/ros2_foxy/charpter4/install/village_interfaces/include/village_interfaces/srv/detail/sell_novel__traits.hpp
[2.429s] -- Installing: /home/ubuntu20/code/markdown/ros2_foxy/charpter4/install/village_interfaces/include/village_interfaces/srv/detail/borrow_money__builder.hpp
[2.429s] -- Installing: /home/ubuntu20/code/markdown/ros2_foxy/charpter4/install/village_interfaces/include/village_interfaces/srv/detail/sell_novel__builder.hpp
[2.429s] -- Installing: /home/ubuntu20/code/markdown/ros2_foxy/charpter4/install/village_interfaces/include/village_interfaces/srv/detail/borrow_money__traits.hpp
[2.429s] -- Installing: /home/ubuntu20/code/markdown/ros2_foxy/charpter4/install/village_interfaces/include/village_interfaces/srv/detail/sell_novel__struct.hpp
[2.429s] -- Installing: /home/ubuntu20/code/markdown/ros2_foxy/charpter4/install/village_interfaces/include/village_interfaces/srv/detail/sell_novel__type_support.hpp
[2.429s] -- Installing: /home/ubuntu20/code/markdown/ros2_foxy/charpter4/install/village_interfaces/include/village_interfaces/srv/sell_novel.hpp
[2.429s] -- Up-to-date: /home/ubuntu20/code/markdown/ros2_foxy/charpter4/install/village_interfaces/include/village_interfaces/msg
[2.430s] -- Installing: /home/ubuntu20/code/markdown/ros2_foxy/charpter4/install/village_interfaces/include/village_interfaces/msg/rosidl_generator_cpp__visibility_control.hpp
[2.430s] -- Installing: /home/ubuntu20/code/markdown/ros2_foxy/charpter4/install/village_interfaces/include/village_interfaces/msg/novel.hpp
[2.430s] -- Up-to-date: /home/ubuntu20/code/markdown/ros2_foxy/charpter4/install/village_interfaces/include/village_interfaces/msg/detail
[2.430s] -- Installing: /home/ubuntu20/code/markdown/ros2_foxy/charpter4/install/village_interfaces/include/village_interfaces/msg/detail/novel__type_support.hpp
[2.430s] -- Installing: /home/ubuntu20/code/markdown/ros2_foxy/charpter4/install/village_interfaces/include/village_interfaces/msg/detail/novel__traits.hpp
[2.430s] -- Installing: /home/ubuntu20/code/markdown/ros2_foxy/charpter4/install/village_interfaces/include/village_interfaces/msg/detail/novel__struct.hpp
[2.430s] -- Installing: /home/ubuntu20/code/markdown/ros2_foxy/charpter4/install/village_interfaces/include/village_interfaces/msg/detail/novel__builder.hpp
[2.430s] -- Up-to-date: /home/ubuntu20/code/markdown/ros2_foxy/charpter4/install/village_interfaces/include/village_interfaces
[2.430s] -- Up-to-date: /home/ubuntu20/code/markdown/ros2_foxy/charpter4/install/village_interfaces/include/village_interfaces/srv
[2.430s] -- Up-to-date: /home/ubuntu20/code/markdown/ros2_foxy/charpter4/install/village_interfaces/include/village_interfaces/srv/detail
[2.430s] -- Installing: /home/ubuntu20/code/markdown/ros2_foxy/charpter4/install/village_interfaces/include/village_interfaces/srv/detail/sell_novel__rosidl_typesupport_introspection_cpp.hpp
[2.430s] -- Installing: /home/ubuntu20/code/markdown/ros2_foxy/charpter4/install/village_interfaces/include/village_interfaces/srv/detail/borrow_money__type_support.cpp
[2.430s] -- Installing: /home/ubuntu20/code/markdown/ros2_foxy/charpter4/install/village_interfaces/include/village_interfaces/srv/detail/sell_novel__type_support.cpp
[2.430s] -- Installing: /home/ubuntu20/code/markdown/ros2_foxy/charpter4/install/village_interfaces/include/village_interfaces/srv/detail/borrow_money__rosidl_typesupport_introspection_cpp.hpp
[2.431s] -- Up-to-date: /home/ubuntu20/code/markdown/ros2_foxy/charpter4/install/village_interfaces/include/village_interfaces/msg
[2.431s] -- Up-to-date: /home/ubuntu20/code/markdown/ros2_foxy/charpter4/install/village_interfaces/include/village_interfaces/msg/detail
[2.431s] -- Installing: /home/ubuntu20/code/markdown/ros2_foxy/charpter4/install/village_interfaces/include/village_interfaces/msg/detail/novel__rosidl_typesupport_introspection_cpp.hpp
[2.431s] -- Installing: /home/ubuntu20/code/markdown/ros2_foxy/charpter4/install/village_interfaces/include/village_interfaces/msg/detail/novel__type_support.cpp
[2.431s] -- Installing: /home/ubuntu20/code/markdown/ros2_foxy/charpter4/install/village_interfaces/lib/libvillage_interfaces__rosidl_typesupport_introspection_cpp.so
[2.431s] -- Set runtime path of "/home/ubuntu20/code/markdown/ros2_foxy/charpter4/install/village_interfaces/lib/libvillage_interfaces__rosidl_typesupport_introspection_cpp.so" to ""
[2.431s] -- Installing: /home/ubuntu20/code/markdown/ros2_foxy/charpter4/install/village_interfaces/lib/libvillage_interfaces__rosidl_typesupport_cpp.so
[2.431s] -- Set runtime path of "/home/ubuntu20/code/markdown/ros2_foxy/charpter4/install/village_interfaces/lib/libvillage_interfaces__rosidl_typesupport_cpp.so" to ""
[2.431s] -- Installing: /home/ubuntu20/code/markdown/ros2_foxy/charpter4/install/village_interfaces/share/village_interfaces/environment/pythonpath.sh
[2.431s] -- Installing: /home/ubuntu20/code/markdown/ros2_foxy/charpter4/install/village_interfaces/share/village_interfaces/environment/pythonpath.dsv
[2.431s] -- Installing: /home/ubuntu20/code/markdown/ros2_foxy/charpter4/install/village_interfaces/lib/python3.8/site-packages/village_interfaces/__init__.py
[2.446s] Compiling '/home/ubuntu20/code/markdown/ros2_foxy/charpter4/install/village_interfaces/lib/python3.8/site-packages/village_interfaces/__init__.py'...
[2.448s] -- Installing: /home/ubuntu20/code/markdown/ros2_foxy/charpter4/install/village_interfaces/lib/python3.8/site-packages/village_interfaces/msg
[2.448s] -- Installing: /home/ubuntu20/code/markdown/ros2_foxy/charpter4/install/village_interfaces/lib/python3.8/site-packages/village_interfaces/msg/_novel_s.c
[2.448s] -- Installing: /home/ubuntu20/code/markdown/ros2_foxy/charpter4/install/village_interfaces/lib/python3.8/site-packages/village_interfaces/msg/_novel.py
[2.449s] -- Installing: /home/ubuntu20/code/markdown/ros2_foxy/charpter4/install/village_interfaces/lib/python3.8/site-packages/village_interfaces/msg/__init__.py
[2.449s] -- Installing: /home/ubuntu20/code/markdown/ros2_foxy/charpter4/install/village_interfaces/lib/python3.8/site-packages/village_interfaces/srv
[2.449s] -- Installing: /home/ubuntu20/code/markdown/ros2_foxy/charpter4/install/village_interfaces/lib/python3.8/site-packages/village_interfaces/srv/_sell_novel.py
[2.449s] -- Installing: /home/ubuntu20/code/markdown/ros2_foxy/charpter4/install/village_interfaces/lib/python3.8/site-packages/village_interfaces/srv/_borrow_money.py
[2.449s] -- Installing: /home/ubuntu20/code/markdown/ros2_foxy/charpter4/install/village_interfaces/lib/python3.8/site-packages/village_interfaces/srv/__init__.py
[2.449s] -- Installing: /home/ubuntu20/code/markdown/ros2_foxy/charpter4/install/village_interfaces/lib/python3.8/site-packages/village_interfaces/srv/_borrow_money_s.c
[2.449s] -- Installing: /home/ubuntu20/code/markdown/ros2_foxy/charpter4/install/village_interfaces/lib/python3.8/site-packages/village_interfaces/srv/_sell_novel_s.c
[2.449s] -- Installing: /home/ubuntu20/code/markdown/ros2_foxy/charpter4/install/village_interfaces/lib/python3.8/site-packages/village_interfaces/village_interfaces_s__rosidl_typesupport_fastrtps_c.cpython-38-x86_64-linux-gnu.so
[2.449s] -- Set runtime path of "/home/ubuntu20/code/markdown/ros2_foxy/charpter4/install/village_interfaces/lib/python3.8/site-packages/village_interfaces/village_interfaces_s__rosidl_typesupport_fastrtps_c.cpython-38-x86_64-linux-gnu.so" to ""
[2.449s] -- Installing: /home/ubuntu20/code/markdown/ros2_foxy/charpter4/install/village_interfaces/lib/python3.8/site-packages/village_interfaces/village_interfaces_s__rosidl_typesupport_introspection_c.cpython-38-x86_64-linux-gnu.so
[2.450s] -- Set runtime path of "/home/ubuntu20/code/markdown/ros2_foxy/charpter4/install/village_interfaces/lib/python3.8/site-packages/village_interfaces/village_interfaces_s__rosidl_typesupport_introspection_c.cpython-38-x86_64-linux-gnu.so" to ""
[2.450s] -- Installing: /home/ubuntu20/code/markdown/ros2_foxy/charpter4/install/village_interfaces/lib/python3.8/site-packages/village_interfaces/village_interfaces_s__rosidl_typesupport_c.cpython-38-x86_64-linux-gnu.so
[2.450s] -- Set runtime path of "/home/ubuntu20/code/markdown/ros2_foxy/charpter4/install/village_interfaces/lib/python3.8/site-packages/village_interfaces/village_interfaces_s__rosidl_typesupport_c.cpython-38-x86_64-linux-gnu.so" to ""
[2.450s] -- Installing: /home/ubuntu20/code/markdown/ros2_foxy/charpter4/install/village_interfaces/lib/libvillage_interfaces__python.so
[2.451s] -- Set runtime path of "/home/ubuntu20/code/markdown/ros2_foxy/charpter4/install/village_interfaces/lib/libvillage_interfaces__python.so" to ""
[2.451s] -- Installing: /home/ubuntu20/code/markdown/ros2_foxy/charpter4/install/village_interfaces/share/village_interfaces/msg/Novel.idl
[2.451s] -- Installing: /home/ubuntu20/code/markdown/ros2_foxy/charpter4/install/village_interfaces/share/village_interfaces/srv/BorrowMoney.idl
[2.451s] -- Installing: /home/ubuntu20/code/markdown/ros2_foxy/charpter4/install/village_interfaces/share/village_interfaces/srv/SellNovel.idl
[2.451s] -- Installing: /home/ubuntu20/code/markdown/ros2_foxy/charpter4/install/village_interfaces/share/village_interfaces/msg/Novel.msg
[2.451s] -- Installing: /home/ubuntu20/code/markdown/ros2_foxy/charpter4/install/village_interfaces/share/village_interfaces/srv/BorrowMoney.srv
[2.451s] -- Installing: /home/ubuntu20/code/markdown/ros2_foxy/charpter4/install/village_interfaces/share/village_interfaces/srv/BorrowMoney_Request.msg
[2.451s] -- Installing: /home/ubuntu20/code/markdown/ros2_foxy/charpter4/install/village_interfaces/share/village_interfaces/srv/BorrowMoney_Response.msg
[2.452s] -- Installing: /home/ubuntu20/code/markdown/ros2_foxy/charpter4/install/village_interfaces/share/village_interfaces/srv/SellNovel.srv
[2.452s] -- Installing: /home/ubuntu20/code/markdown/ros2_foxy/charpter4/install/village_interfaces/share/village_interfaces/srv/SellNovel_Request.msg
[2.452s] -- Installing: /home/ubuntu20/code/markdown/ros2_foxy/charpter4/install/village_interfaces/share/village_interfaces/srv/SellNovel_Response.msg
[2.452s] -- Installing: /home/ubuntu20/code/markdown/ros2_foxy/charpter4/install/village_interfaces/share/ament_index/resource_index/package_run_dependencies/village_interfaces
[2.452s] -- Installing: /home/ubuntu20/code/markdown/ros2_foxy/charpter4/install/village_interfaces/share/ament_index/resource_index/parent_prefix_path/village_interfaces
[2.452s] -- Installing: /home/ubuntu20/code/markdown/ros2_foxy/charpter4/install/village_interfaces/share/village_interfaces/environment/ament_prefix_path.sh
[2.452s] -- Installing: /home/ubuntu20/code/markdown/ros2_foxy/charpter4/install/village_interfaces/share/village_interfaces/environment/ament_prefix_path.dsv
[2.452s] -- Installing: /home/ubuntu20/code/markdown/ros2_foxy/charpter4/install/village_interfaces/share/village_interfaces/environment/path.sh
[2.452s] -- Installing: /home/ubuntu20/code/markdown/ros2_foxy/charpter4/install/village_interfaces/share/village_interfaces/environment/path.dsv
[2.453s] -- Installing: /home/ubuntu20/code/markdown/ros2_foxy/charpter4/install/village_interfaces/share/village_interfaces/local_setup.bash
[2.453s] -- Installing: /home/ubuntu20/code/markdown/ros2_foxy/charpter4/install/village_interfaces/share/village_interfaces/local_setup.sh
[2.453s] -- Installing: /home/ubuntu20/code/markdown/ros2_foxy/charpter4/install/village_interfaces/share/village_interfaces/local_setup.zsh
[2.453s] -- Installing: /home/ubuntu20/code/markdown/ros2_foxy/charpter4/install/village_interfaces/share/village_interfaces/local_setup.dsv
[2.453s] -- Installing: /home/ubuntu20/code/markdown/ros2_foxy/charpter4/install/village_interfaces/share/village_interfaces/package.dsv
[2.453s] -- Installing: /home/ubuntu20/code/markdown/ros2_foxy/charpter4/install/village_interfaces/share/ament_index/resource_index/packages/village_interfaces
[2.453s] -- Installing: /home/ubuntu20/code/markdown/ros2_foxy/charpter4/install/village_interfaces/share/village_interfaces/cmake/village_interfaces__rosidl_generator_cExport.cmake
[2.453s] -- Installing: /home/ubuntu20/code/markdown/ros2_foxy/charpter4/install/village_interfaces/share/village_interfaces/cmake/village_interfaces__rosidl_generator_cExport-noconfig.cmake
[2.453s] -- Installing: /home/ubuntu20/code/markdown/ros2_foxy/charpter4/install/village_interfaces/share/village_interfaces/cmake/village_interfaces__rosidl_typesupport_introspection_cExport.cmake
[2.453s] -- Installing: /home/ubuntu20/code/markdown/ros2_foxy/charpter4/install/village_interfaces/share/village_interfaces/cmake/village_interfaces__rosidl_typesupport_introspection_cExport-noconfig.cmake
[2.453s] -- Installing: /home/ubuntu20/code/markdown/ros2_foxy/charpter4/install/village_interfaces/share/village_interfaces/cmake/village_interfaces__rosidl_typesupport_cExport.cmake
[2.453s] -- Installing: /home/ubuntu20/code/markdown/ros2_foxy/charpter4/install/village_interfaces/share/village_interfaces/cmake/village_interfaces__rosidl_typesupport_cExport-noconfig.cmake
[2.453s] -- Installing: /home/ubuntu20/code/markdown/ros2_foxy/charpter4/install/village_interfaces/share/village_interfaces/cmake/village_interfaces__rosidl_generator_cppExport.cmake
[2.454s] -- Installing: /home/ubuntu20/code/markdown/ros2_foxy/charpter4/install/village_interfaces/share/village_interfaces/cmake/village_interfaces__rosidl_typesupport_introspection_cppExport.cmake
[2.454s] -- Installing: /home/ubuntu20/code/markdown/ros2_foxy/charpter4/install/village_interfaces/share/village_interfaces/cmake/village_interfaces__rosidl_typesupport_introspection_cppExport-noconfig.cmake
[2.454s] -- Installing: /home/ubuntu20/code/markdown/ros2_foxy/charpter4/install/village_interfaces/share/village_interfaces/cmake/village_interfaces__rosidl_typesupport_cppExport.cmake
[2.454s] -- Installing: /home/ubuntu20/code/markdown/ros2_foxy/charpter4/install/village_interfaces/share/village_interfaces/cmake/village_interfaces__rosidl_typesupport_cppExport-noconfig.cmake
[2.454s] -- Installing: /home/ubuntu20/code/markdown/ros2_foxy/charpter4/install/village_interfaces/share/village_interfaces/cmake/rosidl_cmake-extras.cmake
[2.454s] -- Installing: /home/ubuntu20/code/markdown/ros2_foxy/charpter4/install/village_interfaces/share/village_interfaces/cmake/ament_cmake_export_dependencies-extras.cmake
[2.454s] -- Installing: /home/ubuntu20/code/markdown/ros2_foxy/charpter4/install/village_interfaces/share/village_interfaces/cmake/ament_cmake_export_libraries-extras.cmake
[2.454s] -- Installing: /home/ubuntu20/code/markdown/ros2_foxy/charpter4/install/village_interfaces/share/village_interfaces/cmake/ament_cmake_export_targets-extras.cmake
[2.455s] -- Installing: /home/ubuntu20/code/markdown/ros2_foxy/charpter4/install/village_interfaces/share/village_interfaces/cmake/ament_cmake_export_include_directories-extras.cmake
[2.455s] -- Installing: /home/ubuntu20/code/markdown/ros2_foxy/charpter4/install/village_interfaces/share/village_interfaces/cmake/rosidl_cmake_export_typesupport_libraries-extras.cmake
[2.455s] -- Installing: /home/ubuntu20/code/markdown/ros2_foxy/charpter4/install/village_interfaces/share/village_interfaces/cmake/rosidl_cmake_export_typesupport_targets-extras.cmake
[2.455s] -- Installing: /home/ubuntu20/code/markdown/ros2_foxy/charpter4/install/village_interfaces/share/village_interfaces/cmake/village_interfacesConfig.cmake
[2.455s] -- Installing: /home/ubuntu20/code/markdown/ros2_foxy/charpter4/install/village_interfaces/share/village_interfaces/cmake/village_interfacesConfig-version.cmake
[2.455s] -- Installing: /home/ubuntu20/code/markdown/ros2_foxy/charpter4/install/village_interfaces/share/village_interfaces/package.xml
[2.457s] Invoked command in '/home/ubuntu20/code/markdown/ros2_foxy/charpter4/build/village_interfaces' returned '0': CMAKE_PREFIX_PATH=${CMAKE_PREFIX_PATH}:/home/ubuntu20/code/markdown/ros2_foxy/ros2_town/install/village_li:/opt/ros/foxy /usr/bin/cmake --install /home/ubuntu20/code/markdown/ros2_foxy/charpter4/build/village_interfaces
