[0.305s] Invoking command in '/home/ubuntu20/code/markdown/ros2_foxy/ros2_town/src/village_li': AMENT_PREFIX_PATH=/home/ubuntu20/code/markdown/ros2_foxy/ros2_town/install/village_interfaces:${AMENT_PREFIX_PATH} CMAKE_PREFIX_PATH=/home/ubuntu20/code/markdown/ros2_foxy/ros2_town/install/village_interfaces LD_LIBRARY_PATH=/home/ubuntu20/code/markdown/ros2_foxy/ros2_town/install/village_interfaces/lib:${LD_LIBRARY_PATH} PYTHONPATH=/home/ubuntu20/code/markdown/ros2_foxy/ros2_town/build/village_li/prefix_override:/usr/lib/python3/dist-packages/colcon_core/task/python/colcon_distutils_commands:/home/ubuntu20/code/markdown/ros2_foxy/ros2_town/install/village_li/lib/python3.8/site-packages:/home/ubuntu20/code/markdown/ros2_foxy/ros2_town/install/village_interfaces/lib/python3.8/site-packages:${PYTHONPATH} /usr/bin/python3 -W ignore:setup.py install is deprecated -W ignore:easy_install command is deprecated setup.py egg_info --egg-base ../../build/village_li build --build-base /home/ubuntu20/code/markdown/ros2_foxy/ros2_town/build/village_li/build install --record /home/ubuntu20/code/markdown/ros2_foxy/ros2_town/build/village_li/install.log --install-scripts $base/lib/village_li --single-version-externally-managed install_data
[0.381s] running egg_info
[0.381s] creating ../../build/village_li/village_li.egg-info
[0.382s] writing ../../build/village_li/village_li.egg-info/PKG-INFO
[0.382s] writing dependency_links to ../../build/village_li/village_li.egg-info/dependency_links.txt
[0.382s] writing entry points to ../../build/village_li/village_li.egg-info/entry_points.txt
[0.382s] writing requirements to ../../build/village_li/village_li.egg-info/requires.txt
[0.382s] writing top-level names to ../../build/village_li/village_li.egg-info/top_level.txt
[0.384s] writing manifest file '../../build/village_li/village_li.egg-info/SOURCES.txt'
[0.397s] reading manifest file '../../build/village_li/village_li.egg-info/SOURCES.txt'
[0.398s] writing manifest file '../../build/village_li/village_li.egg-info/SOURCES.txt'
[0.398s] running build
[0.398s] running build_py
[0.398s] creating /home/ubuntu20/code/markdown/ros2_foxy/ros2_town/build/village_li/build
[0.399s] creating /home/ubuntu20/code/markdown/ros2_foxy/ros2_town/build/village_li/build/lib
[0.399s] creating /home/ubuntu20/code/markdown/ros2_foxy/ros2_town/build/village_li/build/lib/village_li
[0.399s] copying village_li/li4.py -> /home/ubuntu20/code/markdown/ros2_foxy/ros2_town/build/village_li/build/lib/village_li
[0.399s] copying village_li/__init__.py -> /home/ubuntu20/code/markdown/ros2_foxy/ros2_town/build/village_li/build/lib/village_li
[0.399s] copying village_li/li7.py -> /home/ubuntu20/code/markdown/ros2_foxy/ros2_town/build/village_li/build/lib/village_li
[0.399s] copying village_li/li2.py -> /home/ubuntu20/code/markdown/ros2_foxy/ros2_town/build/village_li/build/lib/village_li
[0.399s] copying village_li/li3.py -> /home/ubuntu20/code/markdown/ros2_foxy/ros2_town/build/village_li/build/lib/village_li
[0.399s] copying village_li/li5.py -> /home/ubuntu20/code/markdown/ros2_foxy/ros2_town/build/village_li/build/lib/village_li
[0.399s] copying village_li/li6.py -> /home/ubuntu20/code/markdown/ros2_foxy/ros2_town/build/village_li/build/lib/village_li
[0.399s] running install
[0.399s] running install_lib
[0.400s] creating /home/ubuntu20/code/markdown/ros2_foxy/ros2_town/install/village_li/lib/python3.8/site-packages/village_li
[0.400s] copying /home/ubuntu20/code/markdown/ros2_foxy/ros2_town/build/village_li/build/lib/village_li/li4.py -> /home/ubuntu20/code/markdown/ros2_foxy/ros2_town/install/village_li/lib/python3.8/site-packages/village_li
[0.400s] copying /home/ubuntu20/code/markdown/ros2_foxy/ros2_town/build/village_li/build/lib/village_li/__init__.py -> /home/ubuntu20/code/markdown/ros2_foxy/ros2_town/install/village_li/lib/python3.8/site-packages/village_li
[0.400s] copying /home/ubuntu20/code/markdown/ros2_foxy/ros2_town/build/village_li/build/lib/village_li/li7.py -> /home/ubuntu20/code/markdown/ros2_foxy/ros2_town/install/village_li/lib/python3.8/site-packages/village_li
[0.400s] copying /home/ubuntu20/code/markdown/ros2_foxy/ros2_town/build/village_li/build/lib/village_li/li2.py -> /home/ubuntu20/code/markdown/ros2_foxy/ros2_town/install/village_li/lib/python3.8/site-packages/village_li
[0.400s] copying /home/ubuntu20/code/markdown/ros2_foxy/ros2_town/build/village_li/build/lib/village_li/li3.py -> /home/ubuntu20/code/markdown/ros2_foxy/ros2_town/install/village_li/lib/python3.8/site-packages/village_li
[0.400s] copying /home/ubuntu20/code/markdown/ros2_foxy/ros2_town/build/village_li/build/lib/village_li/li5.py -> /home/ubuntu20/code/markdown/ros2_foxy/ros2_town/install/village_li/lib/python3.8/site-packages/village_li
[0.400s] copying /home/ubuntu20/code/markdown/ros2_foxy/ros2_town/build/village_li/build/lib/village_li/li6.py -> /home/ubuntu20/code/markdown/ros2_foxy/ros2_town/install/village_li/lib/python3.8/site-packages/village_li
[0.400s] byte-compiling /home/ubuntu20/code/markdown/ros2_foxy/ros2_town/install/village_li/lib/python3.8/site-packages/village_li/li4.py to li4.cpython-38.pyc
[0.401s] byte-compiling /home/ubuntu20/code/markdown/ros2_foxy/ros2_town/install/village_li/lib/python3.8/site-packages/village_li/__init__.py to __init__.cpython-38.pyc
[0.401s] byte-compiling /home/ubuntu20/code/markdown/ros2_foxy/ros2_town/install/village_li/lib/python3.8/site-packages/village_li/li7.py to li7.cpython-38.pyc
[0.402s] byte-compiling /home/ubuntu20/code/markdown/ros2_foxy/ros2_town/install/village_li/lib/python3.8/site-packages/village_li/li2.py to li2.cpython-38.pyc
[0.402s] byte-compiling /home/ubuntu20/code/markdown/ros2_foxy/ros2_town/install/village_li/lib/python3.8/site-packages/village_li/li3.py to li3.cpython-38.pyc
[0.402s] byte-compiling /home/ubuntu20/code/markdown/ros2_foxy/ros2_town/install/village_li/lib/python3.8/site-packages/village_li/li5.py to li5.cpython-38.pyc
[0.402s] byte-compiling /home/ubuntu20/code/markdown/ros2_foxy/ros2_town/install/village_li/lib/python3.8/site-packages/village_li/li6.py to li6.cpython-38.pyc
[0.402s] running install_data
[0.403s] creating /home/ubuntu20/code/markdown/ros2_foxy/ros2_town/install/village_li/share/ament_index
[0.403s] creating /home/ubuntu20/code/markdown/ros2_foxy/ros2_town/install/village_li/share/ament_index/resource_index
[0.403s] creating /home/ubuntu20/code/markdown/ros2_foxy/ros2_town/install/village_li/share/ament_index/resource_index/packages
[0.403s] copying resource/village_li -> /home/ubuntu20/code/markdown/ros2_foxy/ros2_town/install/village_li/share/ament_index/resource_index/packages
[0.403s] copying package.xml -> /home/ubuntu20/code/markdown/ros2_foxy/ros2_town/install/village_li/share/village_li
[0.403s] running install_egg_info
[0.403s] Copying ../../build/village_li/village_li.egg-info to /home/ubuntu20/code/markdown/ros2_foxy/ros2_town/install/village_li/lib/python3.8/site-packages/village_li-0.0.0-py3.8.egg-info
[0.404s] running install_scripts
[0.412s] Installing li1_node script to /home/ubuntu20/code/markdown/ros2_foxy/ros2_town/install/village_li/lib/village_li
[0.412s] Installing li2_node script to /home/ubuntu20/code/markdown/ros2_foxy/ros2_town/install/village_li/lib/village_li
[0.412s] Installing li3_node script to /home/ubuntu20/code/markdown/ros2_foxy/ros2_town/install/village_li/lib/village_li
[0.412s] Installing li4_node script to /home/ubuntu20/code/markdown/ros2_foxy/ros2_town/install/village_li/lib/village_li
[0.413s] Installing li5_node script to /home/ubuntu20/code/markdown/ros2_foxy/ros2_town/install/village_li/lib/village_li
[0.413s] Installing li6_node script to /home/ubuntu20/code/markdown/ros2_foxy/ros2_town/install/village_li/lib/village_li
[0.413s] Installing li7_node script to /home/ubuntu20/code/markdown/ros2_foxy/ros2_town/install/village_li/lib/village_li
[0.413s] writing list of installed files to '/home/ubuntu20/code/markdown/ros2_foxy/ros2_town/build/village_li/install.log'
[0.424s] Invoked command in '/home/ubuntu20/code/markdown/ros2_foxy/ros2_town/src/village_li' returned '0': AMENT_PREFIX_PATH=/home/ubuntu20/code/markdown/ros2_foxy/ros2_town/install/village_interfaces:${AMENT_PREFIX_PATH} CMAKE_PREFIX_PATH=/home/ubuntu20/code/markdown/ros2_foxy/ros2_town/install/village_interfaces LD_LIBRARY_PATH=/home/ubuntu20/code/markdown/ros2_foxy/ros2_town/install/village_interfaces/lib:${LD_LIBRARY_PATH} PYTHONPATH=/home/ubuntu20/code/markdown/ros2_foxy/ros2_town/build/village_li/prefix_override:/usr/lib/python3/dist-packages/colcon_core/task/python/colcon_distutils_commands:/home/ubuntu20/code/markdown/ros2_foxy/ros2_town/install/village_li/lib/python3.8/site-packages:/home/ubuntu20/code/markdown/ros2_foxy/ros2_town/install/village_interfaces/lib/python3.8/site-packages:${PYTHONPATH} /usr/bin/python3 -W ignore:setup.py install is deprecated -W ignore:easy_install command is deprecated setup.py egg_info --egg-base ../../build/village_li build --build-base /home/ubuntu20/code/markdown/ros2_foxy/ros2_town/build/village_li/build install --record /home/ubuntu20/code/markdown/ros2_foxy/ros2_town/build/village_li/install.log --install-scripts $base/lib/village_li --single-version-externally-managed install_data
