[0.274s] Invoking command in '/home/ubuntu20/code/markdown/ros2_foxy/charpter4/src/village_li': CMAKE_PREFIX_PATH=/home/ubuntu20/code/markdown/ros2_foxy/charpter4/install/village_interfaces:/home/ubuntu20/code/markdown/ros2_foxy/charpter4/install/village_wang PYTHONPATH=/home/ubuntu20/code/markdown/ros2_foxy/charpter4/build/village_li/prefix_override:/usr/lib/python3/dist-packages/colcon_core/task/python/colcon_distutils_commands:/home/ubuntu20/code/markdown/ros2_foxy/charpter4/install/village_li/lib/python3.8/site-packages:/home/ubuntu20/code/markdown/ros2_foxy/charpter4/install/village_interfaces/lib/python3.8/site-packages:/home/ubuntu20/code/markdown/ros2_foxy/charpter4/install/village_li/lib/python3.8/site-packages:/opt/ros/foxy/lib/python3.8/site-packages /usr/bin/python3 -W ignore:setup.py install is deprecated -W ignore:easy_install command is deprecated setup.py egg_info --egg-base ../../build/village_li build --build-base /home/ubuntu20/code/markdown/ros2_foxy/charpter4/build/village_li/build install --record /home/ubuntu20/code/markdown/ros2_foxy/charpter4/build/village_li/install.log --install-scripts $base/lib/village_li --single-version-externally-managed install_data
[0.354s] running egg_info
[0.354s] writing ../../build/village_li/village_li.egg-info/PKG-INFO
[0.354s] writing dependency_links to ../../build/village_li/village_li.egg-info/dependency_links.txt
[0.354s] writing entry points to ../../build/village_li/village_li.egg-info/entry_points.txt
[0.355s] writing requirements to ../../build/village_li/village_li.egg-info/requires.txt
[0.355s] writing top-level names to ../../build/village_li/village_li.egg-info/top_level.txt
[0.369s] reading manifest file '../../build/village_li/village_li.egg-info/SOURCES.txt'
[0.369s] writing manifest file '../../build/village_li/village_li.egg-info/SOURCES.txt'
[0.370s] running build
[0.370s] running build_py
[0.370s] running install
[0.370s] running install_lib
[0.371s] running install_data
[0.371s] running install_egg_info
[0.372s] removing '/home/ubuntu20/code/markdown/ros2_foxy/charpter4/install/village_li/lib/python3.8/site-packages/village_li-0.0.0-py3.8.egg-info' (and everything under it)
[0.372s] Copying ../../build/village_li/village_li.egg-info to /home/ubuntu20/code/markdown/ros2_foxy/charpter4/install/village_li/lib/python3.8/site-packages/village_li-0.0.0-py3.8.egg-info
[0.372s] running install_scripts
[0.379s] Installing li3_node script to /home/ubuntu20/code/markdown/ros2_foxy/charpter4/install/village_li/lib/village_li
[0.380s] Installing li4_node script to /home/ubuntu20/code/markdown/ros2_foxy/charpter4/install/village_li/lib/village_li
[0.380s] writing list of installed files to '/home/ubuntu20/code/markdown/ros2_foxy/charpter4/build/village_li/install.log'
[0.391s] Invoked command in '/home/ubuntu20/code/markdown/ros2_foxy/charpter4/src/village_li' returned '0': CMAKE_PREFIX_PATH=/home/ubuntu20/code/markdown/ros2_foxy/charpter4/install/village_interfaces:/home/ubuntu20/code/markdown/ros2_foxy/charpter4/install/village_wang PYTHONPATH=/home/ubuntu20/code/markdown/ros2_foxy/charpter4/build/village_li/prefix_override:/usr/lib/python3/dist-packages/colcon_core/task/python/colcon_distutils_commands:/home/ubuntu20/code/markdown/ros2_foxy/charpter4/install/village_li/lib/python3.8/site-packages:/home/ubuntu20/code/markdown/ros2_foxy/charpter4/install/village_interfaces/lib/python3.8/site-packages:/home/ubuntu20/code/markdown/ros2_foxy/charpter4/install/village_li/lib/python3.8/site-packages:/opt/ros/foxy/lib/python3.8/site-packages /usr/bin/python3 -W ignore:setup.py install is deprecated -W ignore:easy_install command is deprecated setup.py egg_info --egg-base ../../build/village_li build --build-base /home/ubuntu20/code/markdown/ros2_foxy/charpter4/build/village_li/build install --record /home/ubuntu20/code/markdown/ros2_foxy/charpter4/build/village_li/install.log --install-scripts $base/lib/village_li --single-version-externally-managed install_data
