[35m[1mScanning dependencies of target zhang3_node[0m
[ 50%] [32mBuilding CXX object CMakeFiles/zhang3_node.dir/src/zhang3.cpp.o[0m
[100%] [32m[1mLinking CXX executable zhang3_node[0m
[100%] Built target zhang3_node
-- Install configuration: ""
-- Installing: /home/ubuntu20/code/markdown/ros2_foxy/charpter4/install/village_zhang/share/ament_index/resource_index/package_run_dependencies/village_zhang
-- Installing: /home/ubuntu20/code/markdown/ros2_foxy/charpter4/install/village_zhang/share/ament_index/resource_index/parent_prefix_path/village_zhang
-- Installing: /home/ubuntu20/code/markdown/ros2_foxy/charpter4/install/village_zhang/share/village_zhang/environment/ament_prefix_path.sh
-- Installing: /home/ubuntu20/code/markdown/ros2_foxy/charpter4/install/village_zhang/share/village_zhang/environment/ament_prefix_path.dsv
-- Installing: /home/ubuntu20/code/markdown/ros2_foxy/charpter4/install/village_zhang/share/village_zhang/environment/path.sh
-- Installing: /home/ubuntu20/code/markdown/ros2_foxy/charpter4/install/village_zhang/share/village_zhang/environment/path.dsv
-- Installing: /home/ubuntu20/code/markdown/ros2_foxy/charpter4/install/village_zhang/share/village_zhang/local_setup.bash
-- Installing: /home/ubuntu20/code/markdown/ros2_foxy/charpter4/install/village_zhang/share/village_zhang/local_setup.sh
-- Installing: /home/ubuntu20/code/markdown/ros2_foxy/charpter4/install/village_zhang/share/village_zhang/local_setup.zsh
-- Installing: /home/ubuntu20/code/markdown/ros2_foxy/charpter4/install/village_zhang/share/village_zhang/local_setup.dsv
-- Up-to-date: /home/ubuntu20/code/markdown/ros2_foxy/charpter4/install/village_zhang/share/village_zhang/package.dsv
-- Installing: /home/ubuntu20/code/markdown/ros2_foxy/charpter4/install/village_zhang/share/ament_index/resource_index/packages/village_zhang
-- Installing: /home/ubuntu20/code/markdown/ros2_foxy/charpter4/install/village_zhang/share/village_zhang/cmake/village_zhangConfig.cmake
-- Installing: /home/ubuntu20/code/markdown/ros2_foxy/charpter4/install/village_zhang/share/village_zhang/cmake/village_zhangConfig-version.cmake
-- Installing: /home/ubuntu20/code/markdown/ros2_foxy/charpter4/install/village_zhang/share/village_zhang/package.xml
-- Installing: /home/ubuntu20/code/markdown/ros2_foxy/charpter4/install/village_zhang/lib/village_zhang/zhang3_node
-- Set runtime path of "/home/ubuntu20/code/markdown/ros2_foxy/charpter4/install/village_zhang/lib/village_zhang/zhang3_node" to ""
