[0.014s] Invoking command in '/home/ubuntu20/code/markdown/ros2_foxy/charpter4/build/village_zhang': CMAKE_PREFIX_PATH=/home/ubuntu20/code/markdown/ros2_foxy/charpter4/install/village_interfaces:/home/ubuntu20/code/markdown/ros2_foxy/charpter4/install/village_wang:/home/ubuntu20/code/markdown/ros2_foxy/charpter4/install/village_li:/opt/ros/foxy PYTHONPATH=/home/ubuntu20/code/markdown/ros2_foxy/charpter4/install/village_interfaces/lib/python3.8/site-packages:/home/ubuntu20/code/markdown/ros2_foxy/charpter4/install/village_li/lib/python3.8/site-packages:/opt/ros/foxy/lib/python3.8/site-packages /usr/bin/cmake --build /home/ubuntu20/code/markdown/ros2_foxy/charpter4/build/village_zhang -- -j32 -l32
[0.037s] [35m[1mScanning dependencies of target zhang3_node[0m
[0.055s] [ 50%] [32mBuilding CXX object CMakeFiles/zhang3_node.dir/src/zhang3.cpp.o[0m
[1.160s] [100%] [32m[1mLinking CXX executable zhang3_node[0m
[1.223s] [100%] Built target zhang3_node
[1.232s] Invoked command in '/home/ubuntu20/code/markdown/ros2_foxy/charpter4/build/village_zhang' returned '0': CMAKE_PREFIX_PATH=/home/ubuntu20/code/markdown/ros2_foxy/charpter4/install/village_interfaces:/home/ubuntu20/code/markdown/ros2_foxy/charpter4/install/village_wang:/home/ubuntu20/code/markdown/ros2_foxy/charpter4/install/village_li:/opt/ros/foxy PYTHONPATH=/home/ubuntu20/code/markdown/ros2_foxy/charpter4/install/village_interfaces/lib/python3.8/site-packages:/home/ubuntu20/code/markdown/ros2_foxy/charpter4/install/village_li/lib/python3.8/site-packages:/opt/ros/foxy/lib/python3.8/site-packages /usr/bin/cmake --build /home/ubuntu20/code/markdown/ros2_foxy/charpter4/build/village_zhang -- -j32 -l32
[1.238s] Invoking command in '/home/ubuntu20/code/markdown/ros2_foxy/charpter4/build/village_zhang': CMAKE_PREFIX_PATH=/home/ubuntu20/code/markdown/ros2_foxy/charpter4/install/village_interfaces:/home/ubuntu20/code/markdown/ros2_foxy/charpter4/install/village_wang:/home/ubuntu20/code/markdown/ros2_foxy/charpter4/install/village_li:/opt/ros/foxy PYTHONPATH=/home/ubuntu20/code/markdown/ros2_foxy/charpter4/install/village_interfaces/lib/python3.8/site-packages:/home/ubuntu20/code/markdown/ros2_foxy/charpter4/install/village_li/lib/python3.8/site-packages:/opt/ros/foxy/lib/python3.8/site-packages /usr/bin/cmake --install /home/ubuntu20/code/markdown/ros2_foxy/charpter4/build/village_zhang
[1.242s] -- Install configuration: ""
[1.243s] -- Installing: /home/ubuntu20/code/markdown/ros2_foxy/charpter4/install/village_zhang/share/ament_index/resource_index/package_run_dependencies/village_zhang
[1.243s] -- Installing: /home/ubuntu20/code/markdown/ros2_foxy/charpter4/install/village_zhang/share/ament_index/resource_index/parent_prefix_path/village_zhang
[1.243s] -- Installing: /home/ubuntu20/code/markdown/ros2_foxy/charpter4/install/village_zhang/share/village_zhang/environment/ament_prefix_path.sh
[1.243s] -- Installing: /home/ubuntu20/code/markdown/ros2_foxy/charpter4/install/village_zhang/share/village_zhang/environment/ament_prefix_path.dsv
[1.243s] -- Installing: /home/ubuntu20/code/markdown/ros2_foxy/charpter4/install/village_zhang/share/village_zhang/environment/path.sh
[1.243s] -- Installing: /home/ubuntu20/code/markdown/ros2_foxy/charpter4/install/village_zhang/share/village_zhang/environment/path.dsv
[1.243s] -- Installing: /home/ubuntu20/code/markdown/ros2_foxy/charpter4/install/village_zhang/share/village_zhang/local_setup.bash
[1.243s] -- Installing: /home/ubuntu20/code/markdown/ros2_foxy/charpter4/install/village_zhang/share/village_zhang/local_setup.sh
[1.243s] -- Installing: /home/ubuntu20/code/markdown/ros2_foxy/charpter4/install/village_zhang/share/village_zhang/local_setup.zsh
[1.244s] -- Installing: /home/ubuntu20/code/markdown/ros2_foxy/charpter4/install/village_zhang/share/village_zhang/local_setup.dsv
[1.244s] -- Up-to-date: /home/ubuntu20/code/markdown/ros2_foxy/charpter4/install/village_zhang/share/village_zhang/package.dsv
[1.244s] -- Installing: /home/ubuntu20/code/markdown/ros2_foxy/charpter4/install/village_zhang/share/ament_index/resource_index/packages/village_zhang
[1.244s] -- Installing: /home/ubuntu20/code/markdown/ros2_foxy/charpter4/install/village_zhang/share/village_zhang/cmake/village_zhangConfig.cmake
[1.244s] -- Installing: /home/ubuntu20/code/markdown/ros2_foxy/charpter4/install/village_zhang/share/village_zhang/cmake/village_zhangConfig-version.cmake
[1.244s] -- Installing: /home/ubuntu20/code/markdown/ros2_foxy/charpter4/install/village_zhang/share/village_zhang/package.xml
[1.244s] -- Installing: /home/ubuntu20/code/markdown/ros2_foxy/charpter4/install/village_zhang/lib/village_zhang/zhang3_node
[1.245s] -- Set runtime path of "/home/ubuntu20/code/markdown/ros2_foxy/charpter4/install/village_zhang/lib/village_zhang/zhang3_node" to ""
[1.246s] Invoked command in '/home/ubuntu20/code/markdown/ros2_foxy/charpter4/build/village_zhang' returned '0': CMAKE_PREFIX_PATH=/home/ubuntu20/code/markdown/ros2_foxy/charpter4/install/village_interfaces:/home/ubuntu20/code/markdown/ros2_foxy/charpter4/install/village_wang:/home/ubuntu20/code/markdown/ros2_foxy/charpter4/install/village_li:/opt/ros/foxy PYTHONPATH=/home/ubuntu20/code/markdown/ros2_foxy/charpter4/install/village_interfaces/lib/python3.8/site-packages:/home/ubuntu20/code/markdown/ros2_foxy/charpter4/install/village_li/lib/python3.8/site-packages:/opt/ros/foxy/lib/python3.8/site-packages /usr/bin/cmake --install /home/ubuntu20/code/markdown/ros2_foxy/charpter4/build/village_zhang
