[0.256s] Invoking command in '/home/ubuntu20/code/markdown/ros2_foxy/charpter4/src/village_li': PYTHONPATH=/home/ubuntu20/code/markdown/ros2_foxy/charpter4/build/village_li/prefix_override:/usr/lib/python3/dist-packages/colcon_core/task/python/colcon_distutils_commands:/home/ubuntu20/code/markdown/ros2_foxy/charpter4/install/village_li/lib/python3.8/site-packages:${PYTHONPATH} /usr/bin/python3 -W ignore:setup.py install is deprecated -W ignore:easy_install command is deprecated setup.py egg_info --egg-base ../../build/village_li build --build-base /home/ubuntu20/code/markdown/ros2_foxy/charpter4/build/village_li/build install --record /home/ubuntu20/code/markdown/ros2_foxy/charpter4/build/village_li/install.log --install-scripts $base/lib/village_li --single-version-externally-managed install_data
[0.331s] running egg_info
[0.331s] creating ../../build/village_li/village_li.egg-info
[0.331s] writing ../../build/village_li/village_li.egg-info/PKG-INFO
[0.331s] writing dependency_links to ../../build/village_li/village_li.egg-info/dependency_links.txt
[0.331s] writing entry points to ../../build/village_li/village_li.egg-info/entry_points.txt
[0.331s] writing requirements to ../../build/village_li/village_li.egg-info/requires.txt
[0.331s] writing top-level names to ../../build/village_li/village_li.egg-info/top_level.txt
[0.332s] writing manifest file '../../build/village_li/village_li.egg-info/SOURCES.txt'
[0.345s] reading manifest file '../../build/village_li/village_li.egg-info/SOURCES.txt'
[0.345s] writing manifest file '../../build/village_li/village_li.egg-info/SOURCES.txt'
[0.346s] running build
[0.346s] running build_py
[0.346s] creating /home/ubuntu20/code/markdown/ros2_foxy/charpter4/build/village_li/build
[0.346s] creating /home/ubuntu20/code/markdown/ros2_foxy/charpter4/build/village_li/build/lib
[0.346s] creating /home/ubuntu20/code/markdown/ros2_foxy/charpter4/build/village_li/build/lib/village_li
[0.346s] copying village_li/li4.py -> /home/ubuntu20/code/markdown/ros2_foxy/charpter4/build/village_li/build/lib/village_li
[0.346s] copying village_li/li4_pop.py -> /home/ubuntu20/code/markdown/ros2_foxy/charpter4/build/village_li/build/lib/village_li
[0.346s] copying village_li/__init__.py -> /home/ubuntu20/code/markdown/ros2_foxy/charpter4/build/village_li/build/lib/village_li
[0.346s] copying village_li/li3.py -> /home/ubuntu20/code/markdown/ros2_foxy/charpter4/build/village_li/build/lib/village_li
[0.346s] running install
[0.346s] running install_lib
[0.347s] creating /home/ubuntu20/code/markdown/ros2_foxy/charpter4/install/village_li/lib/python3.8/site-packages/village_li
[0.347s] copying /home/ubuntu20/code/markdown/ros2_foxy/charpter4/build/village_li/build/lib/village_li/li4.py -> /home/ubuntu20/code/markdown/ros2_foxy/charpter4/install/village_li/lib/python3.8/site-packages/village_li
[0.347s] copying /home/ubuntu20/code/markdown/ros2_foxy/charpter4/build/village_li/build/lib/village_li/li4_pop.py -> /home/ubuntu20/code/markdown/ros2_foxy/charpter4/install/village_li/lib/python3.8/site-packages/village_li
[0.347s] copying /home/ubuntu20/code/markdown/ros2_foxy/charpter4/build/village_li/build/lib/village_li/__init__.py -> /home/ubuntu20/code/markdown/ros2_foxy/charpter4/install/village_li/lib/python3.8/site-packages/village_li
[0.347s] copying /home/ubuntu20/code/markdown/ros2_foxy/charpter4/build/village_li/build/lib/village_li/li3.py -> /home/ubuntu20/code/markdown/ros2_foxy/charpter4/install/village_li/lib/python3.8/site-packages/village_li
[0.347s] byte-compiling /home/ubuntu20/code/markdown/ros2_foxy/charpter4/install/village_li/lib/python3.8/site-packages/village_li/li4.py to li4.cpython-38.pyc
[0.348s] byte-compiling /home/ubuntu20/code/markdown/ros2_foxy/charpter4/install/village_li/lib/python3.8/site-packages/village_li/li4_pop.py to li4_pop.cpython-38.pyc
[0.348s] byte-compiling /home/ubuntu20/code/markdown/ros2_foxy/charpter4/install/village_li/lib/python3.8/site-packages/village_li/__init__.py to __init__.cpython-38.pyc
[0.348s] byte-compiling /home/ubuntu20/code/markdown/ros2_foxy/charpter4/install/village_li/lib/python3.8/site-packages/village_li/li3.py to li3.cpython-38.pyc
[0.348s] running install_data
[0.349s] creating /home/ubuntu20/code/markdown/ros2_foxy/charpter4/install/village_li/share/ament_index
[0.349s] creating /home/ubuntu20/code/markdown/ros2_foxy/charpter4/install/village_li/share/ament_index/resource_index
[0.349s] creating /home/ubuntu20/code/markdown/ros2_foxy/charpter4/install/village_li/share/ament_index/resource_index/packages
[0.349s] copying resource/village_li -> /home/ubuntu20/code/markdown/ros2_foxy/charpter4/install/village_li/share/ament_index/resource_index/packages
[0.349s] copying package.xml -> /home/ubuntu20/code/markdown/ros2_foxy/charpter4/install/village_li/share/village_li
[0.349s] running install_egg_info
[0.350s] Copying ../../build/village_li/village_li.egg-info to /home/ubuntu20/code/markdown/ros2_foxy/charpter4/install/village_li/lib/python3.8/site-packages/village_li-0.0.0-py3.8.egg-info
[0.350s] running install_scripts
[0.357s] Installing li3_node script to /home/ubuntu20/code/markdown/ros2_foxy/charpter4/install/village_li/lib/village_li
[0.358s] Installing li4_node script to /home/ubuntu20/code/markdown/ros2_foxy/charpter4/install/village_li/lib/village_li
[0.358s] writing list of installed files to '/home/ubuntu20/code/markdown/ros2_foxy/charpter4/build/village_li/install.log'
[0.369s] Invoked command in '/home/ubuntu20/code/markdown/ros2_foxy/charpter4/src/village_li' returned '0': PYTHONPATH=/home/ubuntu20/code/markdown/ros2_foxy/charpter4/build/village_li/prefix_override:/usr/lib/python3/dist-packages/colcon_core/task/python/colcon_distutils_commands:/home/ubuntu20/code/markdown/ros2_foxy/charpter4/install/village_li/lib/python3.8/site-packages:${PYTHONPATH} /usr/bin/python3 -W ignore:setup.py install is deprecated -W ignore:easy_install command is deprecated setup.py egg_info --egg-base ../../build/village_li build --build-base /home/ubuntu20/code/markdown/ros2_foxy/charpter4/build/village_li/build install --record /home/ubuntu20/code/markdown/ros2_foxy/charpter4/build/village_li/install.log --install-scripts $base/lib/village_li --single-version-externally-managed install_data
