[0.011s] Invoking command in '/home/ubuntu20/code/markdown/ros2_foxy/ros2_town/build/village_wang': CMAKE_PREFIX_PATH=/opt/ros/foxy /usr/bin/cmake /home/ubuntu20/code/markdown/ros2_foxy/ros2_town/src/village_wang -DCMAKE_INSTALL_PREFIX=/home/ubuntu20/code/markdown/ros2_foxy/ros2_town/install/village_wang
[0.084s] -- The C compiler identification is GNU 9.4.0
[0.134s] -- The CXX compiler identification is GNU 9.4.0
[0.141s] -- Check for working C compiler: /usr/bin/cc
[0.182s] -- Check for working C compiler: /usr/bin/cc -- works
[0.184s] -- Detecting C compiler ABI info
[0.225s] -- Detecting C compiler ABI info - done
[0.230s] -- Detecting C compile features
[0.230s] -- Detecting C compile features - done
[0.233s] -- Check for working CXX compiler: /usr/bin/c++
[0.278s] -- Check for working CXX compiler: /usr/bin/c++ -- works
[0.278s] -- Detecting CXX compiler ABI info
[0.323s] -- Detecting CXX compiler ABI info - done
[0.328s] -- Detecting CXX compile features
[0.328s] -- Detecting CXX compile features - done
[0.330s] -- Found ament_cmake: 0.9.12 (/opt/ros/foxy/share/ament_cmake/cmake)
[0.347s] -- Found PythonInterp: /usr/bin/python3 (found suitable version "3.8.10", minimum required is "3") 
[0.347s] -- Using PYTHON_EXECUTABLE: /usr/bin/python3
[0.442s] -- Found rclcpp: 2.4.3 (/opt/ros/foxy/share/rclcpp/cmake)
[0.470s] -- Using all available rosidl_typesupport_c: rosidl_typesupport_fastrtps_c;rosidl_typesupport_introspection_c
[0.473s] -- Found rosidl_adapter: 1.3.1 (/opt/ros/foxy/share/rosidl_adapter/cmake)
[0.525s] -- Found OpenSSL: /usr/lib/x86_64-linux-gnu/libcrypto.so (found version "1.1.1f")  
[0.540s] -- Found FastRTPS: /opt/ros/foxy/include  
[0.588s] -- Using all available rosidl_typesupport_cpp: rosidl_typesupport_fastrtps_cpp;rosidl_typesupport_introspection_cpp
[0.628s] -- Found rmw_implementation_cmake: 1.0.4 (/opt/ros/foxy/share/rmw_implementation_cmake/cmake)
[0.630s] -- Using RMW implementation 'rmw_fastrtps_cpp' as default
[0.632s] -- Looking for pthread.h
[0.673s] -- Looking for pthread.h - found
[0.673s] -- Performing Test CMAKE_HAVE_LIBC_PTHREAD
[0.716s] -- Performing Test CMAKE_HAVE_LIBC_PTHREAD - Failed
[0.716s] -- Looking for pthread_create in pthreads
[0.753s] -- Looking for pthread_create in pthreads - not found
[0.753s] -- Looking for pthread_create in pthread
[0.792s] -- Looking for pthread_create in pthread - found
[0.792s] -- Found Threads: TRUE  
[0.873s] -- Found ament_lint_auto: 0.9.8 (/opt/ros/foxy/share/ament_lint_auto/cmake)
[0.919s] -- Added test 'copyright' to check source files copyright and LICENSE
[0.920s] -- Added test 'cppcheck' to perform static code analysis on C / C++ code
[0.920s] -- Configured cppcheck include dirs: 
[0.920s] -- Configured cppcheck exclude dirs and/or files: 
[0.921s] -- Added test 'cpplint' to check C / C++ code against the Google style
[0.921s] -- Configured cpplint exclude dirs and/or files: 
[0.921s] -- Added test 'lint_cmake' to check CMake code style
[0.922s] -- Added test 'uncrustify' to check C / C++ code style
[0.922s] -- Configured uncrustify additional arguments: 
[0.923s] -- Added test 'xmllint' to check XML markup files
[0.926s] -- Configuring done
[0.931s] -- Generating done
[0.934s] -- Build files have been written to: /home/ubuntu20/code/markdown/ros2_foxy/ros2_town/build/village_wang
[0.939s] Invoked command in '/home/ubuntu20/code/markdown/ros2_foxy/ros2_town/build/village_wang' returned '0': CMAKE_PREFIX_PATH=/opt/ros/foxy /usr/bin/cmake /home/ubuntu20/code/markdown/ros2_foxy/ros2_town/src/village_wang -DCMAKE_INSTALL_PREFIX=/home/ubuntu20/code/markdown/ros2_foxy/ros2_town/install/village_wang
[0.941s] Invoking command in '/home/ubuntu20/code/markdown/ros2_foxy/ros2_town/build/village_wang': CMAKE_PREFIX_PATH=/opt/ros/foxy /usr/bin/cmake --build /home/ubuntu20/code/markdown/ros2_foxy/ros2_town/build/village_wang -- -j32 -l32
[0.966s] [35m[1mScanning dependencies of target wang3_node[0m
[0.966s] [35m[1mScanning dependencies of target wang1_node[0m
[0.966s] [35m[1mScanning dependencies of target wang2_node[0m
[0.986s] [ 50%] [32mBuilding CXX object CMakeFiles/wang1_node.dir/src/wang1.cpp.o[0m
[0.986s] [ 50%] [32mBuilding CXX object CMakeFiles/wang3_node.dir/src/wang3.cpp.o[0m
[0.986s] [ 50%] [32mBuilding CXX object CMakeFiles/wang2_node.dir/src/wang2.cpp.o[0m
[2.550s] [ 66%] [32m[1mLinking CXX executable wang2_node[0m
[2.626s] [ 66%] Built target wang2_node
[4.230s] [ 83%] [32m[1mLinking CXX executable wang1_node[0m
[4.326s] [ 83%] Built target wang1_node
[4.393s] [100%] [32m[1mLinking CXX executable wang3_node[0m
[4.492s] [100%] Built target wang3_node
[4.499s] Invoked command in '/home/ubuntu20/code/markdown/ros2_foxy/ros2_town/build/village_wang' returned '0': CMAKE_PREFIX_PATH=/opt/ros/foxy /usr/bin/cmake --build /home/ubuntu20/code/markdown/ros2_foxy/ros2_town/build/village_wang -- -j32 -l32
[4.501s] Invoking command in '/home/ubuntu20/code/markdown/ros2_foxy/ros2_town/build/village_wang': CMAKE_PREFIX_PATH=/opt/ros/foxy /usr/bin/cmake --install /home/ubuntu20/code/markdown/ros2_foxy/ros2_town/build/village_wang
[4.505s] -- Install configuration: ""
[4.505s] -- Installing: /home/ubuntu20/code/markdown/ros2_foxy/ros2_town/install/village_wang/share/ament_index/resource_index/package_run_dependencies/village_wang
[4.505s] -- Installing: /home/ubuntu20/code/markdown/ros2_foxy/ros2_town/install/village_wang/share/ament_index/resource_index/parent_prefix_path/village_wang
[4.505s] -- Installing: /home/ubuntu20/code/markdown/ros2_foxy/ros2_town/install/village_wang/share/village_wang/environment/ament_prefix_path.sh
[4.505s] -- Installing: /home/ubuntu20/code/markdown/ros2_foxy/ros2_town/install/village_wang/share/village_wang/environment/ament_prefix_path.dsv
[4.505s] -- Installing: /home/ubuntu20/code/markdown/ros2_foxy/ros2_town/install/village_wang/share/village_wang/environment/path.sh
[4.505s] -- Installing: /home/ubuntu20/code/markdown/ros2_foxy/ros2_town/install/village_wang/share/village_wang/environment/path.dsv
[4.506s] -- Installing: /home/ubuntu20/code/markdown/ros2_foxy/ros2_town/install/village_wang/share/village_wang/local_setup.bash
[4.506s] -- Installing: /home/ubuntu20/code/markdown/ros2_foxy/ros2_town/install/village_wang/share/village_wang/local_setup.sh
[4.506s] -- Installing: /home/ubuntu20/code/markdown/ros2_foxy/ros2_town/install/village_wang/share/village_wang/local_setup.zsh
[4.506s] -- Installing: /home/ubuntu20/code/markdown/ros2_foxy/ros2_town/install/village_wang/share/village_wang/local_setup.dsv
[4.506s] -- Installing: /home/ubuntu20/code/markdown/ros2_foxy/ros2_town/install/village_wang/share/village_wang/package.dsv
[4.506s] -- Installing: /home/ubuntu20/code/markdown/ros2_foxy/ros2_town/install/village_wang/share/ament_index/resource_index/packages/village_wang
[4.506s] -- Installing: /home/ubuntu20/code/markdown/ros2_foxy/ros2_town/install/village_wang/share/village_wang/cmake/village_wangConfig.cmake
[4.506s] -- Installing: /home/ubuntu20/code/markdown/ros2_foxy/ros2_town/install/village_wang/share/village_wang/cmake/village_wangConfig-version.cmake
[4.506s] -- Installing: /home/ubuntu20/code/markdown/ros2_foxy/ros2_town/install/village_wang/share/village_wang/package.xml
[4.507s] -- Installing: /home/ubuntu20/code/markdown/ros2_foxy/ros2_town/install/village_wang/lib/village_wang/wang1_node
[4.507s] -- Set runtime path of "/home/ubuntu20/code/markdown/ros2_foxy/ros2_town/install/village_wang/lib/village_wang/wang1_node" to ""
[4.507s] -- Installing: /home/ubuntu20/code/markdown/ros2_foxy/ros2_town/install/village_wang/lib/village_wang/wang2_node
[4.508s] -- Set runtime path of "/home/ubuntu20/code/markdown/ros2_foxy/ros2_town/install/village_wang/lib/village_wang/wang2_node" to ""
[4.508s] -- Installing: /home/ubuntu20/code/markdown/ros2_foxy/ros2_town/install/village_wang/lib/village_wang/wang3_node
[4.509s] -- Set runtime path of "/home/ubuntu20/code/markdown/ros2_foxy/ros2_town/install/village_wang/lib/village_wang/wang3_node" to ""
[4.510s] Invoked command in '/home/ubuntu20/code/markdown/ros2_foxy/ros2_town/build/village_wang' returned '0': CMAKE_PREFIX_PATH=/opt/ros/foxy /usr/bin/cmake --install /home/ubuntu20/code/markdown/ros2_foxy/ros2_town/build/village_wang
