[0.074s] DEBUG:colcon:Command line arguments: ['/usr/bin/colcon', 'build', '--packages-select', 'village_wang']
[0.074s] DEBUG:colcon:Parsed command line arguments: Namespace(allow_overriding=[], ament_cmake_args=None, base_paths=['.'], build_base='build', catkin_cmake_args=None, catkin_skip_building_tests=False, cmake_args=None, cmake_clean_cache=False, cmake_clean_first=False, cmake_force_configure=False, cmake_target=None, cmake_target_skip_unavailable=False, continue_on_error=False, event_handlers=None, executor='parallel', ignore_user_meta=False, install_base='install', log_base=None, log_level=None, main=<bound method BuildVerb.main of <colcon_core.verb.build.BuildVerb object at 0x7f247e6e04f0>>, merge_install=False, metas=['./colcon.meta'], packages_above=None, packages_above_and_dependencies=None, packages_above_depth=None, packages_end=None, packages_ignore=None, packages_ignore_regex=None, packages_select=['village_wang'], packages_select_build_failed=False, packages_select_by_dep=None, packages_select_regex=None, packages_select_test_failures=False, packages_skip=None, packages_skip_build_finished=False, packages_skip_by_dep=None, packages_skip_regex=None, packages_skip_test_passed=False, packages_skip_up_to=None, packages_start=None, packages_up_to=None, packages_up_to_regex=None, parallel_workers=32, paths=None, symlink_install=False, test_result_base=None, verb_extension=<colcon_core.verb.build.BuildVerb object at 0x7f247e6e04f0>, verb_name='build', verb_parser=<colcon_defaults.argument_parser.defaults.DefaultArgumentsDecorator object at 0x7f247e6e0a00>)
[0.127s] Level 1:colcon.colcon_core.package_discovery:discover_packages(colcon_meta) check parameters
[0.128s] Level 1:colcon.colcon_core.package_discovery:discover_packages(recursive) check parameters
[0.128s] Level 1:colcon.colcon_core.package_discovery:discover_packages(ignore) check parameters
[0.128s] Level 1:colcon.colcon_core.package_discovery:discover_packages(path) check parameters
[0.128s] Level 1:colcon.colcon_core.package_discovery:discover_packages(colcon_meta) discover
[0.128s] Level 1:colcon.colcon_core.package_discovery:discover_packages(recursive) discover
[0.128s] INFO:colcon.colcon_core.package_discovery:Crawling recursively for packages in '/home/ubuntu20/code/markdown/ros2_foxy/charpter4'
[0.128s] Level 1:colcon.colcon_core.package_identification:_identify(.) by extensions ['ignore', 'ignore_ament_install']
[0.128s] Level 1:colcon.colcon_core.package_identification:_identify(.) by extension 'ignore'
[0.128s] Level 1:colcon.colcon_core.package_identification:_identify(.) by extension 'ignore_ament_install'
[0.128s] Level 1:colcon.colcon_core.package_identification:_identify(.) by extensions ['colcon_pkg']
[0.128s] Level 1:colcon.colcon_core.package_identification:_identify(.) by extension 'colcon_pkg'
[0.128s] Level 1:colcon.colcon_core.package_identification:_identify(.) by extensions ['colcon_meta']
[0.128s] Level 1:colcon.colcon_core.package_identification:_identify(.) by extension 'colcon_meta'
[0.128s] Level 1:colcon.colcon_core.package_identification:_identify(.) by extensions ['ros']
[0.128s] Level 1:colcon.colcon_core.package_identification:_identify(.) by extension 'ros'
[0.133s] Level 1:colcon.colcon_core.package_identification:_identify(.) by extensions ['cmake', 'python']
[0.133s] Level 1:colcon.colcon_core.package_identification:_identify(.) by extension 'cmake'
[0.133s] Level 1:colcon.colcon_core.package_identification:_identify(.) by extension 'python'
[0.133s] Level 1:colcon.colcon_core.package_identification:_identify(.) by extensions ['python_setup_py']
[0.133s] Level 1:colcon.colcon_core.package_identification:_identify(.) by extension 'python_setup_py'
[0.133s] Level 1:colcon.colcon_core.package_identification:_identify(build) by extensions ['ignore', 'ignore_ament_install']
[0.133s] Level 1:colcon.colcon_core.package_identification:_identify(build) by extension 'ignore'
[0.133s] Level 1:colcon.colcon_core.package_identification:_identify(build) ignored
[0.133s] Level 1:colcon.colcon_core.package_identification:_identify(install) by extensions ['ignore', 'ignore_ament_install']
[0.133s] Level 1:colcon.colcon_core.package_identification:_identify(install) by extension 'ignore'
[0.133s] Level 1:colcon.colcon_core.package_identification:_identify(install) ignored
[0.133s] Level 1:colcon.colcon_core.package_identification:_identify(log) by extensions ['ignore', 'ignore_ament_install']
[0.133s] Level 1:colcon.colcon_core.package_identification:_identify(log) by extension 'ignore'
[0.133s] Level 1:colcon.colcon_core.package_identification:_identify(log) ignored
[0.133s] Level 1:colcon.colcon_core.package_identification:_identify(src) by extensions ['ignore', 'ignore_ament_install']
[0.133s] Level 1:colcon.colcon_core.package_identification:_identify(src) by extension 'ignore'
[0.133s] Level 1:colcon.colcon_core.package_identification:_identify(src) by extension 'ignore_ament_install'
[0.133s] Level 1:colcon.colcon_core.package_identification:_identify(src) by extensions ['colcon_pkg']
[0.133s] Level 1:colcon.colcon_core.package_identification:_identify(src) by extension 'colcon_pkg'
[0.133s] Level 1:colcon.colcon_core.package_identification:_identify(src) by extensions ['colcon_meta']
[0.133s] Level 1:colcon.colcon_core.package_identification:_identify(src) by extension 'colcon_meta'
[0.133s] Level 1:colcon.colcon_core.package_identification:_identify(src) by extensions ['ros']
[0.133s] Level 1:colcon.colcon_core.package_identification:_identify(src) by extension 'ros'
[0.133s] Level 1:colcon.colcon_core.package_identification:_identify(src) by extensions ['cmake', 'python']
[0.133s] Level 1:colcon.colcon_core.package_identification:_identify(src) by extension 'cmake'
[0.133s] Level 1:colcon.colcon_core.package_identification:_identify(src) by extension 'python'
[0.133s] Level 1:colcon.colcon_core.package_identification:_identify(src) by extensions ['python_setup_py']
[0.133s] Level 1:colcon.colcon_core.package_identification:_identify(src) by extension 'python_setup_py'
[0.134s] Level 1:colcon.colcon_core.package_identification:_identify(src/village_interfaces) by extensions ['ignore', 'ignore_ament_install']
[0.134s] Level 1:colcon.colcon_core.package_identification:_identify(src/village_interfaces) by extension 'ignore'
[0.134s] Level 1:colcon.colcon_core.package_identification:_identify(src/village_interfaces) by extension 'ignore_ament_install'
[0.134s] Level 1:colcon.colcon_core.package_identification:_identify(src/village_interfaces) by extensions ['colcon_pkg']
[0.134s] Level 1:colcon.colcon_core.package_identification:_identify(src/village_interfaces) by extension 'colcon_pkg'
[0.134s] Level 1:colcon.colcon_core.package_identification:_identify(src/village_interfaces) by extensions ['colcon_meta']
[0.134s] Level 1:colcon.colcon_core.package_identification:_identify(src/village_interfaces) by extension 'colcon_meta'
[0.134s] Level 1:colcon.colcon_core.package_identification:_identify(src/village_interfaces) by extensions ['ros']
[0.134s] Level 1:colcon.colcon_core.package_identification:_identify(src/village_interfaces) by extension 'ros'
[0.135s] DEBUG:colcon.colcon_core.package_identification:Package 'src/village_interfaces' with type 'ros.ament_cmake' and name 'village_interfaces'
[0.135s] Level 1:colcon.colcon_core.package_identification:_identify(src/village_li) by extensions ['ignore', 'ignore_ament_install']
[0.135s] Level 1:colcon.colcon_core.package_identification:_identify(src/village_li) by extension 'ignore'
[0.135s] Level 1:colcon.colcon_core.package_identification:_identify(src/village_li) by extension 'ignore_ament_install'
[0.135s] Level 1:colcon.colcon_core.package_identification:_identify(src/village_li) by extensions ['colcon_pkg']
[0.135s] Level 1:colcon.colcon_core.package_identification:_identify(src/village_li) by extension 'colcon_pkg'
[0.135s] Level 1:colcon.colcon_core.package_identification:_identify(src/village_li) by extensions ['colcon_meta']
[0.135s] Level 1:colcon.colcon_core.package_identification:_identify(src/village_li) by extension 'colcon_meta'
[0.135s] Level 1:colcon.colcon_core.package_identification:_identify(src/village_li) by extensions ['ros']
[0.135s] Level 1:colcon.colcon_core.package_identification:_identify(src/village_li) by extension 'ros'
[0.136s] DEBUG:colcon.colcon_core.package_identification:Package 'src/village_li' with type 'ros.ament_python' and name 'village_li'
[0.136s] Level 1:colcon.colcon_core.package_identification:_identify(src/village_wang) by extensions ['ignore', 'ignore_ament_install']
[0.136s] Level 1:colcon.colcon_core.package_identification:_identify(src/village_wang) by extension 'ignore'
[0.136s] Level 1:colcon.colcon_core.package_identification:_identify(src/village_wang) by extension 'ignore_ament_install'
[0.136s] Level 1:colcon.colcon_core.package_identification:_identify(src/village_wang) by extensions ['colcon_pkg']
[0.136s] Level 1:colcon.colcon_core.package_identification:_identify(src/village_wang) by extension 'colcon_pkg'
[0.136s] Level 1:colcon.colcon_core.package_identification:_identify(src/village_wang) by extensions ['colcon_meta']
[0.136s] Level 1:colcon.colcon_core.package_identification:_identify(src/village_wang) by extension 'colcon_meta'
[0.136s] Level 1:colcon.colcon_core.package_identification:_identify(src/village_wang) by extensions ['ros']
[0.136s] Level 1:colcon.colcon_core.package_identification:_identify(src/village_wang) by extension 'ros'
[0.136s] DEBUG:colcon.colcon_core.package_identification:Package 'src/village_wang' with type 'ros.ament_cmake' and name 'village_wang'
[0.136s] Level 1:colcon.colcon_core.package_identification:_identify(src/village_zhang) by extensions ['ignore', 'ignore_ament_install']
[0.136s] Level 1:colcon.colcon_core.package_identification:_identify(src/village_zhang) by extension 'ignore'
[0.136s] Level 1:colcon.colcon_core.package_identification:_identify(src/village_zhang) by extension 'ignore_ament_install'
[0.136s] Level 1:colcon.colcon_core.package_identification:_identify(src/village_zhang) by extensions ['colcon_pkg']
[0.136s] Level 1:colcon.colcon_core.package_identification:_identify(src/village_zhang) by extension 'colcon_pkg'
[0.136s] Level 1:colcon.colcon_core.package_identification:_identify(src/village_zhang) by extensions ['colcon_meta']
[0.136s] Level 1:colcon.colcon_core.package_identification:_identify(src/village_zhang) by extension 'colcon_meta'
[0.136s] Level 1:colcon.colcon_core.package_identification:_identify(src/village_zhang) by extensions ['ros']
[0.136s] Level 1:colcon.colcon_core.package_identification:_identify(src/village_zhang) by extension 'ros'
[0.137s] DEBUG:colcon.colcon_core.package_identification:Package 'src/village_zhang' with type 'ros.ament_cmake' and name 'village_zhang'
[0.137s] Level 1:colcon.colcon_core.package_discovery:discover_packages(recursive) using defaults
[0.137s] Level 1:colcon.colcon_core.package_discovery:discover_packages(ignore) discover
[0.137s] Level 1:colcon.colcon_core.package_discovery:discover_packages(ignore) using defaults
[0.137s] Level 1:colcon.colcon_core.package_discovery:discover_packages(path) discover
[0.137s] Level 1:colcon.colcon_core.package_discovery:discover_packages(path) using defaults
[0.144s] INFO:colcon.colcon_core.package_selection:Skipping not selected package 'village_interfaces' in 'src/village_interfaces'
[0.144s] INFO:colcon.colcon_core.package_selection:Skipping not selected package 'village_zhang' in 'src/village_zhang'
[0.144s] INFO:colcon.colcon_core.package_selection:Skipping not selected package 'village_li' in 'src/village_li'
[0.144s] Level 1:colcon.colcon_core.package_discovery:discover_packages(prefix_path) check parameters
[0.144s] Level 1:colcon.colcon_core.package_discovery:discover_packages(prefix_path) discover
[0.145s] DEBUG:colcon.colcon_installed_package_information.package_discovery:Found 3 installed packages in /home/ubuntu20/code/markdown/ros2_foxy/charpter4/install
[0.145s] DEBUG:colcon.colcon_installed_package_information.package_discovery:Found 288 installed packages in /opt/ros/foxy
[0.146s] Level 1:colcon.colcon_core.package_discovery:discover_packages(prefix_path) using defaults
[0.173s] Level 5:colcon.colcon_core.verb:set package 'village_wang' build argument 'cmake_args' from command line to 'None'
[0.173s] Level 5:colcon.colcon_core.verb:set package 'village_wang' build argument 'cmake_target' from command line to 'None'
[0.173s] Level 5:colcon.colcon_core.verb:set package 'village_wang' build argument 'cmake_target_skip_unavailable' from command line to 'False'
[0.173s] Level 5:colcon.colcon_core.verb:set package 'village_wang' build argument 'cmake_clean_cache' from command line to 'False'
[0.173s] Level 5:colcon.colcon_core.verb:set package 'village_wang' build argument 'cmake_clean_first' from command line to 'False'
[0.173s] Level 5:colcon.colcon_core.verb:set package 'village_wang' build argument 'cmake_force_configure' from command line to 'False'
[0.173s] Level 5:colcon.colcon_core.verb:set package 'village_wang' build argument 'ament_cmake_args' from command line to 'None'
[0.174s] Level 5:colcon.colcon_core.verb:set package 'village_wang' build argument 'catkin_cmake_args' from command line to 'None'
[0.174s] Level 5:colcon.colcon_core.verb:set package 'village_wang' build argument 'catkin_skip_building_tests' from command line to 'False'
[0.174s] DEBUG:colcon.colcon_core.verb:Building package 'village_wang' with the following arguments: {'ament_cmake_args': None, 'build_base': '/home/ubuntu20/code/markdown/ros2_foxy/charpter4/build/village_wang', 'catkin_cmake_args': None, 'catkin_skip_building_tests': False, 'cmake_args': None, 'cmake_clean_cache': False, 'cmake_clean_first': False, 'cmake_force_configure': False, 'cmake_target': None, 'cmake_target_skip_unavailable': False, 'install_base': '/home/ubuntu20/code/markdown/ros2_foxy/charpter4/install/village_wang', 'merge_install': False, 'path': '/home/ubuntu20/code/markdown/ros2_foxy/charpter4/src/village_wang', 'symlink_install': False, 'test_result_base': None}
[0.174s] INFO:colcon.colcon_core.executor:Executing jobs using 'parallel' executor
[0.174s] DEBUG:colcon.colcon_parallel_executor.executor.parallel:run_until_complete
[0.175s] INFO:colcon.colcon_ros.task.ament_cmake.build:Building ROS package in '/home/ubuntu20/code/markdown/ros2_foxy/charpter4/src/village_wang' with build type 'ament_cmake'
[0.175s] INFO:colcon.colcon_cmake.task.cmake.build:Building CMake package in '/home/ubuntu20/code/markdown/ros2_foxy/charpter4/src/village_wang'
[0.177s] INFO:colcon.colcon_core.plugin_system:Skipping extension 'colcon_core.shell.bat': Not used on non-Windows systems
[0.177s] INFO:colcon.colcon_core.shell:Skip shell extension 'powershell' for command environment: Not usable outside of PowerShell
[0.177s] DEBUG:colcon.colcon_core.shell:Skip shell extension 'dsv' for command environment
[0.185s] DEBUG:colcon.colcon_core.event_handler.log_command:Invoking command in '/home/ubuntu20/code/markdown/ros2_foxy/charpter4/build/village_wang': CMAKE_PREFIX_PATH=${CMAKE_PREFIX_PATH}:/home/ubuntu20/code/markdown/ros2_foxy/charpter4/install/village_li:/opt/ros/foxy /usr/bin/cmake --build /home/ubuntu20/code/markdown/ros2_foxy/charpter4/build/village_wang -- -j32 -l32
[0.227s] DEBUG:colcon.colcon_core.event_handler.log_command:Invoked command in '/home/ubuntu20/code/markdown/ros2_foxy/charpter4/build/village_wang' returned '0': CMAKE_PREFIX_PATH=${CMAKE_PREFIX_PATH}:/home/ubuntu20/code/markdown/ros2_foxy/charpter4/install/village_li:/opt/ros/foxy /usr/bin/cmake --build /home/ubuntu20/code/markdown/ros2_foxy/charpter4/build/village_wang -- -j32 -l32
[0.232s] DEBUG:colcon.colcon_core.event_handler.log_command:Invoking command in '/home/ubuntu20/code/markdown/ros2_foxy/charpter4/build/village_wang': CMAKE_PREFIX_PATH=${CMAKE_PREFIX_PATH}:/home/ubuntu20/code/markdown/ros2_foxy/charpter4/install/village_li:/opt/ros/foxy /usr/bin/cmake --install /home/ubuntu20/code/markdown/ros2_foxy/charpter4/build/village_wang
[0.237s] Level 1:colcon.colcon_core.environment:create_environment_scripts_only(village_wang)
[0.238s] DEBUG:colcon.colcon_core.event_handler.log_command:Invoked command in '/home/ubuntu20/code/markdown/ros2_foxy/charpter4/build/village_wang' returned '0': CMAKE_PREFIX_PATH=${CMAKE_PREFIX_PATH}:/home/ubuntu20/code/markdown/ros2_foxy/charpter4/install/village_li:/opt/ros/foxy /usr/bin/cmake --install /home/ubuntu20/code/markdown/ros2_foxy/charpter4/build/village_wang
[0.239s] Level 1:colcon.colcon_core.environment:checking '/home/ubuntu20/code/markdown/ros2_foxy/charpter4/install/village_wang' for CMake module files
[0.240s] Level 1:colcon.colcon_core.environment:checking '/home/ubuntu20/code/markdown/ros2_foxy/charpter4/install/village_wang' for CMake config files
[0.240s] Level 1:colcon.colcon_core.shell:create_environment_hook('village_wang', 'cmake_prefix_path')
[0.240s] INFO:colcon.colcon_core.shell:Creating environment hook '/home/ubuntu20/code/markdown/ros2_foxy/charpter4/install/village_wang/share/village_wang/hook/cmake_prefix_path.ps1'
[0.240s] INFO:colcon.colcon_core.shell:Creating environment descriptor '/home/ubuntu20/code/markdown/ros2_foxy/charpter4/install/village_wang/share/village_wang/hook/cmake_prefix_path.dsv'
[0.241s] INFO:colcon.colcon_core.shell:Creating environment hook '/home/ubuntu20/code/markdown/ros2_foxy/charpter4/install/village_wang/share/village_wang/hook/cmake_prefix_path.sh'
[0.242s] Level 1:colcon.colcon_core.environment:checking '/home/ubuntu20/code/markdown/ros2_foxy/charpter4/install/village_wang/lib'
[0.242s] Level 1:colcon.colcon_core.environment:checking '/home/ubuntu20/code/markdown/ros2_foxy/charpter4/install/village_wang/bin'
[0.242s] Level 1:colcon.colcon_core.environment:checking '/home/ubuntu20/code/markdown/ros2_foxy/charpter4/install/village_wang/lib/pkgconfig/village_wang.pc'
[0.242s] Level 1:colcon.colcon_core.environment:checking '/home/ubuntu20/code/markdown/ros2_foxy/charpter4/install/village_wang/lib/python3.8/site-packages'
[0.242s] Level 1:colcon.colcon_core.environment:checking '/home/ubuntu20/code/markdown/ros2_foxy/charpter4/install/village_wang/bin'
[0.242s] INFO:colcon.colcon_core.shell:Creating package script '/home/ubuntu20/code/markdown/ros2_foxy/charpter4/install/village_wang/share/village_wang/package.ps1'
[0.243s] INFO:colcon.colcon_core.shell:Creating package descriptor '/home/ubuntu20/code/markdown/ros2_foxy/charpter4/install/village_wang/share/village_wang/package.dsv'
[0.243s] INFO:colcon.colcon_core.shell:Creating package script '/home/ubuntu20/code/markdown/ros2_foxy/charpter4/install/village_wang/share/village_wang/package.sh'
[0.244s] INFO:colcon.colcon_core.shell:Creating package script '/home/ubuntu20/code/markdown/ros2_foxy/charpter4/install/village_wang/share/village_wang/package.bash'
[0.244s] INFO:colcon.colcon_core.shell:Creating package script '/home/ubuntu20/code/markdown/ros2_foxy/charpter4/install/village_wang/share/village_wang/package.zsh'
[0.245s] Level 1:colcon.colcon_core.environment:create_file_with_runtime_dependencies(/home/ubuntu20/code/markdown/ros2_foxy/charpter4/install/village_wang/share/colcon-core/packages/village_wang)
[0.245s] Level 1:colcon.colcon_core.environment:create_environment_scripts_only(village_wang)
[0.245s] Level 1:colcon.colcon_core.environment:checking '/home/ubuntu20/code/markdown/ros2_foxy/charpter4/install/village_wang' for CMake module files
[0.246s] Level 1:colcon.colcon_core.environment:checking '/home/ubuntu20/code/markdown/ros2_foxy/charpter4/install/village_wang' for CMake config files
[0.246s] Level 1:colcon.colcon_core.shell:create_environment_hook('village_wang', 'cmake_prefix_path')
[0.246s] INFO:colcon.colcon_core.shell:Creating environment hook '/home/ubuntu20/code/markdown/ros2_foxy/charpter4/install/village_wang/share/village_wang/hook/cmake_prefix_path.ps1'
[0.246s] INFO:colcon.colcon_core.shell:Creating environment descriptor '/home/ubuntu20/code/markdown/ros2_foxy/charpter4/install/village_wang/share/village_wang/hook/cmake_prefix_path.dsv'
[0.247s] INFO:colcon.colcon_core.shell:Creating environment hook '/home/ubuntu20/code/markdown/ros2_foxy/charpter4/install/village_wang/share/village_wang/hook/cmake_prefix_path.sh'
[0.247s] Level 1:colcon.colcon_core.environment:checking '/home/ubuntu20/code/markdown/ros2_foxy/charpter4/install/village_wang/lib'
[0.247s] Level 1:colcon.colcon_core.environment:checking '/home/ubuntu20/code/markdown/ros2_foxy/charpter4/install/village_wang/bin'
[0.247s] Level 1:colcon.colcon_core.environment:checking '/home/ubuntu20/code/markdown/ros2_foxy/charpter4/install/village_wang/lib/pkgconfig/village_wang.pc'
[0.247s] Level 1:colcon.colcon_core.environment:checking '/home/ubuntu20/code/markdown/ros2_foxy/charpter4/install/village_wang/lib/python3.8/site-packages'
[0.248s] Level 1:colcon.colcon_core.environment:checking '/home/ubuntu20/code/markdown/ros2_foxy/charpter4/install/village_wang/bin'
[0.248s] INFO:colcon.colcon_core.shell:Creating package script '/home/ubuntu20/code/markdown/ros2_foxy/charpter4/install/village_wang/share/village_wang/package.ps1'
[0.248s] INFO:colcon.colcon_core.shell:Creating package descriptor '/home/ubuntu20/code/markdown/ros2_foxy/charpter4/install/village_wang/share/village_wang/package.dsv'
[0.249s] INFO:colcon.colcon_core.shell:Creating package script '/home/ubuntu20/code/markdown/ros2_foxy/charpter4/install/village_wang/share/village_wang/package.sh'
[0.249s] INFO:colcon.colcon_core.shell:Creating package script '/home/ubuntu20/code/markdown/ros2_foxy/charpter4/install/village_wang/share/village_wang/package.bash'
[0.249s] INFO:colcon.colcon_core.shell:Creating package script '/home/ubuntu20/code/markdown/ros2_foxy/charpter4/install/village_wang/share/village_wang/package.zsh'
[0.250s] Level 1:colcon.colcon_core.environment:create_file_with_runtime_dependencies(/home/ubuntu20/code/markdown/ros2_foxy/charpter4/install/village_wang/share/colcon-core/packages/village_wang)
[0.250s] DEBUG:colcon.colcon_parallel_executor.executor.parallel:closing loop
[0.250s] DEBUG:colcon.colcon_parallel_executor.executor.parallel:loop closed
[0.251s] DEBUG:colcon.colcon_parallel_executor.executor.parallel:run_until_complete finished with '0'
[0.251s] DEBUG:colcon.colcon_core.event_reactor:joining thread
[0.254s] INFO:colcon.colcon_core.plugin_system:Skipping extension 'colcon_notification.desktop_notification.terminal_notifier': Not used on non-Darwin systems
[0.254s] INFO:colcon.colcon_core.plugin_system:Skipping extension 'colcon_notification.desktop_notification.win32': Not used on non-Windows systems
[0.254s] INFO:colcon.colcon_notification.desktop_notification:Sending desktop notification using 'notify2'
[0.264s] DEBUG:colcon.colcon_core.event_reactor:joined thread
[0.264s] INFO:colcon.colcon_core.shell:Creating prefix script '/home/ubuntu20/code/markdown/ros2_foxy/charpter4/install/local_setup.ps1'
[0.265s] INFO:colcon.colcon_core.shell:Creating prefix util module '/home/ubuntu20/code/markdown/ros2_foxy/charpter4/install/_local_setup_util_ps1.py'
[0.266s] INFO:colcon.colcon_core.shell:Creating prefix chain script '/home/ubuntu20/code/markdown/ros2_foxy/charpter4/install/setup.ps1'
[0.266s] INFO:colcon.colcon_core.shell:Creating prefix script '/home/ubuntu20/code/markdown/ros2_foxy/charpter4/install/local_setup.sh'
[0.267s] INFO:colcon.colcon_core.shell:Creating prefix util module '/home/ubuntu20/code/markdown/ros2_foxy/charpter4/install/_local_setup_util_sh.py'
[0.267s] INFO:colcon.colcon_core.shell:Creating prefix chain script '/home/ubuntu20/code/markdown/ros2_foxy/charpter4/install/setup.sh'
[0.268s] INFO:colcon.colcon_core.shell:Creating prefix script '/home/ubuntu20/code/markdown/ros2_foxy/charpter4/install/local_setup.bash'
[0.269s] INFO:colcon.colcon_core.shell:Creating prefix chain script '/home/ubuntu20/code/markdown/ros2_foxy/charpter4/install/setup.bash'
[0.269s] INFO:colcon.colcon_core.shell:Creating prefix script '/home/ubuntu20/code/markdown/ros2_foxy/charpter4/install/local_setup.zsh'
[0.270s] INFO:colcon.colcon_core.shell:Creating prefix chain script '/home/ubuntu20/code/markdown/ros2_foxy/charpter4/install/setup.zsh'
