[0.010s] Invoking command in '/home/ubuntu20/code/markdown/ros2_foxy/charpter4/build/village_wang': CMAKE_PREFIX_PATH=${CMAKE_PREFIX_PATH}:/home/ubuntu20/code/markdown/ros2_foxy/charpter4/install/village_li:/opt/ros/foxy /usr/bin/cmake --build /home/ubuntu20/code/markdown/ros2_foxy/charpter4/build/village_wang -- -j32 -l32
[0.043s] [100%] Built target wang2_node
[0.051s] Invoked command in '/home/ubuntu20/code/markdown/ros2_foxy/charpter4/build/village_wang' returned '0': CMAKE_PREFIX_PATH=${CMAKE_PREFIX_PATH}:/home/ubuntu20/code/markdown/ros2_foxy/charpter4/install/village_li:/opt/ros/foxy /usr/bin/cmake --build /home/ubuntu20/code/markdown/ros2_foxy/charpter4/build/village_wang -- -j32 -l32
[0.057s] Invoking command in '/home/ubuntu20/code/markdown/ros2_foxy/charpter4/build/village_wang': CMAKE_PREFIX_PATH=${CMAKE_PREFIX_PATH}:/home/ubuntu20/code/markdown/ros2_foxy/charpter4/install/village_li:/opt/ros/foxy /usr/bin/cmake --install /home/ubuntu20/code/markdown/ros2_foxy/charpter4/build/village_wang
[0.060s] -- Install configuration: ""
[0.061s] -- Up-to-date: /home/ubuntu20/code/markdown/ros2_foxy/charpter4/install/village_wang/share/ament_index/resource_index/package_run_dependencies/village_wang
[0.061s] -- Up-to-date: /home/ubuntu20/code/markdown/ros2_foxy/charpter4/install/village_wang/share/ament_index/resource_index/parent_prefix_path/village_wang
[0.061s] -- Up-to-date: /home/ubuntu20/code/markdown/ros2_foxy/charpter4/install/village_wang/share/village_wang/environment/ament_prefix_path.sh
[0.061s] -- Up-to-date: /home/ubuntu20/code/markdown/ros2_foxy/charpter4/install/village_wang/share/village_wang/environment/ament_prefix_path.dsv
[0.061s] -- Up-to-date: /home/ubuntu20/code/markdown/ros2_foxy/charpter4/install/village_wang/share/village_wang/environment/path.sh
[0.061s] -- Up-to-date: /home/ubuntu20/code/markdown/ros2_foxy/charpter4/install/village_wang/share/village_wang/environment/path.dsv
[0.061s] -- Up-to-date: /home/ubuntu20/code/markdown/ros2_foxy/charpter4/install/village_wang/share/village_wang/local_setup.bash
[0.061s] -- Up-to-date: /home/ubuntu20/code/markdown/ros2_foxy/charpter4/install/village_wang/share/village_wang/local_setup.sh
[0.061s] -- Up-to-date: /home/ubuntu20/code/markdown/ros2_foxy/charpter4/install/village_wang/share/village_wang/local_setup.zsh
[0.061s] -- Up-to-date: /home/ubuntu20/code/markdown/ros2_foxy/charpter4/install/village_wang/share/village_wang/local_setup.dsv
[0.061s] -- Installing: /home/ubuntu20/code/markdown/ros2_foxy/charpter4/install/village_wang/share/village_wang/package.dsv
[0.061s] -- Up-to-date: /home/ubuntu20/code/markdown/ros2_foxy/charpter4/install/village_wang/share/ament_index/resource_index/packages/village_wang
[0.061s] -- Up-to-date: /home/ubuntu20/code/markdown/ros2_foxy/charpter4/install/village_wang/share/village_wang/cmake/village_wangConfig.cmake
[0.061s] -- Up-to-date: /home/ubuntu20/code/markdown/ros2_foxy/charpter4/install/village_wang/share/village_wang/cmake/village_wangConfig-version.cmake
[0.061s] -- Up-to-date: /home/ubuntu20/code/markdown/ros2_foxy/charpter4/install/village_wang/share/village_wang/package.xml
[0.061s] -- Up-to-date: /home/ubuntu20/code/markdown/ros2_foxy/charpter4/install/village_wang/lib/village_wang/wang2_node
[0.062s] Invoked command in '/home/ubuntu20/code/markdown/ros2_foxy/charpter4/build/village_wang' returned '0': CMAKE_PREFIX_PATH=${CMAKE_PREFIX_PATH}:/home/ubuntu20/code/markdown/ros2_foxy/charpter4/install/village_li:/opt/ros/foxy /usr/bin/cmake --install /home/ubuntu20/code/markdown/ros2_foxy/charpter4/build/village_wang
