[0.009s] Invoking command in '/home/ubuntu20/code/markdown/ros2_foxy/charpter4/build/village_wang': CMAKE_PREFIX_PATH=${CMAKE_PREFIX_PATH}:/home/ubuntu20/code/markdown/ros2_foxy/charpter4/install/village_li:/opt/ros/foxy /usr/bin/cmake /home/ubuntu20/code/markdown/ros2_foxy/charpter4/src/village_wang -DCMAKE_INSTALL_PREFIX=/home/ubuntu20/code/markdown/ros2_foxy/charpter4/install/village_wang
[0.042s] -- The C compiler identification is GNU 9.4.0
[0.068s] -- The CXX compiler identification is GNU 9.4.0
[0.070s] -- Check for working C compiler: /usr/bin/cc
[0.111s] -- Check for working C compiler: /usr/bin/cc -- works
[0.111s] -- Detecting C compiler ABI info
[0.154s] -- Detecting C compiler ABI info - done
[0.158s] -- Detecting C compile features
[0.158s] -- Detecting C compile features - done
[0.159s] -- Check for working CXX compiler: /usr/bin/c++
[0.203s] -- Check for working CXX compiler: /usr/bin/c++ -- works
[0.204s] -- Detecting CXX compiler ABI info
[0.250s] -- Detecting CXX compiler ABI info - done
[0.255s] -- Detecting CXX compile features
[0.255s] -- Detecting CXX compile features - done
[0.256s] -- Found ament_cmake: 0.9.12 (/opt/ros/foxy/share/ament_cmake/cmake)
[0.269s] -- Found PythonInterp: /usr/bin/python3 (found suitable version "3.8.10", minimum required is "3") 
[0.269s] -- Using PYTHON_EXECUTABLE: /usr/bin/python3
[0.346s] -- Found rclcpp: 2.4.3 (/opt/ros/foxy/share/rclcpp/cmake)
[0.366s] -- Using all available rosidl_typesupport_c: rosidl_typesupport_fastrtps_c;rosidl_typesupport_introspection_c
[0.368s] -- Found rosidl_adapter: 1.3.1 (/opt/ros/foxy/share/rosidl_adapter/cmake)
[0.418s] -- Found OpenSSL: /usr/lib/x86_64-linux-gnu/libcrypto.so (found version "1.1.1f")  
[0.432s] -- Found FastRTPS: /opt/ros/foxy/include  
[0.469s] -- Using all available rosidl_typesupport_cpp: rosidl_typesupport_fastrtps_cpp;rosidl_typesupport_introspection_cpp
[0.491s] -- Found rmw_implementation_cmake: 1.0.4 (/opt/ros/foxy/share/rmw_implementation_cmake/cmake)
[0.492s] -- Using RMW implementation 'rmw_fastrtps_cpp' as default
[0.492s] -- Looking for pthread.h
[0.536s] -- Looking for pthread.h - found
[0.537s] -- Performing Test CMAKE_HAVE_LIBC_PTHREAD
[0.580s] -- Performing Test CMAKE_HAVE_LIBC_PTHREAD - Failed
[0.580s] -- Looking for pthread_create in pthreads
[0.617s] -- Looking for pthread_create in pthreads - not found
[0.617s] -- Looking for pthread_create in pthread
[0.657s] -- Looking for pthread_create in pthread - found
[0.658s] -- Found Threads: TRUE  
[0.718s] -- Found village_interfaces: 0.0.0 (/home/ubuntu20/code/markdown/ros2_foxy/charpter4/install/village_interfaces/share/village_interfaces/cmake)
[0.812s] -- Found ament_lint_auto: 0.9.8 (/opt/ros/foxy/share/ament_lint_auto/cmake)
[0.846s] -- Added test 'copyright' to check source files copyright and LICENSE
[0.846s] -- Added test 'cppcheck' to perform static code analysis on C / C++ code
[0.846s] -- Configured cppcheck include dirs: 
[0.846s] -- Configured cppcheck exclude dirs and/or files: 
[0.847s] -- Added test 'cpplint' to check C / C++ code against the Google style
[0.847s] -- Configured cpplint exclude dirs and/or files: 
[0.847s] -- Added test 'lint_cmake' to check CMake code style
[0.848s] -- Added test 'uncrustify' to check C / C++ code style
[0.848s] -- Configured uncrustify additional arguments: 
[0.848s] -- Added test 'xmllint' to check XML markup files
[0.850s] -- Configuring done
[0.855s] -- Generating done
[0.857s] -- Build files have been written to: /home/ubuntu20/code/markdown/ros2_foxy/charpter4/build/village_wang
[0.864s] Invoked command in '/home/ubuntu20/code/markdown/ros2_foxy/charpter4/build/village_wang' returned '0': CMAKE_PREFIX_PATH=${CMAKE_PREFIX_PATH}:/home/ubuntu20/code/markdown/ros2_foxy/charpter4/install/village_li:/opt/ros/foxy /usr/bin/cmake /home/ubuntu20/code/markdown/ros2_foxy/charpter4/src/village_wang -DCMAKE_INSTALL_PREFIX=/home/ubuntu20/code/markdown/ros2_foxy/charpter4/install/village_wang
[0.866s] Invoking command in '/home/ubuntu20/code/markdown/ros2_foxy/charpter4/build/village_wang': CMAKE_PREFIX_PATH=${CMAKE_PREFIX_PATH}:/home/ubuntu20/code/markdown/ros2_foxy/charpter4/install/village_li:/opt/ros/foxy /usr/bin/cmake --build /home/ubuntu20/code/markdown/ros2_foxy/charpter4/build/village_wang -- -j32 -l32
[0.890s] [35m[1mScanning dependencies of target wang2_node[0m
[0.907s] [ 50%] [32mBuilding CXX object CMakeFiles/wang2_node.dir/src/wang2.cpp.o[0m
[3.716s] [100%] [32m[1mLinking CXX executable wang2_node[0m
[3.825s] [100%] Built target wang2_node
[3.834s] Invoked command in '/home/ubuntu20/code/markdown/ros2_foxy/charpter4/build/village_wang' returned '0': CMAKE_PREFIX_PATH=${CMAKE_PREFIX_PATH}:/home/ubuntu20/code/markdown/ros2_foxy/charpter4/install/village_li:/opt/ros/foxy /usr/bin/cmake --build /home/ubuntu20/code/markdown/ros2_foxy/charpter4/build/village_wang -- -j32 -l32
[3.840s] Invoking command in '/home/ubuntu20/code/markdown/ros2_foxy/charpter4/build/village_wang': CMAKE_PREFIX_PATH=${CMAKE_PREFIX_PATH}:/home/ubuntu20/code/markdown/ros2_foxy/charpter4/install/village_li:/opt/ros/foxy /usr/bin/cmake --install /home/ubuntu20/code/markdown/ros2_foxy/charpter4/build/village_wang
[3.843s] -- Install configuration: ""
[3.844s] -- Installing: /home/ubuntu20/code/markdown/ros2_foxy/charpter4/install/village_wang/share/ament_index/resource_index/package_run_dependencies/village_wang
[3.844s] -- Installing: /home/ubuntu20/code/markdown/ros2_foxy/charpter4/install/village_wang/share/ament_index/resource_index/parent_prefix_path/village_wang
[3.844s] -- Installing: /home/ubuntu20/code/markdown/ros2_foxy/charpter4/install/village_wang/share/village_wang/environment/ament_prefix_path.sh
[3.844s] -- Installing: /home/ubuntu20/code/markdown/ros2_foxy/charpter4/install/village_wang/share/village_wang/environment/ament_prefix_path.dsv
[3.844s] -- Installing: /home/ubuntu20/code/markdown/ros2_foxy/charpter4/install/village_wang/share/village_wang/environment/path.sh
[3.844s] -- Installing: /home/ubuntu20/code/markdown/ros2_foxy/charpter4/install/village_wang/share/village_wang/environment/path.dsv
[3.845s] -- Installing: /home/ubuntu20/code/markdown/ros2_foxy/charpter4/install/village_wang/share/village_wang/local_setup.bash
[3.845s] -- Installing: /home/ubuntu20/code/markdown/ros2_foxy/charpter4/install/village_wang/share/village_wang/local_setup.sh
[3.845s] -- Installing: /home/ubuntu20/code/markdown/ros2_foxy/charpter4/install/village_wang/share/village_wang/local_setup.zsh
[3.845s] -- Installing: /home/ubuntu20/code/markdown/ros2_foxy/charpter4/install/village_wang/share/village_wang/local_setup.dsv
[3.845s] -- Installing: /home/ubuntu20/code/markdown/ros2_foxy/charpter4/install/village_wang/share/village_wang/package.dsv
[3.845s] -- Installing: /home/ubuntu20/code/markdown/ros2_foxy/charpter4/install/village_wang/share/ament_index/resource_index/packages/village_wang
[3.845s] -- Installing: /home/ubuntu20/code/markdown/ros2_foxy/charpter4/install/village_wang/share/village_wang/cmake/village_wangConfig.cmake
[3.845s] -- Installing: /home/ubuntu20/code/markdown/ros2_foxy/charpter4/install/village_wang/share/village_wang/cmake/village_wangConfig-version.cmake
[3.845s] -- Installing: /home/ubuntu20/code/markdown/ros2_foxy/charpter4/install/village_wang/share/village_wang/package.xml
[3.845s] -- Installing: /home/ubuntu20/code/markdown/ros2_foxy/charpter4/install/village_wang/lib/village_wang/wang2_node
[3.846s] -- Set runtime path of "/home/ubuntu20/code/markdown/ros2_foxy/charpter4/install/village_wang/lib/village_wang/wang2_node" to ""
[3.848s] Invoked command in '/home/ubuntu20/code/markdown/ros2_foxy/charpter4/build/village_wang' returned '0': CMAKE_PREFIX_PATH=${CMAKE_PREFIX_PATH}:/home/ubuntu20/code/markdown/ros2_foxy/charpter4/install/village_li:/opt/ros/foxy /usr/bin/cmake --install /home/ubuntu20/code/markdown/ros2_foxy/charpter4/build/village_wang
