[0.011s] Invoking command in '/home/ubuntu20/code/markdown/ros2_foxy/ros2_town/build/village_interfaces': CMAKE_PREFIX_PATH=/opt/ros/foxy /usr/bin/cmake /home/ubuntu20/code/markdown/ros2_foxy/ros2_town/src/village_interfaces -DCMAKE_INSTALL_PREFIX=/home/ubuntu20/code/markdown/ros2_foxy/ros2_town/install/village_interfaces
[0.091s] -- The C compiler identification is GNU 9.4.0
[0.141s] -- The CXX compiler identification is GNU 9.4.0
[0.148s] -- Check for working C compiler: /usr/bin/cc
[0.189s] -- Check for working C compiler: /usr/bin/cc -- works
[0.190s] -- Detecting C compiler ABI info
[0.232s] -- Detecting C compiler ABI info - done
[0.237s] -- Detecting C compile features
[0.237s] -- Detecting C compile features - done
[0.240s] -- Check for working CXX compiler: /usr/bin/c++
[0.284s] -- Check for working CXX compiler: /usr/bin/c++ -- works
[0.285s] -- Detecting CXX compiler ABI info
[0.330s] -- Detecting CXX compiler ABI info - done
[0.334s] -- Detecting CXX compile features
[0.335s] -- Detecting CXX compile features - done
[0.336s] -- Found ament_cmake: 0.9.12 (/opt/ros/foxy/share/ament_cmake/cmake)
[0.353s] -- Found PythonInterp: /usr/bin/python3 (found suitable version "3.8.10", minimum required is "3") 
[0.353s] -- Using PYTHON_EXECUTABLE: /usr/bin/python3
[0.449s] -- Found sensor_msgs: 2.0.5 (/opt/ros/foxy/share/sensor_msgs/cmake)
[0.470s] -- Using all available rosidl_typesupport_c: rosidl_typesupport_fastrtps_c;rosidl_typesupport_introspection_c
[0.475s] -- Found rosidl_adapter: 1.3.1 (/opt/ros/foxy/share/rosidl_adapter/cmake)
[0.532s] -- Found OpenSSL: /usr/lib/x86_64-linux-gnu/libcrypto.so (found version "1.1.1f")  
[0.548s] -- Found FastRTPS: /opt/ros/foxy/include  
[0.595s] -- Using all available rosidl_typesupport_cpp: rosidl_typesupport_fastrtps_cpp;rosidl_typesupport_introspection_cpp
[0.684s] -- Found rosidl_default_generators: 1.0.1 (/opt/ros/foxy/share/rosidl_default_generators/cmake)
[0.700s] -- Found PythonInterp: /usr/bin/python3 (found version "3.8.10") 
[0.790s] -- Found ament_cmake_ros: 0.9.2 (/opt/ros/foxy/share/ament_cmake_ros/cmake)
[0.923s] -- Using all available rosidl_typesupport_c: rosidl_typesupport_fastrtps_c;rosidl_typesupport_introspection_c
[0.986s] -- Using all available rosidl_typesupport_cpp: rosidl_typesupport_fastrtps_cpp;rosidl_typesupport_introspection_cpp
[1.001s] -- Found PythonInterp: /usr/bin/python3 (found suitable version "3.8.10", minimum required is "3.5") 
[1.002s] -- Found python_cmake_module: 0.8.1 (/opt/ros/foxy/share/python_cmake_module/cmake)
[1.019s] -- Found PythonLibs: /usr/lib/x86_64-linux-gnu/libpython3.8.so (found suitable version "3.8.10", minimum required is "3.5") 
[1.019s] -- Using PYTHON_EXECUTABLE: /usr/bin/python3
[1.019s] -- Using PYTHON_INCLUDE_DIRS: /usr/include/python3.8
[1.019s] -- Using PYTHON_LIBRARIES: /usr/lib/x86_64-linux-gnu/libpython3.8.so
[1.030s] -- Found PythonExtra: .so  
[1.073s] -- Found ament_lint_auto: 0.9.8 (/opt/ros/foxy/share/ament_lint_auto/cmake)
[1.085s] -- Added test 'copyright' to check source files copyright and LICENSE
[1.086s] -- Added test 'lint_cmake' to check CMake code style
[1.086s] -- Added test 'xmllint' to check XML markup files
[1.089s] -- Configuring done
[1.142s] -- Generating done
[1.155s] -- Build files have been written to: /home/ubuntu20/code/markdown/ros2_foxy/ros2_town/build/village_interfaces
[1.163s] Invoked command in '/home/ubuntu20/code/markdown/ros2_foxy/ros2_town/build/village_interfaces' returned '0': CMAKE_PREFIX_PATH=/opt/ros/foxy /usr/bin/cmake /home/ubuntu20/code/markdown/ros2_foxy/ros2_town/src/village_interfaces -DCMAKE_INSTALL_PREFIX=/home/ubuntu20/code/markdown/ros2_foxy/ros2_town/install/village_interfaces
[1.165s] Invoking command in '/home/ubuntu20/code/markdown/ros2_foxy/ros2_town/build/village_interfaces': CMAKE_PREFIX_PATH=/opt/ros/foxy /usr/bin/cmake --build /home/ubuntu20/code/markdown/ros2_foxy/ros2_town/build/village_interfaces -- -j32 -l32
[1.200s] [  2%] [34m[1mGenerating C code for ROS interfaces[0m
[1.202s] [35m[1mScanning dependencies of target village_interfaces__cpp[0m
[1.211s] [  4%] [34m[1mGenerating C++ code for ROS interfaces[0m
[1.458s] [  4%] Built target village_interfaces__cpp
[1.464s] [35m[1mScanning dependencies of target village_interfaces__rosidl_generator_c[0m
[1.465s] [  6%] [34m[1mGenerating C++ type support dispatch for ROS interfaces[0m
[1.467s] [  8%] [34m[1mGenerating C++ type support for eProsima Fast-RTPS[0m
[1.473s] [ 10%] [32mBuilding C object CMakeFiles/village_interfaces__rosidl_generator_c.dir/rosidl_generator_c/village_interfaces/msg/detail/novel__functions.c.o[0m
[1.473s] [ 12%] [32mBuilding C object CMakeFiles/village_interfaces__rosidl_generator_c.dir/rosidl_generator_c/village_interfaces/srv/detail/borrow_money__functions.c.o[0m
[1.474s] [ 14%] [34m[1mGenerating C++ introspection for ROS interfaces[0m
[1.485s] [ 17%] [32mBuilding C object CMakeFiles/village_interfaces__rosidl_generator_c.dir/rosidl_generator_c/village_interfaces/srv/detail/sell_novel__functions.c.o[0m
[1.550s] [ 19%] [32m[1mLinking C shared library libvillage_interfaces__rosidl_generator_c.so[0m
[1.642s] [ 19%] Built target village_interfaces__rosidl_generator_c
[1.647s] [35m[1mScanning dependencies of target village_interfaces__rosidl_typesupport_cpp[0m
[1.649s] [ 23%] [34m[1mGenerating C type support dispatch for ROS interfaces[0m
[1.649s] [ 23%] [34m[1mGenerating C introspection for ROS interfaces[0m
[1.657s] [ 25%] [32mBuilding CXX object CMakeFiles/village_interfaces__rosidl_typesupport_cpp.dir/rosidl_typesupport_cpp/village_interfaces/msg/novel__type_support.cpp.o[0m
[1.661s] [ 27%] [32mBuilding CXX object CMakeFiles/village_interfaces__rosidl_typesupport_cpp.dir/rosidl_typesupport_cpp/village_interfaces/srv/borrow_money__type_support.cpp.o[0m
[1.661s] [ 29%] [32mBuilding CXX object CMakeFiles/village_interfaces__rosidl_typesupport_cpp.dir/rosidl_typesupport_cpp/village_interfaces/srv/sell_novel__type_support.cpp.o[0m
[1.684s] [35m[1mScanning dependencies of target village_interfaces__rosidl_typesupport_introspection_cpp[0m
[1.693s] [ 31%] [32mBuilding CXX object CMakeFiles/village_interfaces__rosidl_typesupport_introspection_cpp.dir/rosidl_typesupport_introspection_cpp/village_interfaces/msg/detail/novel__type_support.cpp.o[0m
[1.697s] [ 34%] [32mBuilding CXX object CMakeFiles/village_interfaces__rosidl_typesupport_introspection_cpp.dir/rosidl_typesupport_introspection_cpp/village_interfaces/srv/detail/sell_novel__type_support.cpp.o[0m
[1.699s] [35m[1mScanning dependencies of target village_interfaces__rosidl_typesupport_fastrtps_cpp[0m
[1.700s] [ 36%] [32mBuilding CXX object CMakeFiles/village_interfaces__rosidl_typesupport_introspection_cpp.dir/rosidl_typesupport_introspection_cpp/village_interfaces/srv/detail/borrow_money__type_support.cpp.o[0m
[1.713s] [ 38%] [32mBuilding CXX object CMakeFiles/village_interfaces__rosidl_typesupport_fastrtps_cpp.dir/rosidl_typesupport_fastrtps_cpp/village_interfaces/srv/detail/dds_fastrtps/borrow_money__type_support.cpp.o[0m
[1.715s] [ 40%] [32mBuilding CXX object CMakeFiles/village_interfaces__rosidl_typesupport_fastrtps_cpp.dir/rosidl_typesupport_fastrtps_cpp/village_interfaces/msg/detail/dds_fastrtps/novel__type_support.cpp.o[0m
[1.718s] [ 42%] [32mBuilding CXX object CMakeFiles/village_interfaces__rosidl_typesupport_fastrtps_cpp.dir/rosidl_typesupport_fastrtps_cpp/village_interfaces/srv/detail/dds_fastrtps/sell_novel__type_support.cpp.o[0m
[1.847s] [35m[1mScanning dependencies of target village_interfaces__rosidl_typesupport_c[0m
[1.860s] [ 44%] [32mBuilding CXX object CMakeFiles/village_interfaces__rosidl_typesupport_c.dir/rosidl_typesupport_c/village_interfaces/msg/novel__type_support.cpp.o[0m
[1.861s] [ 46%] [32mBuilding CXX object CMakeFiles/village_interfaces__rosidl_typesupport_c.dir/rosidl_typesupport_c/village_interfaces/srv/sell_novel__type_support.cpp.o[0m
[1.862s] [ 48%] [32mBuilding CXX object CMakeFiles/village_interfaces__rosidl_typesupport_c.dir/rosidl_typesupport_c/village_interfaces/srv/borrow_money__type_support.cpp.o[0m
[1.896s] [35m[1mScanning dependencies of target village_interfaces__rosidl_typesupport_introspection_c[0m
[1.909s] [ 51%] [32mBuilding C object CMakeFiles/village_interfaces__rosidl_typesupport_introspection_c.dir/rosidl_typesupport_introspection_c/village_interfaces/srv/detail/borrow_money__type_support.c.o[0m
[1.910s] [ 53%] [32mBuilding C object CMakeFiles/village_interfaces__rosidl_typesupport_introspection_c.dir/rosidl_typesupport_introspection_c/village_interfaces/srv/detail/sell_novel__type_support.c.o[0m
[1.910s] [ 55%] [32mBuilding C object CMakeFiles/village_interfaces__rosidl_typesupport_introspection_c.dir/rosidl_typesupport_introspection_c/village_interfaces/msg/detail/novel__type_support.c.o[0m
[1.911s] [ 57%] [32m[1mLinking CXX shared library libvillage_interfaces__rosidl_typesupport_c.so[0m
[1.971s] [ 57%] Built target village_interfaces__rosidl_typesupport_c
[1.972s] [ 59%] [32m[1mLinking C shared library libvillage_interfaces__rosidl_typesupport_introspection_c.so[0m
[2.022s] [ 59%] Built target village_interfaces__rosidl_typesupport_introspection_c
[2.095s] [ 61%] [32m[1mLinking CXX shared library libvillage_interfaces__rosidl_typesupport_cpp.so[0m
[2.124s] [ 61%] Built target village_interfaces__rosidl_typesupport_cpp
[2.130s] [ 63%] [32m[1mLinking CXX shared library libvillage_interfaces__rosidl_typesupport_introspection_cpp.so[0m
[2.175s] [ 63%] Built target village_interfaces__rosidl_typesupport_introspection_cpp
[2.194s] [ 65%] [32m[1mLinking CXX shared library libvillage_interfaces__rosidl_typesupport_fastrtps_cpp.so[0m
[2.249s] [ 65%] Built target village_interfaces__rosidl_typesupport_fastrtps_cpp
[2.257s] [ 68%] [34m[1mGenerating C type support for eProsima Fast-RTPS[0m
[2.405s] [35m[1mScanning dependencies of target village_interfaces__rosidl_typesupport_fastrtps_c[0m
[2.420s] [ 70%] [32mBuilding CXX object CMakeFiles/village_interfaces__rosidl_typesupport_fastrtps_c.dir/rosidl_typesupport_fastrtps_c/village_interfaces/srv/detail/borrow_money__type_support_c.cpp.o[0m
[2.425s] [ 72%] [32mBuilding CXX object CMakeFiles/village_interfaces__rosidl_typesupport_fastrtps_c.dir/rosidl_typesupport_fastrtps_c/village_interfaces/msg/detail/novel__type_support_c.cpp.o[0m
[2.428s] [ 74%] [32mBuilding CXX object CMakeFiles/village_interfaces__rosidl_typesupport_fastrtps_c.dir/rosidl_typesupport_fastrtps_c/village_interfaces/srv/detail/sell_novel__type_support_c.cpp.o[0m
[2.662s] [ 76%] [32m[1mLinking CXX shared library libvillage_interfaces__rosidl_typesupport_fastrtps_c.so[0m
[2.710s] [ 76%] Built target village_interfaces__rosidl_typesupport_fastrtps_c
[2.717s] [35m[1mScanning dependencies of target village_interfaces[0m
[2.725s] [ 76%] Built target village_interfaces
[2.732s] [35m[1mScanning dependencies of target village_interfaces__py[0m
[2.739s] [ 78%] [34m[1mGenerating Python code for ROS interfaces[0m
[3.081s] [ 78%] Built target village_interfaces__py
[3.088s] [35m[1mScanning dependencies of target village_interfaces__python[0m
[3.101s] [ 82%] [32mBuilding C object CMakeFiles/village_interfaces__python.dir/rosidl_generator_py/village_interfaces/srv/_sell_novel_s.c.o[0m
[3.101s] [ 85%] [32mBuilding C object CMakeFiles/village_interfaces__python.dir/rosidl_generator_py/village_interfaces/msg/_novel_s.c.o[0m
[3.101s] [ 82%] [32mBuilding C object CMakeFiles/village_interfaces__python.dir/rosidl_generator_py/village_interfaces/srv/_borrow_money_s.c.o[0m
[3.147s] [ 87%] [32m[1mLinking C shared library rosidl_generator_py/village_interfaces/libvillage_interfaces__python.so[0m
[3.176s] [ 87%] Built target village_interfaces__python
[3.183s] [35m[1mScanning dependencies of target village_interfaces__rosidl_typesupport_introspection_c__pyext[0m
[3.183s] [35m[1mScanning dependencies of target village_interfaces__rosidl_typesupport_c__pyext[0m
[3.183s] [35m[1mScanning dependencies of target village_interfaces__rosidl_typesupport_fastrtps_c__pyext[0m
[3.194s] [ 93%] [32mBuilding C object CMakeFiles/village_interfaces__rosidl_typesupport_c__pyext.dir/rosidl_generator_py/village_interfaces/_village_interfaces_s.ep.rosidl_typesupport_c.c.o[0m
[3.194s] [ 93%] [32mBuilding C object CMakeFiles/village_interfaces__rosidl_typesupport_fastrtps_c__pyext.dir/rosidl_generator_py/village_interfaces/_village_interfaces_s.ep.rosidl_typesupport_fastrtps_c.c.o[0m
[3.194s] [ 93%] [32mBuilding C object CMakeFiles/village_interfaces__rosidl_typesupport_introspection_c__pyext.dir/rosidl_generator_py/village_interfaces/_village_interfaces_s.ep.rosidl_typesupport_introspection_c.c.o[0m
[3.239s] [100%] [32m[1mLinking CXX shared library rosidl_generator_py/village_interfaces/village_interfaces_s__rosidl_typesupport_fastrtps_c.cpython-38-x86_64-linux-gnu.so[0m
[3.239s] [100%] [32m[1mLinking C shared library rosidl_generator_py/village_interfaces/village_interfaces_s__rosidl_typesupport_c.cpython-38-x86_64-linux-gnu.so[0m
[3.239s] [100%] [32m[1mLinking C shared library rosidl_generator_py/village_interfaces/village_interfaces_s__rosidl_typesupport_introspection_c.cpython-38-x86_64-linux-gnu.so[0m
[3.263s] [100%] Built target village_interfaces__rosidl_typesupport_introspection_c__pyext
[3.263s] [100%] Built target village_interfaces__rosidl_typesupport_c__pyext
[3.275s] [100%] Built target village_interfaces__rosidl_typesupport_fastrtps_c__pyext
[3.285s] Invoked command in '/home/ubuntu20/code/markdown/ros2_foxy/ros2_town/build/village_interfaces' returned '0': CMAKE_PREFIX_PATH=/opt/ros/foxy /usr/bin/cmake --build /home/ubuntu20/code/markdown/ros2_foxy/ros2_town/build/village_interfaces -- -j32 -l32
[3.293s] Invoking command in '/home/ubuntu20/code/markdown/ros2_foxy/ros2_town/build/village_interfaces': CMAKE_PREFIX_PATH=/opt/ros/foxy /usr/bin/cmake --install /home/ubuntu20/code/markdown/ros2_foxy/ros2_town/build/village_interfaces
[3.299s] -- Install configuration: ""
[3.299s] -- Installing: /home/ubuntu20/code/markdown/ros2_foxy/ros2_town/install/village_interfaces/share/ament_index/resource_index/rosidl_interfaces/village_interfaces
[3.299s] -- Installing: /home/ubuntu20/code/markdown/ros2_foxy/ros2_town/install/village_interfaces/include/village_interfaces
[3.299s] -- Installing: /home/ubuntu20/code/markdown/ros2_foxy/ros2_town/install/village_interfaces/include/village_interfaces/srv
[3.300s] -- Installing: /home/ubuntu20/code/markdown/ros2_foxy/ros2_town/install/village_interfaces/include/village_interfaces/srv/detail
[3.300s] -- Installing: /home/ubuntu20/code/markdown/ros2_foxy/ros2_town/install/village_interfaces/include/village_interfaces/srv/detail/sell_novel__struct.h
[3.300s] -- Installing: /home/ubuntu20/code/markdown/ros2_foxy/ros2_town/install/village_interfaces/include/village_interfaces/srv/detail/borrow_money__functions.h
[3.300s] -- Installing: /home/ubuntu20/code/markdown/ros2_foxy/ros2_town/install/village_interfaces/include/village_interfaces/srv/detail/borrow_money__functions.c
[3.300s] -- Installing: /home/ubuntu20/code/markdown/ros2_foxy/ros2_town/install/village_interfaces/include/village_interfaces/srv/detail/borrow_money__type_support.h
[3.300s] -- Installing: /home/ubuntu20/code/markdown/ros2_foxy/ros2_town/install/village_interfaces/include/village_interfaces/srv/detail/sell_novel__functions.h
[3.300s] -- Installing: /home/ubuntu20/code/markdown/ros2_foxy/ros2_town/install/village_interfaces/include/village_interfaces/srv/detail/sell_novel__type_support.h
[3.300s] -- Installing: /home/ubuntu20/code/markdown/ros2_foxy/ros2_town/install/village_interfaces/include/village_interfaces/srv/detail/sell_novel__functions.c
[3.300s] -- Installing: /home/ubuntu20/code/markdown/ros2_foxy/ros2_town/install/village_interfaces/include/village_interfaces/srv/detail/borrow_money__struct.h
[3.300s] -- Installing: /home/ubuntu20/code/markdown/ros2_foxy/ros2_town/install/village_interfaces/include/village_interfaces/srv/borrow_money.h
[3.300s] -- Installing: /home/ubuntu20/code/markdown/ros2_foxy/ros2_town/install/village_interfaces/include/village_interfaces/srv/sell_novel.h
[3.300s] -- Installing: /home/ubuntu20/code/markdown/ros2_foxy/ros2_town/install/village_interfaces/include/village_interfaces/msg
[3.300s] -- Installing: /home/ubuntu20/code/markdown/ros2_foxy/ros2_town/install/village_interfaces/include/village_interfaces/msg/detail
[3.300s] -- Installing: /home/ubuntu20/code/markdown/ros2_foxy/ros2_town/install/village_interfaces/include/village_interfaces/msg/detail/novel__functions.h
[3.300s] -- Installing: /home/ubuntu20/code/markdown/ros2_foxy/ros2_town/install/village_interfaces/include/village_interfaces/msg/detail/novel__struct.h
[3.300s] -- Installing: /home/ubuntu20/code/markdown/ros2_foxy/ros2_town/install/village_interfaces/include/village_interfaces/msg/detail/novel__type_support.h
[3.301s] -- Installing: /home/ubuntu20/code/markdown/ros2_foxy/ros2_town/install/village_interfaces/include/village_interfaces/msg/detail/novel__functions.c
[3.301s] -- Installing: /home/ubuntu20/code/markdown/ros2_foxy/ros2_town/install/village_interfaces/include/village_interfaces/msg/rosidl_generator_c__visibility_control.h
[3.301s] -- Installing: /home/ubuntu20/code/markdown/ros2_foxy/ros2_town/install/village_interfaces/include/village_interfaces/msg/novel.h
[3.301s] -- Installing: /home/ubuntu20/code/markdown/ros2_foxy/ros2_town/install/village_interfaces/share/village_interfaces/environment/library_path.sh
[3.301s] -- Installing: /home/ubuntu20/code/markdown/ros2_foxy/ros2_town/install/village_interfaces/share/village_interfaces/environment/library_path.dsv
[3.301s] -- Installing: /home/ubuntu20/code/markdown/ros2_foxy/ros2_town/install/village_interfaces/lib/libvillage_interfaces__rosidl_generator_c.so
[3.301s] -- Set runtime path of "/home/ubuntu20/code/markdown/ros2_foxy/ros2_town/install/village_interfaces/lib/libvillage_interfaces__rosidl_generator_c.so" to ""
[3.301s] -- Up-to-date: /home/ubuntu20/code/markdown/ros2_foxy/ros2_town/install/village_interfaces/include/village_interfaces
[3.301s] -- Up-to-date: /home/ubuntu20/code/markdown/ros2_foxy/ros2_town/install/village_interfaces/include/village_interfaces/srv
[3.301s] -- Up-to-date: /home/ubuntu20/code/markdown/ros2_foxy/ros2_town/install/village_interfaces/include/village_interfaces/srv/detail
[3.301s] -- Installing: /home/ubuntu20/code/markdown/ros2_foxy/ros2_town/install/village_interfaces/include/village_interfaces/srv/detail/borrow_money__rosidl_typesupport_fastrtps_c.h
[3.301s] -- Installing: /home/ubuntu20/code/markdown/ros2_foxy/ros2_town/install/village_interfaces/include/village_interfaces/srv/detail/sell_novel__rosidl_typesupport_fastrtps_c.h
[3.301s] -- Up-to-date: /home/ubuntu20/code/markdown/ros2_foxy/ros2_town/install/village_interfaces/include/village_interfaces/msg
[3.301s] -- Installing: /home/ubuntu20/code/markdown/ros2_foxy/ros2_town/install/village_interfaces/include/village_interfaces/msg/rosidl_typesupport_fastrtps_c__visibility_control.h
[3.301s] -- Up-to-date: /home/ubuntu20/code/markdown/ros2_foxy/ros2_town/install/village_interfaces/include/village_interfaces/msg/detail
[3.302s] -- Installing: /home/ubuntu20/code/markdown/ros2_foxy/ros2_town/install/village_interfaces/include/village_interfaces/msg/detail/novel__rosidl_typesupport_fastrtps_c.h
[3.302s] -- Installing: /home/ubuntu20/code/markdown/ros2_foxy/ros2_town/install/village_interfaces/lib/libvillage_interfaces__rosidl_typesupport_fastrtps_c.so
[3.302s] -- Set runtime path of "/home/ubuntu20/code/markdown/ros2_foxy/ros2_town/install/village_interfaces/lib/libvillage_interfaces__rosidl_typesupport_fastrtps_c.so" to ""
[3.302s] -- Up-to-date: /home/ubuntu20/code/markdown/ros2_foxy/ros2_town/install/village_interfaces/include/village_interfaces
[3.302s] -- Up-to-date: /home/ubuntu20/code/markdown/ros2_foxy/ros2_town/install/village_interfaces/include/village_interfaces/srv
[3.302s] -- Up-to-date: /home/ubuntu20/code/markdown/ros2_foxy/ros2_town/install/village_interfaces/include/village_interfaces/srv/detail
[3.302s] -- Installing: /home/ubuntu20/code/markdown/ros2_foxy/ros2_town/install/village_interfaces/include/village_interfaces/srv/detail/borrow_money__rosidl_typesupport_fastrtps_cpp.hpp
[3.302s] -- Installing: /home/ubuntu20/code/markdown/ros2_foxy/ros2_town/install/village_interfaces/include/village_interfaces/srv/detail/sell_novel__rosidl_typesupport_fastrtps_cpp.hpp
[3.302s] -- Installing: /home/ubuntu20/code/markdown/ros2_foxy/ros2_town/install/village_interfaces/include/village_interfaces/srv/detail/dds_fastrtps
[3.302s] -- Up-to-date: /home/ubuntu20/code/markdown/ros2_foxy/ros2_town/install/village_interfaces/include/village_interfaces/msg
[3.302s] -- Up-to-date: /home/ubuntu20/code/markdown/ros2_foxy/ros2_town/install/village_interfaces/include/village_interfaces/msg/detail
[3.302s] -- Installing: /home/ubuntu20/code/markdown/ros2_foxy/ros2_town/install/village_interfaces/include/village_interfaces/msg/detail/dds_fastrtps
[3.302s] -- Installing: /home/ubuntu20/code/markdown/ros2_foxy/ros2_town/install/village_interfaces/include/village_interfaces/msg/detail/novel__rosidl_typesupport_fastrtps_cpp.hpp
[3.302s] -- Installing: /home/ubuntu20/code/markdown/ros2_foxy/ros2_town/install/village_interfaces/include/village_interfaces/msg/rosidl_typesupport_fastrtps_cpp__visibility_control.h
[3.302s] -- Installing: /home/ubuntu20/code/markdown/ros2_foxy/ros2_town/install/village_interfaces/lib/libvillage_interfaces__rosidl_typesupport_fastrtps_cpp.so
[3.302s] -- Set runtime path of "/home/ubuntu20/code/markdown/ros2_foxy/ros2_town/install/village_interfaces/lib/libvillage_interfaces__rosidl_typesupport_fastrtps_cpp.so" to ""
[3.302s] -- Up-to-date: /home/ubuntu20/code/markdown/ros2_foxy/ros2_town/install/village_interfaces/include/village_interfaces
[3.302s] -- Up-to-date: /home/ubuntu20/code/markdown/ros2_foxy/ros2_town/install/village_interfaces/include/village_interfaces/srv
[3.303s] -- Up-to-date: /home/ubuntu20/code/markdown/ros2_foxy/ros2_town/install/village_interfaces/include/village_interfaces/srv/detail
[3.303s] -- Installing: /home/ubuntu20/code/markdown/ros2_foxy/ros2_town/install/village_interfaces/include/village_interfaces/srv/detail/sell_novel__rosidl_typesupport_introspection_c.h
[3.303s] -- Installing: /home/ubuntu20/code/markdown/ros2_foxy/ros2_town/install/village_interfaces/include/village_interfaces/srv/detail/sell_novel__type_support.c
[3.303s] -- Installing: /home/ubuntu20/code/markdown/ros2_foxy/ros2_town/install/village_interfaces/include/village_interfaces/srv/detail/borrow_money__type_support.c
[3.303s] -- Installing: /home/ubuntu20/code/markdown/ros2_foxy/ros2_town/install/village_interfaces/include/village_interfaces/srv/detail/borrow_money__rosidl_typesupport_introspection_c.h
[3.303s] -- Up-to-date: /home/ubuntu20/code/markdown/ros2_foxy/ros2_town/install/village_interfaces/include/village_interfaces/msg
[3.303s] -- Up-to-date: /home/ubuntu20/code/markdown/ros2_foxy/ros2_town/install/village_interfaces/include/village_interfaces/msg/detail
[3.303s] -- Installing: /home/ubuntu20/code/markdown/ros2_foxy/ros2_town/install/village_interfaces/include/village_interfaces/msg/detail/novel__type_support.c
[3.304s] -- Installing: /home/ubuntu20/code/markdown/ros2_foxy/ros2_town/install/village_interfaces/include/village_interfaces/msg/detail/novel__rosidl_typesupport_introspection_c.h
[3.304s] -- Installing: /home/ubuntu20/code/markdown/ros2_foxy/ros2_town/install/village_interfaces/include/village_interfaces/msg/rosidl_typesupport_introspection_c__visibility_control.h
[3.304s] -- Installing: /home/ubuntu20/code/markdown/ros2_foxy/ros2_town/install/village_interfaces/lib/libvillage_interfaces__rosidl_typesupport_introspection_c.so
[3.304s] -- Set runtime path of "/home/ubuntu20/code/markdown/ros2_foxy/ros2_town/install/village_interfaces/lib/libvillage_interfaces__rosidl_typesupport_introspection_c.so" to ""
[3.304s] -- Installing: /home/ubuntu20/code/markdown/ros2_foxy/ros2_town/install/village_interfaces/lib/libvillage_interfaces__rosidl_typesupport_c.so
[3.304s] -- Set runtime path of "/home/ubuntu20/code/markdown/ros2_foxy/ros2_town/install/village_interfaces/lib/libvillage_interfaces__rosidl_typesupport_c.so" to ""
[3.304s] -- Up-to-date: /home/ubuntu20/code/markdown/ros2_foxy/ros2_town/install/village_interfaces/include/village_interfaces
[3.304s] -- Up-to-date: /home/ubuntu20/code/markdown/ros2_foxy/ros2_town/install/village_interfaces/include/village_interfaces/srv
[3.305s] -- Installing: /home/ubuntu20/code/markdown/ros2_foxy/ros2_town/install/village_interfaces/include/village_interfaces/srv/borrow_money.hpp
[3.305s] -- Up-to-date: /home/ubuntu20/code/markdown/ros2_foxy/ros2_town/install/village_interfaces/include/village_interfaces/srv/detail
[3.305s] -- Installing: /home/ubuntu20/code/markdown/ros2_foxy/ros2_town/install/village_interfaces/include/village_interfaces/srv/detail/borrow_money__struct.hpp
[3.305s] -- Installing: /home/ubuntu20/code/markdown/ros2_foxy/ros2_town/install/village_interfaces/include/village_interfaces/srv/detail/borrow_money__type_support.hpp
[3.305s] -- Installing: /home/ubuntu20/code/markdown/ros2_foxy/ros2_town/install/village_interfaces/include/village_interfaces/srv/detail/sell_novel__traits.hpp
[3.305s] -- Installing: /home/ubuntu20/code/markdown/ros2_foxy/ros2_town/install/village_interfaces/include/village_interfaces/srv/detail/borrow_money__builder.hpp
[3.305s] -- Installing: /home/ubuntu20/code/markdown/ros2_foxy/ros2_town/install/village_interfaces/include/village_interfaces/srv/detail/sell_novel__builder.hpp
[3.305s] -- Installing: /home/ubuntu20/code/markdown/ros2_foxy/ros2_town/install/village_interfaces/include/village_interfaces/srv/detail/borrow_money__traits.hpp
[3.305s] -- Installing: /home/ubuntu20/code/markdown/ros2_foxy/ros2_town/install/village_interfaces/include/village_interfaces/srv/detail/sell_novel__struct.hpp
[3.305s] -- Installing: /home/ubuntu20/code/markdown/ros2_foxy/ros2_town/install/village_interfaces/include/village_interfaces/srv/detail/sell_novel__type_support.hpp
[3.305s] -- Installing: /home/ubuntu20/code/markdown/ros2_foxy/ros2_town/install/village_interfaces/include/village_interfaces/srv/sell_novel.hpp
[3.305s] -- Up-to-date: /home/ubuntu20/code/markdown/ros2_foxy/ros2_town/install/village_interfaces/include/village_interfaces/msg
[3.306s] -- Installing: /home/ubuntu20/code/markdown/ros2_foxy/ros2_town/install/village_interfaces/include/village_interfaces/msg/rosidl_generator_cpp__visibility_control.hpp
[3.306s] -- Installing: /home/ubuntu20/code/markdown/ros2_foxy/ros2_town/install/village_interfaces/include/village_interfaces/msg/novel.hpp
[3.306s] -- Up-to-date: /home/ubuntu20/code/markdown/ros2_foxy/ros2_town/install/village_interfaces/include/village_interfaces/msg/detail
[3.306s] -- Installing: /home/ubuntu20/code/markdown/ros2_foxy/ros2_town/install/village_interfaces/include/village_interfaces/msg/detail/novel__type_support.hpp
[3.306s] -- Installing: /home/ubuntu20/code/markdown/ros2_foxy/ros2_town/install/village_interfaces/include/village_interfaces/msg/detail/novel__traits.hpp
[3.306s] -- Installing: /home/ubuntu20/code/markdown/ros2_foxy/ros2_town/install/village_interfaces/include/village_interfaces/msg/detail/novel__struct.hpp
[3.306s] -- Installing: /home/ubuntu20/code/markdown/ros2_foxy/ros2_town/install/village_interfaces/include/village_interfaces/msg/detail/novel__builder.hpp
[3.306s] -- Up-to-date: /home/ubuntu20/code/markdown/ros2_foxy/ros2_town/install/village_interfaces/include/village_interfaces
[3.306s] -- Up-to-date: /home/ubuntu20/code/markdown/ros2_foxy/ros2_town/install/village_interfaces/include/village_interfaces/srv
[3.306s] -- Up-to-date: /home/ubuntu20/code/markdown/ros2_foxy/ros2_town/install/village_interfaces/include/village_interfaces/srv/detail
[3.306s] -- Installing: /home/ubuntu20/code/markdown/ros2_foxy/ros2_town/install/village_interfaces/include/village_interfaces/srv/detail/sell_novel__rosidl_typesupport_introspection_cpp.hpp
[3.307s] -- Installing: /home/ubuntu20/code/markdown/ros2_foxy/ros2_town/install/village_interfaces/include/village_interfaces/srv/detail/borrow_money__type_support.cpp
[3.307s] -- Installing: /home/ubuntu20/code/markdown/ros2_foxy/ros2_town/install/village_interfaces/include/village_interfaces/srv/detail/sell_novel__type_support.cpp
[3.307s] -- Installing: /home/ubuntu20/code/markdown/ros2_foxy/ros2_town/install/village_interfaces/include/village_interfaces/srv/detail/borrow_money__rosidl_typesupport_introspection_cpp.hpp
[3.307s] -- Up-to-date: /home/ubuntu20/code/markdown/ros2_foxy/ros2_town/install/village_interfaces/include/village_interfaces/msg
[3.307s] -- Up-to-date: /home/ubuntu20/code/markdown/ros2_foxy/ros2_town/install/village_interfaces/include/village_interfaces/msg/detail
[3.307s] -- Installing: /home/ubuntu20/code/markdown/ros2_foxy/ros2_town/install/village_interfaces/include/village_interfaces/msg/detail/novel__rosidl_typesupport_introspection_cpp.hpp
[3.307s] -- Installing: /home/ubuntu20/code/markdown/ros2_foxy/ros2_town/install/village_interfaces/include/village_interfaces/msg/detail/novel__type_support.cpp
[3.307s] -- Installing: /home/ubuntu20/code/markdown/ros2_foxy/ros2_town/install/village_interfaces/lib/libvillage_interfaces__rosidl_typesupport_introspection_cpp.so
[3.307s] -- Set runtime path of "/home/ubuntu20/code/markdown/ros2_foxy/ros2_town/install/village_interfaces/lib/libvillage_interfaces__rosidl_typesupport_introspection_cpp.so" to ""
[3.307s] -- Installing: /home/ubuntu20/code/markdown/ros2_foxy/ros2_town/install/village_interfaces/lib/libvillage_interfaces__rosidl_typesupport_cpp.so
[3.307s] -- Set runtime path of "/home/ubuntu20/code/markdown/ros2_foxy/ros2_town/install/village_interfaces/lib/libvillage_interfaces__rosidl_typesupport_cpp.so" to ""
[3.307s] -- Installing: /home/ubuntu20/code/markdown/ros2_foxy/ros2_town/install/village_interfaces/share/village_interfaces/environment/pythonpath.sh
[3.307s] -- Installing: /home/ubuntu20/code/markdown/ros2_foxy/ros2_town/install/village_interfaces/share/village_interfaces/environment/pythonpath.dsv
[3.307s] -- Installing: /home/ubuntu20/code/markdown/ros2_foxy/ros2_town/install/village_interfaces/lib/python3.8/site-packages/village_interfaces/__init__.py
[3.323s] Compiling '/home/ubuntu20/code/markdown/ros2_foxy/ros2_town/install/village_interfaces/lib/python3.8/site-packages/village_interfaces/__init__.py'...
[3.325s] -- Installing: /home/ubuntu20/code/markdown/ros2_foxy/ros2_town/install/village_interfaces/lib/python3.8/site-packages/village_interfaces/msg
[3.325s] -- Installing: /home/ubuntu20/code/markdown/ros2_foxy/ros2_town/install/village_interfaces/lib/python3.8/site-packages/village_interfaces/msg/_novel_s.c
[3.325s] -- Installing: /home/ubuntu20/code/markdown/ros2_foxy/ros2_town/install/village_interfaces/lib/python3.8/site-packages/village_interfaces/msg/_novel.py
[3.325s] -- Installing: /home/ubuntu20/code/markdown/ros2_foxy/ros2_town/install/village_interfaces/lib/python3.8/site-packages/village_interfaces/msg/__init__.py
[3.325s] -- Installing: /home/ubuntu20/code/markdown/ros2_foxy/ros2_town/install/village_interfaces/lib/python3.8/site-packages/village_interfaces/srv
[3.325s] -- Installing: /home/ubuntu20/code/markdown/ros2_foxy/ros2_town/install/village_interfaces/lib/python3.8/site-packages/village_interfaces/srv/_sell_novel.py
[3.325s] -- Installing: /home/ubuntu20/code/markdown/ros2_foxy/ros2_town/install/village_interfaces/lib/python3.8/site-packages/village_interfaces/srv/_borrow_money.py
[3.325s] -- Installing: /home/ubuntu20/code/markdown/ros2_foxy/ros2_town/install/village_interfaces/lib/python3.8/site-packages/village_interfaces/srv/__init__.py
[3.325s] -- Installing: /home/ubuntu20/code/markdown/ros2_foxy/ros2_town/install/village_interfaces/lib/python3.8/site-packages/village_interfaces/srv/_borrow_money_s.c
[3.325s] -- Installing: /home/ubuntu20/code/markdown/ros2_foxy/ros2_town/install/village_interfaces/lib/python3.8/site-packages/village_interfaces/srv/_sell_novel_s.c
[3.326s] -- Installing: /home/ubuntu20/code/markdown/ros2_foxy/ros2_town/install/village_interfaces/lib/python3.8/site-packages/village_interfaces/village_interfaces_s__rosidl_typesupport_fastrtps_c.cpython-38-x86_64-linux-gnu.so
[3.326s] -- Set runtime path of "/home/ubuntu20/code/markdown/ros2_foxy/ros2_town/install/village_interfaces/lib/python3.8/site-packages/village_interfaces/village_interfaces_s__rosidl_typesupport_fastrtps_c.cpython-38-x86_64-linux-gnu.so" to ""
[3.326s] -- Installing: /home/ubuntu20/code/markdown/ros2_foxy/ros2_town/install/village_interfaces/lib/python3.8/site-packages/village_interfaces/village_interfaces_s__rosidl_typesupport_introspection_c.cpython-38-x86_64-linux-gnu.so
[3.326s] -- Set runtime path of "/home/ubuntu20/code/markdown/ros2_foxy/ros2_town/install/village_interfaces/lib/python3.8/site-packages/village_interfaces/village_interfaces_s__rosidl_typesupport_introspection_c.cpython-38-x86_64-linux-gnu.so" to ""
[3.327s] -- Installing: /home/ubuntu20/code/markdown/ros2_foxy/ros2_town/install/village_interfaces/lib/python3.8/site-packages/village_interfaces/village_interfaces_s__rosidl_typesupport_c.cpython-38-x86_64-linux-gnu.so
[3.327s] -- Set runtime path of "/home/ubuntu20/code/markdown/ros2_foxy/ros2_town/install/village_interfaces/lib/python3.8/site-packages/village_interfaces/village_interfaces_s__rosidl_typesupport_c.cpython-38-x86_64-linux-gnu.so" to ""
[3.327s] -- Installing: /home/ubuntu20/code/markdown/ros2_foxy/ros2_town/install/village_interfaces/lib/libvillage_interfaces__python.so
[3.327s] -- Set runtime path of "/home/ubuntu20/code/markdown/ros2_foxy/ros2_town/install/village_interfaces/lib/libvillage_interfaces__python.so" to ""
[3.328s] -- Installing: /home/ubuntu20/code/markdown/ros2_foxy/ros2_town/install/village_interfaces/share/village_interfaces/msg/Novel.idl
[3.328s] -- Installing: /home/ubuntu20/code/markdown/ros2_foxy/ros2_town/install/village_interfaces/share/village_interfaces/srv/BorrowMoney.idl
[3.328s] -- Installing: /home/ubuntu20/code/markdown/ros2_foxy/ros2_town/install/village_interfaces/share/village_interfaces/srv/SellNovel.idl
[3.328s] -- Installing: /home/ubuntu20/code/markdown/ros2_foxy/ros2_town/install/village_interfaces/share/village_interfaces/msg/Novel.msg
[3.328s] -- Installing: /home/ubuntu20/code/markdown/ros2_foxy/ros2_town/install/village_interfaces/share/village_interfaces/srv/BorrowMoney.srv
[3.328s] -- Installing: /home/ubuntu20/code/markdown/ros2_foxy/ros2_town/install/village_interfaces/share/village_interfaces/srv/BorrowMoney_Request.msg
[3.328s] -- Installing: /home/ubuntu20/code/markdown/ros2_foxy/ros2_town/install/village_interfaces/share/village_interfaces/srv/BorrowMoney_Response.msg
[3.328s] -- Installing: /home/ubuntu20/code/markdown/ros2_foxy/ros2_town/install/village_interfaces/share/village_interfaces/srv/SellNovel.srv
[3.328s] -- Installing: /home/ubuntu20/code/markdown/ros2_foxy/ros2_town/install/village_interfaces/share/village_interfaces/srv/SellNovel_Request.msg
[3.328s] -- Installing: /home/ubuntu20/code/markdown/ros2_foxy/ros2_town/install/village_interfaces/share/village_interfaces/srv/SellNovel_Response.msg
[3.328s] -- Installing: /home/ubuntu20/code/markdown/ros2_foxy/ros2_town/install/village_interfaces/share/ament_index/resource_index/package_run_dependencies/village_interfaces
[3.329s] -- Installing: /home/ubuntu20/code/markdown/ros2_foxy/ros2_town/install/village_interfaces/share/ament_index/resource_index/parent_prefix_path/village_interfaces
[3.329s] -- Installing: /home/ubuntu20/code/markdown/ros2_foxy/ros2_town/install/village_interfaces/share/village_interfaces/environment/ament_prefix_path.sh
[3.329s] -- Installing: /home/ubuntu20/code/markdown/ros2_foxy/ros2_town/install/village_interfaces/share/village_interfaces/environment/ament_prefix_path.dsv
[3.329s] -- Installing: /home/ubuntu20/code/markdown/ros2_foxy/ros2_town/install/village_interfaces/share/village_interfaces/environment/path.sh
[3.329s] -- Installing: /home/ubuntu20/code/markdown/ros2_foxy/ros2_town/install/village_interfaces/share/village_interfaces/environment/path.dsv
[3.329s] -- Installing: /home/ubuntu20/code/markdown/ros2_foxy/ros2_town/install/village_interfaces/share/village_interfaces/local_setup.bash
[3.329s] -- Installing: /home/ubuntu20/code/markdown/ros2_foxy/ros2_town/install/village_interfaces/share/village_interfaces/local_setup.sh
[3.329s] -- Installing: /home/ubuntu20/code/markdown/ros2_foxy/ros2_town/install/village_interfaces/share/village_interfaces/local_setup.zsh
[3.329s] -- Installing: /home/ubuntu20/code/markdown/ros2_foxy/ros2_town/install/village_interfaces/share/village_interfaces/local_setup.dsv
[3.330s] -- Installing: /home/ubuntu20/code/markdown/ros2_foxy/ros2_town/install/village_interfaces/share/village_interfaces/package.dsv
[3.330s] -- Installing: /home/ubuntu20/code/markdown/ros2_foxy/ros2_town/install/village_interfaces/share/ament_index/resource_index/packages/village_interfaces
[3.330s] -- Installing: /home/ubuntu20/code/markdown/ros2_foxy/ros2_town/install/village_interfaces/share/village_interfaces/cmake/village_interfaces__rosidl_generator_cExport.cmake
[3.330s] -- Installing: /home/ubuntu20/code/markdown/ros2_foxy/ros2_town/install/village_interfaces/share/village_interfaces/cmake/village_interfaces__rosidl_generator_cExport-noconfig.cmake
[3.330s] -- Installing: /home/ubuntu20/code/markdown/ros2_foxy/ros2_town/install/village_interfaces/share/village_interfaces/cmake/village_interfaces__rosidl_typesupport_introspection_cExport.cmake
[3.330s] -- Installing: /home/ubuntu20/code/markdown/ros2_foxy/ros2_town/install/village_interfaces/share/village_interfaces/cmake/village_interfaces__rosidl_typesupport_introspection_cExport-noconfig.cmake
[3.330s] -- Installing: /home/ubuntu20/code/markdown/ros2_foxy/ros2_town/install/village_interfaces/share/village_interfaces/cmake/village_interfaces__rosidl_typesupport_cExport.cmake
[3.331s] -- Installing: /home/ubuntu20/code/markdown/ros2_foxy/ros2_town/install/village_interfaces/share/village_interfaces/cmake/village_interfaces__rosidl_typesupport_cExport-noconfig.cmake
[3.331s] -- Installing: /home/ubuntu20/code/markdown/ros2_foxy/ros2_town/install/village_interfaces/share/village_interfaces/cmake/village_interfaces__rosidl_generator_cppExport.cmake
[3.332s] -- Installing: /home/ubuntu20/code/markdown/ros2_foxy/ros2_town/install/village_interfaces/share/village_interfaces/cmake/village_interfaces__rosidl_typesupport_introspection_cppExport.cmake
[3.332s] -- Installing: /home/ubuntu20/code/markdown/ros2_foxy/ros2_town/install/village_interfaces/share/village_interfaces/cmake/village_interfaces__rosidl_typesupport_introspection_cppExport-noconfig.cmake
[3.332s] -- Installing: /home/ubuntu20/code/markdown/ros2_foxy/ros2_town/install/village_interfaces/share/village_interfaces/cmake/village_interfaces__rosidl_typesupport_cppExport.cmake
[3.332s] -- Installing: /home/ubuntu20/code/markdown/ros2_foxy/ros2_town/install/village_interfaces/share/village_interfaces/cmake/village_interfaces__rosidl_typesupport_cppExport-noconfig.cmake
[3.332s] -- Installing: /home/ubuntu20/code/markdown/ros2_foxy/ros2_town/install/village_interfaces/share/village_interfaces/cmake/rosidl_cmake-extras.cmake
[3.332s] -- Installing: /home/ubuntu20/code/markdown/ros2_foxy/ros2_town/install/village_interfaces/share/village_interfaces/cmake/ament_cmake_export_dependencies-extras.cmake
[3.332s] -- Installing: /home/ubuntu20/code/markdown/ros2_foxy/ros2_town/install/village_interfaces/share/village_interfaces/cmake/ament_cmake_export_libraries-extras.cmake
[3.332s] -- Installing: /home/ubuntu20/code/markdown/ros2_foxy/ros2_town/install/village_interfaces/share/village_interfaces/cmake/ament_cmake_export_targets-extras.cmake
[3.332s] -- Installing: /home/ubuntu20/code/markdown/ros2_foxy/ros2_town/install/village_interfaces/share/village_interfaces/cmake/ament_cmake_export_include_directories-extras.cmake
[3.332s] -- Installing: /home/ubuntu20/code/markdown/ros2_foxy/ros2_town/install/village_interfaces/share/village_interfaces/cmake/rosidl_cmake_export_typesupport_libraries-extras.cmake
[3.332s] -- Installing: /home/ubuntu20/code/markdown/ros2_foxy/ros2_town/install/village_interfaces/share/village_interfaces/cmake/rosidl_cmake_export_typesupport_targets-extras.cmake
[3.332s] -- Installing: /home/ubuntu20/code/markdown/ros2_foxy/ros2_town/install/village_interfaces/share/village_interfaces/cmake/village_interfacesConfig.cmake
[3.332s] -- Installing: /home/ubuntu20/code/markdown/ros2_foxy/ros2_town/install/village_interfaces/share/village_interfaces/cmake/village_interfacesConfig-version.cmake
[3.332s] -- Installing: /home/ubuntu20/code/markdown/ros2_foxy/ros2_town/install/village_interfaces/share/village_interfaces/package.xml
[3.335s] Invoked command in '/home/ubuntu20/code/markdown/ros2_foxy/ros2_town/build/village_interfaces' returned '0': CMAKE_PREFIX_PATH=/opt/ros/foxy /usr/bin/cmake --install /home/ubuntu20/code/markdown/ros2_foxy/ros2_town/build/village_interfaces
