[0.261s] Invoking command in '/home/ubuntu20/code/markdown/ros2_foxy/charpter4/src/village_li': PYTHONPATH=/home/ubuntu20/code/markdown/ros2_foxy/charpter4/build/village_li/prefix_override:/usr/lib/python3/dist-packages/colcon_core/task/python/colcon_distutils_commands:/home/ubuntu20/code/markdown/ros2_foxy/charpter4/install/village_li/lib/python3.8/site-packages:/home/ubuntu20/code/markdown/ros2_foxy/charpter4/install/village_interfaces/lib/python3.8/site-packages:/home/ubuntu20/code/markdown/ros2_foxy/charpter4/install/village_li/lib/python3.8/site-packages:/opt/ros/foxy/lib/python3.8/site-packages /usr/bin/python3 -W ignore:setup.py install is deprecated -W ignore:easy_install command is deprecated setup.py egg_info --egg-base ../../build/village_li build --build-base /home/ubuntu20/code/markdown/ros2_foxy/charpter4/build/village_li/build install --record /home/ubuntu20/code/markdown/ros2_foxy/charpter4/build/village_li/install.log --install-scripts $base/lib/village_li --single-version-externally-managed install_data
[0.337s] running egg_info
[0.338s] writing ../../build/village_li/village_li.egg-info/PKG-INFO
[0.338s] writing dependency_links to ../../build/village_li/village_li.egg-info/dependency_links.txt
[0.338s] writing entry points to ../../build/village_li/village_li.egg-info/entry_points.txt
[0.338s] writing requirements to ../../build/village_li/village_li.egg-info/requires.txt
[0.338s] writing top-level names to ../../build/village_li/village_li.egg-info/top_level.txt
[0.351s] reading manifest file '../../build/village_li/village_li.egg-info/SOURCES.txt'
[0.352s] writing manifest file '../../build/village_li/village_li.egg-info/SOURCES.txt'
[0.352s] running build
[0.352s] running build_py
[0.352s] running install
[0.353s] running install_lib
[0.353s] running install_data
[0.353s] running install_egg_info
[0.354s] removing '/home/ubuntu20/code/markdown/ros2_foxy/charpter4/install/village_li/lib/python3.8/site-packages/village_li-0.0.0-py3.8.egg-info' (and everything under it)
[0.354s] Copying ../../build/village_li/village_li.egg-info to /home/ubuntu20/code/markdown/ros2_foxy/charpter4/install/village_li/lib/python3.8/site-packages/village_li-0.0.0-py3.8.egg-info
[0.355s] running install_scripts
[0.362s] Installing li3_node script to /home/ubuntu20/code/markdown/ros2_foxy/charpter4/install/village_li/lib/village_li
[0.362s] Installing li4_node script to /home/ubuntu20/code/markdown/ros2_foxy/charpter4/install/village_li/lib/village_li
[0.362s] writing list of installed files to '/home/ubuntu20/code/markdown/ros2_foxy/charpter4/build/village_li/install.log'
[0.373s] Invoked command in '/home/ubuntu20/code/markdown/ros2_foxy/charpter4/src/village_li' returned '0': PYTHONPATH=/home/ubuntu20/code/markdown/ros2_foxy/charpter4/build/village_li/prefix_override:/usr/lib/python3/dist-packages/colcon_core/task/python/colcon_distutils_commands:/home/ubuntu20/code/markdown/ros2_foxy/charpter4/install/village_li/lib/python3.8/site-packages:/home/ubuntu20/code/markdown/ros2_foxy/charpter4/install/village_interfaces/lib/python3.8/site-packages:/home/ubuntu20/code/markdown/ros2_foxy/charpter4/install/village_li/lib/python3.8/site-packages:/opt/ros/foxy/lib/python3.8/site-packages /usr/bin/python3 -W ignore:setup.py install is deprecated -W ignore:easy_install command is deprecated setup.py egg_info --egg-base ../../build/village_li build --build-base /home/ubuntu20/code/markdown/ros2_foxy/charpter4/build/village_li/build install --record /home/ubuntu20/code/markdown/ros2_foxy/charpter4/build/village_li/install.log --install-scripts $base/lib/village_li --single-version-externally-managed install_data
