[0.075s] DEBUG:colcon:Command line arguments: ['/usr/bin/colcon', 'build']
[0.075s] DEBUG:colcon:Parsed command line arguments: Namespace(allow_overriding=[], ament_cmake_args=None, base_paths=['.'], build_base='build', catkin_cmake_args=None, catkin_skip_building_tests=False, cmake_args=None, cmake_clean_cache=False, cmake_clean_first=False, cmake_force_configure=False, cmake_target=None, cmake_target_skip_unavailable=False, continue_on_error=False, event_handlers=None, executor='parallel', ignore_user_meta=False, install_base='install', log_base=None, log_level=None, main=<bound method BuildVerb.main of <colcon_core.verb.build.BuildVerb object at 0x7f6bc7ec64f0>>, merge_install=False, metas=['./colcon.meta'], packages_above=None, packages_above_and_dependencies=None, packages_above_depth=None, packages_end=None, packages_ignore=None, packages_ignore_regex=None, packages_select=None, packages_select_build_failed=False, packages_select_by_dep=None, packages_select_regex=None, packages_select_test_failures=False, packages_skip=None, packages_skip_build_finished=False, packages_skip_by_dep=None, packages_skip_regex=None, packages_skip_test_passed=False, packages_skip_up_to=None, packages_start=None, packages_up_to=None, packages_up_to_regex=None, parallel_workers=32, paths=None, symlink_install=False, test_result_base=None, verb_extension=<colcon_core.verb.build.BuildVerb object at 0x7f6bc7ec64f0>, verb_name='build', verb_parser=<colcon_defaults.argument_parser.defaults.DefaultArgumentsDecorator object at 0x7f6bc7ec6a00>)
[0.129s] Level 1:colcon.colcon_core.package_discovery:discover_packages(colcon_meta) check parameters
[0.129s] Level 1:colcon.colcon_core.package_discovery:discover_packages(recursive) check parameters
[0.129s] Level 1:colcon.colcon_core.package_discovery:discover_packages(ignore) check parameters
[0.129s] Level 1:colcon.colcon_core.package_discovery:discover_packages(path) check parameters
[0.129s] Level 1:colcon.colcon_core.package_discovery:discover_packages(colcon_meta) discover
[0.129s] Level 1:colcon.colcon_core.package_discovery:discover_packages(recursive) discover
[0.129s] INFO:colcon.colcon_core.package_discovery:Crawling recursively for packages in '/home/ubuntu20/code/markdown/ros2_foxy/charpter4'
[0.129s] Level 1:colcon.colcon_core.package_identification:_identify(.) by extensions ['ignore', 'ignore_ament_install']
[0.129s] Level 1:colcon.colcon_core.package_identification:_identify(.) by extension 'ignore'
[0.129s] Level 1:colcon.colcon_core.package_identification:_identify(.) by extension 'ignore_ament_install'
[0.129s] Level 1:colcon.colcon_core.package_identification:_identify(.) by extensions ['colcon_pkg']
[0.129s] Level 1:colcon.colcon_core.package_identification:_identify(.) by extension 'colcon_pkg'
[0.129s] Level 1:colcon.colcon_core.package_identification:_identify(.) by extensions ['colcon_meta']
[0.129s] Level 1:colcon.colcon_core.package_identification:_identify(.) by extension 'colcon_meta'
[0.129s] Level 1:colcon.colcon_core.package_identification:_identify(.) by extensions ['ros']
[0.129s] Level 1:colcon.colcon_core.package_identification:_identify(.) by extension 'ros'
[0.134s] Level 1:colcon.colcon_core.package_identification:_identify(.) by extensions ['cmake', 'python']
[0.134s] Level 1:colcon.colcon_core.package_identification:_identify(.) by extension 'cmake'
[0.135s] Level 1:colcon.colcon_core.package_identification:_identify(.) by extension 'python'
[0.135s] Level 1:colcon.colcon_core.package_identification:_identify(.) by extensions ['python_setup_py']
[0.135s] Level 1:colcon.colcon_core.package_identification:_identify(.) by extension 'python_setup_py'
[0.135s] Level 1:colcon.colcon_core.package_identification:_identify(build) by extensions ['ignore', 'ignore_ament_install']
[0.135s] Level 1:colcon.colcon_core.package_identification:_identify(build) by extension 'ignore'
[0.135s] Level 1:colcon.colcon_core.package_identification:_identify(build) ignored
[0.135s] Level 1:colcon.colcon_core.package_identification:_identify(install) by extensions ['ignore', 'ignore_ament_install']
[0.135s] Level 1:colcon.colcon_core.package_identification:_identify(install) by extension 'ignore'
[0.135s] Level 1:colcon.colcon_core.package_identification:_identify(install) ignored
[0.135s] Level 1:colcon.colcon_core.package_identification:_identify(log) by extensions ['ignore', 'ignore_ament_install']
[0.135s] Level 1:colcon.colcon_core.package_identification:_identify(log) by extension 'ignore'
[0.135s] Level 1:colcon.colcon_core.package_identification:_identify(log) ignored
[0.135s] Level 1:colcon.colcon_core.package_identification:_identify(src) by extensions ['ignore', 'ignore_ament_install']
[0.135s] Level 1:colcon.colcon_core.package_identification:_identify(src) by extension 'ignore'
[0.135s] Level 1:colcon.colcon_core.package_identification:_identify(src) by extension 'ignore_ament_install'
[0.135s] Level 1:colcon.colcon_core.package_identification:_identify(src) by extensions ['colcon_pkg']
[0.135s] Level 1:colcon.colcon_core.package_identification:_identify(src) by extension 'colcon_pkg'
[0.135s] Level 1:colcon.colcon_core.package_identification:_identify(src) by extensions ['colcon_meta']
[0.135s] Level 1:colcon.colcon_core.package_identification:_identify(src) by extension 'colcon_meta'
[0.135s] Level 1:colcon.colcon_core.package_identification:_identify(src) by extensions ['ros']
[0.135s] Level 1:colcon.colcon_core.package_identification:_identify(src) by extension 'ros'
[0.135s] Level 1:colcon.colcon_core.package_identification:_identify(src) by extensions ['cmake', 'python']
[0.135s] Level 1:colcon.colcon_core.package_identification:_identify(src) by extension 'cmake'
[0.135s] Level 1:colcon.colcon_core.package_identification:_identify(src) by extension 'python'
[0.135s] Level 1:colcon.colcon_core.package_identification:_identify(src) by extensions ['python_setup_py']
[0.135s] Level 1:colcon.colcon_core.package_identification:_identify(src) by extension 'python_setup_py'
[0.135s] Level 1:colcon.colcon_core.package_identification:_identify(src/village_interfaces) by extensions ['ignore', 'ignore_ament_install']
[0.135s] Level 1:colcon.colcon_core.package_identification:_identify(src/village_interfaces) by extension 'ignore'
[0.135s] Level 1:colcon.colcon_core.package_identification:_identify(src/village_interfaces) by extension 'ignore_ament_install'
[0.135s] Level 1:colcon.colcon_core.package_identification:_identify(src/village_interfaces) by extensions ['colcon_pkg']
[0.135s] Level 1:colcon.colcon_core.package_identification:_identify(src/village_interfaces) by extension 'colcon_pkg'
[0.135s] Level 1:colcon.colcon_core.package_identification:_identify(src/village_interfaces) by extensions ['colcon_meta']
[0.135s] Level 1:colcon.colcon_core.package_identification:_identify(src/village_interfaces) by extension 'colcon_meta'
[0.135s] Level 1:colcon.colcon_core.package_identification:_identify(src/village_interfaces) by extensions ['ros']
[0.135s] Level 1:colcon.colcon_core.package_identification:_identify(src/village_interfaces) by extension 'ros'
[0.136s] DEBUG:colcon.colcon_core.package_identification:Package 'src/village_interfaces' with type 'ros.ament_cmake' and name 'village_interfaces'
[0.136s] Level 1:colcon.colcon_core.package_identification:_identify(src/village_li) by extensions ['ignore', 'ignore_ament_install']
[0.137s] Level 1:colcon.colcon_core.package_identification:_identify(src/village_li) by extension 'ignore'
[0.137s] Level 1:colcon.colcon_core.package_identification:_identify(src/village_li) by extension 'ignore_ament_install'
[0.137s] Level 1:colcon.colcon_core.package_identification:_identify(src/village_li) by extensions ['colcon_pkg']
[0.137s] Level 1:colcon.colcon_core.package_identification:_identify(src/village_li) by extension 'colcon_pkg'
[0.137s] Level 1:colcon.colcon_core.package_identification:_identify(src/village_li) by extensions ['colcon_meta']
[0.137s] Level 1:colcon.colcon_core.package_identification:_identify(src/village_li) by extension 'colcon_meta'
[0.137s] Level 1:colcon.colcon_core.package_identification:_identify(src/village_li) by extensions ['ros']
[0.137s] Level 1:colcon.colcon_core.package_identification:_identify(src/village_li) by extension 'ros'
[0.137s] DEBUG:colcon.colcon_core.package_identification:Package 'src/village_li' with type 'ros.ament_python' and name 'village_li'
[0.137s] Level 1:colcon.colcon_core.package_identification:_identify(src/village_wang) by extensions ['ignore', 'ignore_ament_install']
[0.137s] Level 1:colcon.colcon_core.package_identification:_identify(src/village_wang) by extension 'ignore'
[0.137s] Level 1:colcon.colcon_core.package_identification:_identify(src/village_wang) by extension 'ignore_ament_install'
[0.137s] Level 1:colcon.colcon_core.package_identification:_identify(src/village_wang) by extensions ['colcon_pkg']
[0.137s] Level 1:colcon.colcon_core.package_identification:_identify(src/village_wang) by extension 'colcon_pkg'
[0.137s] Level 1:colcon.colcon_core.package_identification:_identify(src/village_wang) by extensions ['colcon_meta']
[0.137s] Level 1:colcon.colcon_core.package_identification:_identify(src/village_wang) by extension 'colcon_meta'
[0.137s] Level 1:colcon.colcon_core.package_identification:_identify(src/village_wang) by extensions ['ros']
[0.137s] Level 1:colcon.colcon_core.package_identification:_identify(src/village_wang) by extension 'ros'
[0.137s] DEBUG:colcon.colcon_core.package_identification:Package 'src/village_wang' with type 'ros.ament_cmake' and name 'village_wang'
[0.138s] Level 1:colcon.colcon_core.package_identification:_identify(src/village_zhang) by extensions ['ignore', 'ignore_ament_install']
[0.138s] Level 1:colcon.colcon_core.package_identification:_identify(src/village_zhang) by extension 'ignore'
[0.138s] Level 1:colcon.colcon_core.package_identification:_identify(src/village_zhang) by extension 'ignore_ament_install'
[0.138s] Level 1:colcon.colcon_core.package_identification:_identify(src/village_zhang) by extensions ['colcon_pkg']
[0.138s] Level 1:colcon.colcon_core.package_identification:_identify(src/village_zhang) by extension 'colcon_pkg'
[0.138s] Level 1:colcon.colcon_core.package_identification:_identify(src/village_zhang) by extensions ['colcon_meta']
[0.138s] Level 1:colcon.colcon_core.package_identification:_identify(src/village_zhang) by extension 'colcon_meta'
[0.138s] Level 1:colcon.colcon_core.package_identification:_identify(src/village_zhang) by extensions ['ros']
[0.138s] Level 1:colcon.colcon_core.package_identification:_identify(src/village_zhang) by extension 'ros'
[0.138s] DEBUG:colcon.colcon_core.package_identification:Package 'src/village_zhang' with type 'ros.ament_cmake' and name 'village_zhang'
[0.138s] Level 1:colcon.colcon_core.package_discovery:discover_packages(recursive) using defaults
[0.138s] Level 1:colcon.colcon_core.package_discovery:discover_packages(ignore) discover
[0.138s] Level 1:colcon.colcon_core.package_discovery:discover_packages(ignore) using defaults
[0.138s] Level 1:colcon.colcon_core.package_discovery:discover_packages(path) discover
[0.138s] Level 1:colcon.colcon_core.package_discovery:discover_packages(path) using defaults
[0.145s] Level 1:colcon.colcon_core.package_discovery:discover_packages(prefix_path) check parameters
[0.145s] Level 1:colcon.colcon_core.package_discovery:discover_packages(prefix_path) discover
[0.146s] DEBUG:colcon.colcon_installed_package_information.package_discovery:Found 4 installed packages in /home/ubuntu20/code/markdown/ros2_foxy/charpter4/install
[0.147s] DEBUG:colcon.colcon_installed_package_information.package_discovery:Found 288 installed packages in /opt/ros/foxy
[0.147s] Level 1:colcon.colcon_core.package_discovery:discover_packages(prefix_path) using defaults
[0.176s] Level 5:colcon.colcon_core.verb:set package 'village_interfaces' build argument 'cmake_args' from command line to 'None'
[0.176s] Level 5:colcon.colcon_core.verb:set package 'village_interfaces' build argument 'cmake_target' from command line to 'None'
[0.176s] Level 5:colcon.colcon_core.verb:set package 'village_interfaces' build argument 'cmake_target_skip_unavailable' from command line to 'False'
[0.176s] Level 5:colcon.colcon_core.verb:set package 'village_interfaces' build argument 'cmake_clean_cache' from command line to 'False'
[0.176s] Level 5:colcon.colcon_core.verb:set package 'village_interfaces' build argument 'cmake_clean_first' from command line to 'False'
[0.176s] Level 5:colcon.colcon_core.verb:set package 'village_interfaces' build argument 'cmake_force_configure' from command line to 'False'
[0.176s] Level 5:colcon.colcon_core.verb:set package 'village_interfaces' build argument 'ament_cmake_args' from command line to 'None'
[0.176s] Level 5:colcon.colcon_core.verb:set package 'village_interfaces' build argument 'catkin_cmake_args' from command line to 'None'
[0.176s] Level 5:colcon.colcon_core.verb:set package 'village_interfaces' build argument 'catkin_skip_building_tests' from command line to 'False'
[0.176s] DEBUG:colcon.colcon_core.verb:Building package 'village_interfaces' with the following arguments: {'ament_cmake_args': None, 'build_base': '/home/ubuntu20/code/markdown/ros2_foxy/charpter4/build/village_interfaces', 'catkin_cmake_args': None, 'catkin_skip_building_tests': False, 'cmake_args': None, 'cmake_clean_cache': False, 'cmake_clean_first': False, 'cmake_force_configure': False, 'cmake_target': None, 'cmake_target_skip_unavailable': False, 'install_base': '/home/ubuntu20/code/markdown/ros2_foxy/charpter4/install/village_interfaces', 'merge_install': False, 'path': '/home/ubuntu20/code/markdown/ros2_foxy/charpter4/src/village_interfaces', 'symlink_install': False, 'test_result_base': None}
[0.176s] Level 5:colcon.colcon_core.verb:set package 'village_wang' build argument 'cmake_args' from command line to 'None'
[0.176s] Level 5:colcon.colcon_core.verb:set package 'village_wang' build argument 'cmake_target' from command line to 'None'
[0.176s] Level 5:colcon.colcon_core.verb:set package 'village_wang' build argument 'cmake_target_skip_unavailable' from command line to 'False'
[0.176s] Level 5:colcon.colcon_core.verb:set package 'village_wang' build argument 'cmake_clean_cache' from command line to 'False'
[0.176s] Level 5:colcon.colcon_core.verb:set package 'village_wang' build argument 'cmake_clean_first' from command line to 'False'
[0.176s] Level 5:colcon.colcon_core.verb:set package 'village_wang' build argument 'cmake_force_configure' from command line to 'False'
[0.176s] Level 5:colcon.colcon_core.verb:set package 'village_wang' build argument 'ament_cmake_args' from command line to 'None'
[0.176s] Level 5:colcon.colcon_core.verb:set package 'village_wang' build argument 'catkin_cmake_args' from command line to 'None'
[0.176s] Level 5:colcon.colcon_core.verb:set package 'village_wang' build argument 'catkin_skip_building_tests' from command line to 'False'
[0.176s] DEBUG:colcon.colcon_core.verb:Building package 'village_wang' with the following arguments: {'ament_cmake_args': None, 'build_base': '/home/ubuntu20/code/markdown/ros2_foxy/charpter4/build/village_wang', 'catkin_cmake_args': None, 'catkin_skip_building_tests': False, 'cmake_args': None, 'cmake_clean_cache': False, 'cmake_clean_first': False, 'cmake_force_configure': False, 'cmake_target': None, 'cmake_target_skip_unavailable': False, 'install_base': '/home/ubuntu20/code/markdown/ros2_foxy/charpter4/install/village_wang', 'merge_install': False, 'path': '/home/ubuntu20/code/markdown/ros2_foxy/charpter4/src/village_wang', 'symlink_install': False, 'test_result_base': None}
[0.176s] Level 5:colcon.colcon_core.verb:set package 'village_li' build argument 'cmake_args' from command line to 'None'
[0.176s] Level 5:colcon.colcon_core.verb:set package 'village_li' build argument 'cmake_target' from command line to 'None'
[0.176s] Level 5:colcon.colcon_core.verb:set package 'village_li' build argument 'cmake_target_skip_unavailable' from command line to 'False'
[0.177s] Level 5:colcon.colcon_core.verb:set package 'village_li' build argument 'cmake_clean_cache' from command line to 'False'
[0.177s] Level 5:colcon.colcon_core.verb:set package 'village_li' build argument 'cmake_clean_first' from command line to 'False'
[0.177s] Level 5:colcon.colcon_core.verb:set package 'village_li' build argument 'cmake_force_configure' from command line to 'False'
[0.177s] Level 5:colcon.colcon_core.verb:set package 'village_li' build argument 'ament_cmake_args' from command line to 'None'
[0.177s] Level 5:colcon.colcon_core.verb:set package 'village_li' build argument 'catkin_cmake_args' from command line to 'None'
[0.177s] Level 5:colcon.colcon_core.verb:set package 'village_li' build argument 'catkin_skip_building_tests' from command line to 'False'
[0.177s] DEBUG:colcon.colcon_core.verb:Building package 'village_li' with the following arguments: {'ament_cmake_args': None, 'build_base': '/home/ubuntu20/code/markdown/ros2_foxy/charpter4/build/village_li', 'catkin_cmake_args': None, 'catkin_skip_building_tests': False, 'cmake_args': None, 'cmake_clean_cache': False, 'cmake_clean_first': False, 'cmake_force_configure': False, 'cmake_target': None, 'cmake_target_skip_unavailable': False, 'install_base': '/home/ubuntu20/code/markdown/ros2_foxy/charpter4/install/village_li', 'merge_install': False, 'path': '/home/ubuntu20/code/markdown/ros2_foxy/charpter4/src/village_li', 'symlink_install': False, 'test_result_base': None}
[0.177s] Level 5:colcon.colcon_core.verb:set package 'village_zhang' build argument 'cmake_args' from command line to 'None'
[0.177s] Level 5:colcon.colcon_core.verb:set package 'village_zhang' build argument 'cmake_target' from command line to 'None'
[0.177s] Level 5:colcon.colcon_core.verb:set package 'village_zhang' build argument 'cmake_target_skip_unavailable' from command line to 'False'
[0.177s] Level 5:colcon.colcon_core.verb:set package 'village_zhang' build argument 'cmake_clean_cache' from command line to 'False'
[0.177s] Level 5:colcon.colcon_core.verb:set package 'village_zhang' build argument 'cmake_clean_first' from command line to 'False'
[0.177s] Level 5:colcon.colcon_core.verb:set package 'village_zhang' build argument 'cmake_force_configure' from command line to 'False'
[0.177s] Level 5:colcon.colcon_core.verb:set package 'village_zhang' build argument 'ament_cmake_args' from command line to 'None'
[0.177s] Level 5:colcon.colcon_core.verb:set package 'village_zhang' build argument 'catkin_cmake_args' from command line to 'None'
[0.177s] Level 5:colcon.colcon_core.verb:set package 'village_zhang' build argument 'catkin_skip_building_tests' from command line to 'False'
[0.177s] DEBUG:colcon.colcon_core.verb:Building package 'village_zhang' with the following arguments: {'ament_cmake_args': None, 'build_base': '/home/ubuntu20/code/markdown/ros2_foxy/charpter4/build/village_zhang', 'catkin_cmake_args': None, 'catkin_skip_building_tests': False, 'cmake_args': None, 'cmake_clean_cache': False, 'cmake_clean_first': False, 'cmake_force_configure': False, 'cmake_target': None, 'cmake_target_skip_unavailable': False, 'install_base': '/home/ubuntu20/code/markdown/ros2_foxy/charpter4/install/village_zhang', 'merge_install': False, 'path': '/home/ubuntu20/code/markdown/ros2_foxy/charpter4/src/village_zhang', 'symlink_install': False, 'test_result_base': None}
[0.177s] INFO:colcon.colcon_core.executor:Executing jobs using 'parallel' executor
[0.178s] DEBUG:colcon.colcon_parallel_executor.executor.parallel:run_until_complete
[0.178s] INFO:colcon.colcon_ros.task.ament_cmake.build:Building ROS package in '/home/ubuntu20/code/markdown/ros2_foxy/charpter4/src/village_interfaces' with build type 'ament_cmake'
[0.178s] INFO:colcon.colcon_cmake.task.cmake.build:Building CMake package in '/home/ubuntu20/code/markdown/ros2_foxy/charpter4/src/village_interfaces'
[0.180s] INFO:colcon.colcon_core.plugin_system:Skipping extension 'colcon_core.shell.bat': Not used on non-Windows systems
[0.180s] INFO:colcon.colcon_core.shell:Skip shell extension 'powershell' for command environment: Not usable outside of PowerShell
[0.180s] DEBUG:colcon.colcon_core.shell:Skip shell extension 'dsv' for command environment
[0.183s] INFO:colcon.colcon_ros.task.ament_cmake.build:Building ROS package in '/home/ubuntu20/code/markdown/ros2_foxy/charpter4/src/village_wang' with build type 'ament_cmake'
[0.183s] INFO:colcon.colcon_cmake.task.cmake.build:Building CMake package in '/home/ubuntu20/code/markdown/ros2_foxy/charpter4/src/village_wang'
[0.183s] INFO:colcon.colcon_core.shell:Skip shell extension 'powershell' for command environment: Not usable outside of PowerShell
[0.184s] DEBUG:colcon.colcon_core.shell:Skip shell extension 'dsv' for command environment
[0.192s] DEBUG:colcon.colcon_core.event_handler.log_command:Invoking command in '/home/ubuntu20/code/markdown/ros2_foxy/charpter4/build/village_interfaces': CMAKE_PREFIX_PATH=${CMAKE_PREFIX_PATH}:/home/ubuntu20/code/markdown/ros2_foxy/charpter4/install/village_li:/opt/ros/foxy /usr/bin/cmake --build /home/ubuntu20/code/markdown/ros2_foxy/charpter4/build/village_interfaces -- -j32 -l32
[0.196s] DEBUG:colcon.colcon_core.event_handler.log_command:Invoking command in '/home/ubuntu20/code/markdown/ros2_foxy/charpter4/build/village_wang': CMAKE_PREFIX_PATH=${CMAKE_PREFIX_PATH}:/home/ubuntu20/code/markdown/ros2_foxy/charpter4/install/village_li:/opt/ros/foxy /usr/bin/cmake --build /home/ubuntu20/code/markdown/ros2_foxy/charpter4/build/village_wang -- -j32 -l32
[0.328s] DEBUG:colcon.colcon_core.event_handler.log_command:Invoked command in '/home/ubuntu20/code/markdown/ros2_foxy/charpter4/build/village_interfaces' returned '0': CMAKE_PREFIX_PATH=${CMAKE_PREFIX_PATH}:/home/ubuntu20/code/markdown/ros2_foxy/charpter4/install/village_li:/opt/ros/foxy /usr/bin/cmake --build /home/ubuntu20/code/markdown/ros2_foxy/charpter4/build/village_interfaces -- -j32 -l32
[0.336s] DEBUG:colcon.colcon_core.event_handler.log_command:Invoking command in '/home/ubuntu20/code/markdown/ros2_foxy/charpter4/build/village_interfaces': CMAKE_PREFIX_PATH=${CMAKE_PREFIX_PATH}:/home/ubuntu20/code/markdown/ros2_foxy/charpter4/install/village_li:/opt/ros/foxy /usr/bin/cmake --install /home/ubuntu20/code/markdown/ros2_foxy/charpter4/build/village_interfaces
[0.366s] Level 1:colcon.colcon_core.environment:create_environment_scripts_only(village_interfaces)
[0.369s] DEBUG:colcon.colcon_core.event_handler.log_command:Invoked command in '/home/ubuntu20/code/markdown/ros2_foxy/charpter4/build/village_interfaces' returned '0': CMAKE_PREFIX_PATH=${CMAKE_PREFIX_PATH}:/home/ubuntu20/code/markdown/ros2_foxy/charpter4/install/village_li:/opt/ros/foxy /usr/bin/cmake --install /home/ubuntu20/code/markdown/ros2_foxy/charpter4/build/village_interfaces
[0.370s] Level 1:colcon.colcon_core.environment:checking '/home/ubuntu20/code/markdown/ros2_foxy/charpter4/install/village_interfaces' for CMake module files
[0.370s] Level 1:colcon.colcon_core.environment:checking '/home/ubuntu20/code/markdown/ros2_foxy/charpter4/install/village_interfaces' for CMake config files
[0.370s] Level 1:colcon.colcon_core.shell:create_environment_hook('village_interfaces', 'cmake_prefix_path')
[0.370s] INFO:colcon.colcon_core.shell:Creating environment hook '/home/ubuntu20/code/markdown/ros2_foxy/charpter4/install/village_interfaces/share/village_interfaces/hook/cmake_prefix_path.ps1'
[0.371s] INFO:colcon.colcon_core.shell:Creating environment descriptor '/home/ubuntu20/code/markdown/ros2_foxy/charpter4/install/village_interfaces/share/village_interfaces/hook/cmake_prefix_path.dsv'
[0.371s] INFO:colcon.colcon_core.shell:Creating environment hook '/home/ubuntu20/code/markdown/ros2_foxy/charpter4/install/village_interfaces/share/village_interfaces/hook/cmake_prefix_path.sh'
[0.372s] Level 1:colcon.colcon_core.environment:checking '/home/ubuntu20/code/markdown/ros2_foxy/charpter4/install/village_interfaces/lib'
[0.372s] Level 1:colcon.colcon_core.shell:create_environment_hook('village_interfaces', 'ld_library_path_lib')
[0.372s] INFO:colcon.colcon_core.shell:Creating environment hook '/home/ubuntu20/code/markdown/ros2_foxy/charpter4/install/village_interfaces/share/village_interfaces/hook/ld_library_path_lib.ps1'
[0.373s] INFO:colcon.colcon_core.shell:Creating environment descriptor '/home/ubuntu20/code/markdown/ros2_foxy/charpter4/install/village_interfaces/share/village_interfaces/hook/ld_library_path_lib.dsv'
[0.373s] INFO:colcon.colcon_core.shell:Creating environment hook '/home/ubuntu20/code/markdown/ros2_foxy/charpter4/install/village_interfaces/share/village_interfaces/hook/ld_library_path_lib.sh'
[0.373s] Level 1:colcon.colcon_core.environment:checking '/home/ubuntu20/code/markdown/ros2_foxy/charpter4/install/village_interfaces/bin'
[0.373s] Level 1:colcon.colcon_core.environment:checking '/home/ubuntu20/code/markdown/ros2_foxy/charpter4/install/village_interfaces/lib/pkgconfig/village_interfaces.pc'
[0.374s] Level 1:colcon.colcon_core.environment:checking '/home/ubuntu20/code/markdown/ros2_foxy/charpter4/install/village_interfaces/lib/python3.8/site-packages'
[0.374s] Level 1:colcon.colcon_core.shell:create_environment_hook('village_interfaces', 'pythonpath')
[0.374s] INFO:colcon.colcon_core.shell:Creating environment hook '/home/ubuntu20/code/markdown/ros2_foxy/charpter4/install/village_interfaces/share/village_interfaces/hook/pythonpath.ps1'
[0.374s] INFO:colcon.colcon_core.shell:Creating environment descriptor '/home/ubuntu20/code/markdown/ros2_foxy/charpter4/install/village_interfaces/share/village_interfaces/hook/pythonpath.dsv'
[0.374s] INFO:colcon.colcon_core.shell:Creating environment hook '/home/ubuntu20/code/markdown/ros2_foxy/charpter4/install/village_interfaces/share/village_interfaces/hook/pythonpath.sh'
[0.375s] Level 1:colcon.colcon_core.environment:checking '/home/ubuntu20/code/markdown/ros2_foxy/charpter4/install/village_interfaces/bin'
[0.375s] INFO:colcon.colcon_core.shell:Creating package script '/home/ubuntu20/code/markdown/ros2_foxy/charpter4/install/village_interfaces/share/village_interfaces/package.ps1'
[0.376s] INFO:colcon.colcon_core.shell:Creating package descriptor '/home/ubuntu20/code/markdown/ros2_foxy/charpter4/install/village_interfaces/share/village_interfaces/package.dsv'
[0.376s] INFO:colcon.colcon_core.shell:Creating package script '/home/ubuntu20/code/markdown/ros2_foxy/charpter4/install/village_interfaces/share/village_interfaces/package.sh'
[0.377s] INFO:colcon.colcon_core.shell:Creating package script '/home/ubuntu20/code/markdown/ros2_foxy/charpter4/install/village_interfaces/share/village_interfaces/package.bash'
[0.377s] INFO:colcon.colcon_core.shell:Creating package script '/home/ubuntu20/code/markdown/ros2_foxy/charpter4/install/village_interfaces/share/village_interfaces/package.zsh'
[0.378s] Level 1:colcon.colcon_core.environment:create_file_with_runtime_dependencies(/home/ubuntu20/code/markdown/ros2_foxy/charpter4/install/village_interfaces/share/colcon-core/packages/village_interfaces)
[0.378s] Level 1:colcon.colcon_core.environment:create_environment_scripts_only(village_interfaces)
[0.378s] Level 1:colcon.colcon_core.environment:checking '/home/ubuntu20/code/markdown/ros2_foxy/charpter4/install/village_interfaces' for CMake module files
[0.379s] Level 1:colcon.colcon_core.environment:checking '/home/ubuntu20/code/markdown/ros2_foxy/charpter4/install/village_interfaces' for CMake config files
[0.379s] Level 1:colcon.colcon_core.shell:create_environment_hook('village_interfaces', 'cmake_prefix_path')
[0.379s] INFO:colcon.colcon_core.shell:Creating environment hook '/home/ubuntu20/code/markdown/ros2_foxy/charpter4/install/village_interfaces/share/village_interfaces/hook/cmake_prefix_path.ps1'
[0.380s] INFO:colcon.colcon_core.shell:Creating environment descriptor '/home/ubuntu20/code/markdown/ros2_foxy/charpter4/install/village_interfaces/share/village_interfaces/hook/cmake_prefix_path.dsv'
[0.380s] INFO:colcon.colcon_core.shell:Creating environment hook '/home/ubuntu20/code/markdown/ros2_foxy/charpter4/install/village_interfaces/share/village_interfaces/hook/cmake_prefix_path.sh'
[0.381s] Level 1:colcon.colcon_core.environment:checking '/home/ubuntu20/code/markdown/ros2_foxy/charpter4/install/village_interfaces/lib'
[0.381s] Level 1:colcon.colcon_core.shell:create_environment_hook('village_interfaces', 'ld_library_path_lib')
[0.381s] INFO:colcon.colcon_core.shell:Creating environment hook '/home/ubuntu20/code/markdown/ros2_foxy/charpter4/install/village_interfaces/share/village_interfaces/hook/ld_library_path_lib.ps1'
[0.381s] INFO:colcon.colcon_core.shell:Creating environment descriptor '/home/ubuntu20/code/markdown/ros2_foxy/charpter4/install/village_interfaces/share/village_interfaces/hook/ld_library_path_lib.dsv'
[0.381s] INFO:colcon.colcon_core.shell:Creating environment hook '/home/ubuntu20/code/markdown/ros2_foxy/charpter4/install/village_interfaces/share/village_interfaces/hook/ld_library_path_lib.sh'
[0.382s] Level 1:colcon.colcon_core.environment:checking '/home/ubuntu20/code/markdown/ros2_foxy/charpter4/install/village_interfaces/bin'
[0.382s] Level 1:colcon.colcon_core.environment:checking '/home/ubuntu20/code/markdown/ros2_foxy/charpter4/install/village_interfaces/lib/pkgconfig/village_interfaces.pc'
[0.382s] Level 1:colcon.colcon_core.environment:checking '/home/ubuntu20/code/markdown/ros2_foxy/charpter4/install/village_interfaces/lib/python3.8/site-packages'
[0.382s] Level 1:colcon.colcon_core.shell:create_environment_hook('village_interfaces', 'pythonpath')
[0.382s] INFO:colcon.colcon_core.shell:Creating environment hook '/home/ubuntu20/code/markdown/ros2_foxy/charpter4/install/village_interfaces/share/village_interfaces/hook/pythonpath.ps1'
[0.382s] INFO:colcon.colcon_core.shell:Creating environment descriptor '/home/ubuntu20/code/markdown/ros2_foxy/charpter4/install/village_interfaces/share/village_interfaces/hook/pythonpath.dsv'
[0.383s] INFO:colcon.colcon_core.shell:Creating environment hook '/home/ubuntu20/code/markdown/ros2_foxy/charpter4/install/village_interfaces/share/village_interfaces/hook/pythonpath.sh'
[0.383s] Level 1:colcon.colcon_core.environment:checking '/home/ubuntu20/code/markdown/ros2_foxy/charpter4/install/village_interfaces/bin'
[0.384s] INFO:colcon.colcon_core.shell:Creating package script '/home/ubuntu20/code/markdown/ros2_foxy/charpter4/install/village_interfaces/share/village_interfaces/package.ps1'
[0.385s] INFO:colcon.colcon_core.shell:Creating package descriptor '/home/ubuntu20/code/markdown/ros2_foxy/charpter4/install/village_interfaces/share/village_interfaces/package.dsv'
[0.385s] INFO:colcon.colcon_core.shell:Creating package script '/home/ubuntu20/code/markdown/ros2_foxy/charpter4/install/village_interfaces/share/village_interfaces/package.sh'
[0.386s] INFO:colcon.colcon_core.shell:Creating package script '/home/ubuntu20/code/markdown/ros2_foxy/charpter4/install/village_interfaces/share/village_interfaces/package.bash'
[0.386s] INFO:colcon.colcon_core.shell:Creating package script '/home/ubuntu20/code/markdown/ros2_foxy/charpter4/install/village_interfaces/share/village_interfaces/package.zsh'
[0.386s] Level 1:colcon.colcon_core.environment:create_file_with_runtime_dependencies(/home/ubuntu20/code/markdown/ros2_foxy/charpter4/install/village_interfaces/share/colcon-core/packages/village_interfaces)
[0.387s] INFO:colcon.colcon_ros.task.ament_python.build:Building ROS package in '/home/ubuntu20/code/markdown/ros2_foxy/charpter4/src/village_li' with build type 'ament_python'
[0.387s] Level 1:colcon.colcon_core.shell:create_environment_hook('village_li', 'ament_prefix_path')
[0.387s] INFO:colcon.colcon_core.shell:Creating environment hook '/home/ubuntu20/code/markdown/ros2_foxy/charpter4/install/village_li/share/village_li/hook/ament_prefix_path.ps1'
[0.388s] INFO:colcon.colcon_core.shell:Creating environment descriptor '/home/ubuntu20/code/markdown/ros2_foxy/charpter4/install/village_li/share/village_li/hook/ament_prefix_path.dsv'
[0.389s] INFO:colcon.colcon_core.shell:Creating environment hook '/home/ubuntu20/code/markdown/ros2_foxy/charpter4/install/village_li/share/village_li/hook/ament_prefix_path.sh'
[0.389s] INFO:colcon.colcon_core.shell:Skip shell extension 'powershell' for command environment: Not usable outside of PowerShell
[0.389s] DEBUG:colcon.colcon_core.shell:Skip shell extension 'dsv' for command environment
[0.393s] INFO:colcon.colcon_ros.task.ament_cmake.build:Building ROS package in '/home/ubuntu20/code/markdown/ros2_foxy/charpter4/src/village_zhang' with build type 'ament_cmake'
[0.394s] INFO:colcon.colcon_cmake.task.cmake.build:Building CMake package in '/home/ubuntu20/code/markdown/ros2_foxy/charpter4/src/village_zhang'
[0.394s] INFO:colcon.colcon_core.shell:Skip shell extension 'powershell' for command environment: Not usable outside of PowerShell
[0.394s] DEBUG:colcon.colcon_core.shell:Skip shell extension 'dsv' for command environment
[0.490s] INFO:colcon.colcon_core.task.python.build:Building Python package in '/home/ubuntu20/code/markdown/ros2_foxy/charpter4/src/village_li'
[0.490s] INFO:colcon.colcon_core.shell:Skip shell extension 'powershell' for command environment: Not usable outside of PowerShell
[0.490s] DEBUG:colcon.colcon_core.shell:Skip shell extension 'dsv' for command environment
[0.498s] DEBUG:colcon.colcon_core.event_handler.log_command:Invoking command in '/home/ubuntu20/code/markdown/ros2_foxy/charpter4/build/village_zhang': CMAKE_PREFIX_PATH=/home/ubuntu20/code/markdown/ros2_foxy/charpter4/install/village_interfaces:/home/ubuntu20/code/markdown/ros2_foxy/charpter4/install/village_wang:/home/ubuntu20/code/markdown/ros2_foxy/charpter4/install/village_li:/opt/ros/foxy PYTHONPATH=/home/ubuntu20/code/markdown/ros2_foxy/charpter4/install/village_interfaces/lib/python3.8/site-packages:/home/ubuntu20/code/markdown/ros2_foxy/charpter4/install/village_li/lib/python3.8/site-packages:/opt/ros/foxy/lib/python3.8/site-packages /usr/bin/cmake --build /home/ubuntu20/code/markdown/ros2_foxy/charpter4/build/village_zhang -- -j32 -l32
[0.541s] DEBUG:colcon.colcon_core.event_handler.log_command:Invoked command in '/home/ubuntu20/code/markdown/ros2_foxy/charpter4/build/village_zhang' returned '0': CMAKE_PREFIX_PATH=/home/ubuntu20/code/markdown/ros2_foxy/charpter4/install/village_interfaces:/home/ubuntu20/code/markdown/ros2_foxy/charpter4/install/village_wang:/home/ubuntu20/code/markdown/ros2_foxy/charpter4/install/village_li:/opt/ros/foxy PYTHONPATH=/home/ubuntu20/code/markdown/ros2_foxy/charpter4/install/village_interfaces/lib/python3.8/site-packages:/home/ubuntu20/code/markdown/ros2_foxy/charpter4/install/village_li/lib/python3.8/site-packages:/opt/ros/foxy/lib/python3.8/site-packages /usr/bin/cmake --build /home/ubuntu20/code/markdown/ros2_foxy/charpter4/build/village_zhang -- -j32 -l32
[0.544s] DEBUG:colcon.colcon_core.event_handler.log_command:Invoking command in '/home/ubuntu20/code/markdown/ros2_foxy/charpter4/build/village_zhang': CMAKE_PREFIX_PATH=/home/ubuntu20/code/markdown/ros2_foxy/charpter4/install/village_interfaces:/home/ubuntu20/code/markdown/ros2_foxy/charpter4/install/village_wang:/home/ubuntu20/code/markdown/ros2_foxy/charpter4/install/village_li:/opt/ros/foxy PYTHONPATH=/home/ubuntu20/code/markdown/ros2_foxy/charpter4/install/village_interfaces/lib/python3.8/site-packages:/home/ubuntu20/code/markdown/ros2_foxy/charpter4/install/village_li/lib/python3.8/site-packages:/opt/ros/foxy/lib/python3.8/site-packages /usr/bin/cmake --install /home/ubuntu20/code/markdown/ros2_foxy/charpter4/build/village_zhang
[0.551s] Level 1:colcon.colcon_core.environment:create_environment_scripts_only(village_zhang)
[0.551s] Level 1:colcon.colcon_core.environment:checking '/home/ubuntu20/code/markdown/ros2_foxy/charpter4/install/village_zhang' for CMake module files
[0.552s] DEBUG:colcon.colcon_core.event_handler.log_command:Invoked command in '/home/ubuntu20/code/markdown/ros2_foxy/charpter4/build/village_zhang' returned '0': CMAKE_PREFIX_PATH=/home/ubuntu20/code/markdown/ros2_foxy/charpter4/install/village_interfaces:/home/ubuntu20/code/markdown/ros2_foxy/charpter4/install/village_wang:/home/ubuntu20/code/markdown/ros2_foxy/charpter4/install/village_li:/opt/ros/foxy PYTHONPATH=/home/ubuntu20/code/markdown/ros2_foxy/charpter4/install/village_interfaces/lib/python3.8/site-packages:/home/ubuntu20/code/markdown/ros2_foxy/charpter4/install/village_li/lib/python3.8/site-packages:/opt/ros/foxy/lib/python3.8/site-packages /usr/bin/cmake --install /home/ubuntu20/code/markdown/ros2_foxy/charpter4/build/village_zhang
[0.552s] Level 1:colcon.colcon_core.environment:checking '/home/ubuntu20/code/markdown/ros2_foxy/charpter4/install/village_zhang' for CMake config files
[0.552s] Level 1:colcon.colcon_core.shell:create_environment_hook('village_zhang', 'cmake_prefix_path')
[0.552s] INFO:colcon.colcon_core.shell:Creating environment hook '/home/ubuntu20/code/markdown/ros2_foxy/charpter4/install/village_zhang/share/village_zhang/hook/cmake_prefix_path.ps1'
[0.553s] INFO:colcon.colcon_core.shell:Creating environment descriptor '/home/ubuntu20/code/markdown/ros2_foxy/charpter4/install/village_zhang/share/village_zhang/hook/cmake_prefix_path.dsv'
[0.553s] INFO:colcon.colcon_core.shell:Creating environment hook '/home/ubuntu20/code/markdown/ros2_foxy/charpter4/install/village_zhang/share/village_zhang/hook/cmake_prefix_path.sh'
[0.554s] Level 1:colcon.colcon_core.environment:checking '/home/ubuntu20/code/markdown/ros2_foxy/charpter4/install/village_zhang/lib'
[0.554s] Level 1:colcon.colcon_core.environment:checking '/home/ubuntu20/code/markdown/ros2_foxy/charpter4/install/village_zhang/bin'
[0.554s] Level 1:colcon.colcon_core.environment:checking '/home/ubuntu20/code/markdown/ros2_foxy/charpter4/install/village_zhang/lib/pkgconfig/village_zhang.pc'
[0.554s] Level 1:colcon.colcon_core.environment:checking '/home/ubuntu20/code/markdown/ros2_foxy/charpter4/install/village_zhang/lib/python3.8/site-packages'
[0.554s] Level 1:colcon.colcon_core.environment:checking '/home/ubuntu20/code/markdown/ros2_foxy/charpter4/install/village_zhang/bin'
[0.554s] INFO:colcon.colcon_core.shell:Creating package script '/home/ubuntu20/code/markdown/ros2_foxy/charpter4/install/village_zhang/share/village_zhang/package.ps1'
[0.555s] INFO:colcon.colcon_core.shell:Creating package descriptor '/home/ubuntu20/code/markdown/ros2_foxy/charpter4/install/village_zhang/share/village_zhang/package.dsv'
[0.555s] INFO:colcon.colcon_core.shell:Creating package script '/home/ubuntu20/code/markdown/ros2_foxy/charpter4/install/village_zhang/share/village_zhang/package.sh'
[0.555s] INFO:colcon.colcon_core.shell:Creating package script '/home/ubuntu20/code/markdown/ros2_foxy/charpter4/install/village_zhang/share/village_zhang/package.bash'
[0.556s] INFO:colcon.colcon_core.shell:Creating package script '/home/ubuntu20/code/markdown/ros2_foxy/charpter4/install/village_zhang/share/village_zhang/package.zsh'
[0.556s] Level 1:colcon.colcon_core.environment:create_file_with_runtime_dependencies(/home/ubuntu20/code/markdown/ros2_foxy/charpter4/install/village_zhang/share/colcon-core/packages/village_zhang)
[0.557s] Level 1:colcon.colcon_core.environment:create_environment_scripts_only(village_zhang)
[0.557s] Level 1:colcon.colcon_core.environment:checking '/home/ubuntu20/code/markdown/ros2_foxy/charpter4/install/village_zhang' for CMake module files
[0.557s] Level 1:colcon.colcon_core.environment:checking '/home/ubuntu20/code/markdown/ros2_foxy/charpter4/install/village_zhang' for CMake config files
[0.557s] Level 1:colcon.colcon_core.shell:create_environment_hook('village_zhang', 'cmake_prefix_path')
[0.557s] INFO:colcon.colcon_core.shell:Creating environment hook '/home/ubuntu20/code/markdown/ros2_foxy/charpter4/install/village_zhang/share/village_zhang/hook/cmake_prefix_path.ps1'
[0.558s] INFO:colcon.colcon_core.shell:Creating environment descriptor '/home/ubuntu20/code/markdown/ros2_foxy/charpter4/install/village_zhang/share/village_zhang/hook/cmake_prefix_path.dsv'
[0.558s] INFO:colcon.colcon_core.shell:Creating environment hook '/home/ubuntu20/code/markdown/ros2_foxy/charpter4/install/village_zhang/share/village_zhang/hook/cmake_prefix_path.sh'
[0.558s] Level 1:colcon.colcon_core.environment:checking '/home/ubuntu20/code/markdown/ros2_foxy/charpter4/install/village_zhang/lib'
[0.559s] Level 1:colcon.colcon_core.environment:checking '/home/ubuntu20/code/markdown/ros2_foxy/charpter4/install/village_zhang/bin'
[0.559s] Level 1:colcon.colcon_core.environment:checking '/home/ubuntu20/code/markdown/ros2_foxy/charpter4/install/village_zhang/lib/pkgconfig/village_zhang.pc'
[0.559s] Level 1:colcon.colcon_core.environment:checking '/home/ubuntu20/code/markdown/ros2_foxy/charpter4/install/village_zhang/lib/python3.8/site-packages'
[0.559s] Level 1:colcon.colcon_core.environment:checking '/home/ubuntu20/code/markdown/ros2_foxy/charpter4/install/village_zhang/bin'
[0.559s] INFO:colcon.colcon_core.shell:Creating package script '/home/ubuntu20/code/markdown/ros2_foxy/charpter4/install/village_zhang/share/village_zhang/package.ps1'
[0.559s] INFO:colcon.colcon_core.shell:Creating package descriptor '/home/ubuntu20/code/markdown/ros2_foxy/charpter4/install/village_zhang/share/village_zhang/package.dsv'
[0.560s] INFO:colcon.colcon_core.shell:Creating package script '/home/ubuntu20/code/markdown/ros2_foxy/charpter4/install/village_zhang/share/village_zhang/package.sh'
[0.560s] INFO:colcon.colcon_core.shell:Creating package script '/home/ubuntu20/code/markdown/ros2_foxy/charpter4/install/village_zhang/share/village_zhang/package.bash'
[0.560s] INFO:colcon.colcon_core.shell:Creating package script '/home/ubuntu20/code/markdown/ros2_foxy/charpter4/install/village_zhang/share/village_zhang/package.zsh'
[0.561s] Level 1:colcon.colcon_core.environment:create_file_with_runtime_dependencies(/home/ubuntu20/code/markdown/ros2_foxy/charpter4/install/village_zhang/share/colcon-core/packages/village_zhang)
[0.617s] DEBUG:colcon.colcon_core.event_handler.log_command:Invoked command in '/home/ubuntu20/code/markdown/ros2_foxy/charpter4/build/village_wang' returned '0': CMAKE_PREFIX_PATH=${CMAKE_PREFIX_PATH}:/home/ubuntu20/code/markdown/ros2_foxy/charpter4/install/village_li:/opt/ros/foxy /usr/bin/cmake --build /home/ubuntu20/code/markdown/ros2_foxy/charpter4/build/village_wang -- -j32 -l32
[0.620s] DEBUG:colcon.colcon_core.event_handler.log_command:Invoking command in '/home/ubuntu20/code/markdown/ros2_foxy/charpter4/build/village_wang': CMAKE_PREFIX_PATH=${CMAKE_PREFIX_PATH}:/home/ubuntu20/code/markdown/ros2_foxy/charpter4/install/village_li:/opt/ros/foxy /usr/bin/cmake --install /home/ubuntu20/code/markdown/ros2_foxy/charpter4/build/village_wang
[0.626s] Level 1:colcon.colcon_core.environment:create_environment_scripts_only(village_wang)
[0.626s] DEBUG:colcon.colcon_core.event_handler.log_command:Invoked command in '/home/ubuntu20/code/markdown/ros2_foxy/charpter4/build/village_wang' returned '0': CMAKE_PREFIX_PATH=${CMAKE_PREFIX_PATH}:/home/ubuntu20/code/markdown/ros2_foxy/charpter4/install/village_li:/opt/ros/foxy /usr/bin/cmake --install /home/ubuntu20/code/markdown/ros2_foxy/charpter4/build/village_wang
[0.626s] Level 1:colcon.colcon_core.environment:checking '/home/ubuntu20/code/markdown/ros2_foxy/charpter4/install/village_wang' for CMake module files
[0.627s] Level 1:colcon.colcon_core.environment:checking '/home/ubuntu20/code/markdown/ros2_foxy/charpter4/install/village_wang' for CMake config files
[0.627s] Level 1:colcon.colcon_core.shell:create_environment_hook('village_wang', 'cmake_prefix_path')
[0.627s] INFO:colcon.colcon_core.shell:Creating environment hook '/home/ubuntu20/code/markdown/ros2_foxy/charpter4/install/village_wang/share/village_wang/hook/cmake_prefix_path.ps1'
[0.627s] INFO:colcon.colcon_core.shell:Creating environment descriptor '/home/ubuntu20/code/markdown/ros2_foxy/charpter4/install/village_wang/share/village_wang/hook/cmake_prefix_path.dsv'
[0.628s] INFO:colcon.colcon_core.shell:Creating environment hook '/home/ubuntu20/code/markdown/ros2_foxy/charpter4/install/village_wang/share/village_wang/hook/cmake_prefix_path.sh'
[0.628s] Level 1:colcon.colcon_core.environment:checking '/home/ubuntu20/code/markdown/ros2_foxy/charpter4/install/village_wang/lib'
[0.628s] Level 1:colcon.colcon_core.environment:checking '/home/ubuntu20/code/markdown/ros2_foxy/charpter4/install/village_wang/bin'
[0.628s] Level 1:colcon.colcon_core.environment:checking '/home/ubuntu20/code/markdown/ros2_foxy/charpter4/install/village_wang/lib/pkgconfig/village_wang.pc'
[0.629s] Level 1:colcon.colcon_core.environment:checking '/home/ubuntu20/code/markdown/ros2_foxy/charpter4/install/village_wang/lib/python3.8/site-packages'
[0.629s] Level 1:colcon.colcon_core.environment:checking '/home/ubuntu20/code/markdown/ros2_foxy/charpter4/install/village_wang/bin'
[0.629s] INFO:colcon.colcon_core.shell:Creating package script '/home/ubuntu20/code/markdown/ros2_foxy/charpter4/install/village_wang/share/village_wang/package.ps1'
[0.629s] INFO:colcon.colcon_core.shell:Creating package descriptor '/home/ubuntu20/code/markdown/ros2_foxy/charpter4/install/village_wang/share/village_wang/package.dsv'
[0.630s] INFO:colcon.colcon_core.shell:Creating package script '/home/ubuntu20/code/markdown/ros2_foxy/charpter4/install/village_wang/share/village_wang/package.sh'
[0.630s] INFO:colcon.colcon_core.shell:Creating package script '/home/ubuntu20/code/markdown/ros2_foxy/charpter4/install/village_wang/share/village_wang/package.bash'
[0.630s] INFO:colcon.colcon_core.shell:Creating package script '/home/ubuntu20/code/markdown/ros2_foxy/charpter4/install/village_wang/share/village_wang/package.zsh'
[0.631s] Level 1:colcon.colcon_core.environment:create_file_with_runtime_dependencies(/home/ubuntu20/code/markdown/ros2_foxy/charpter4/install/village_wang/share/colcon-core/packages/village_wang)
[0.631s] Level 1:colcon.colcon_core.environment:create_environment_scripts_only(village_wang)
[0.631s] Level 1:colcon.colcon_core.environment:checking '/home/ubuntu20/code/markdown/ros2_foxy/charpter4/install/village_wang' for CMake module files
[0.631s] Level 1:colcon.colcon_core.environment:checking '/home/ubuntu20/code/markdown/ros2_foxy/charpter4/install/village_wang' for CMake config files
[0.632s] Level 1:colcon.colcon_core.shell:create_environment_hook('village_wang', 'cmake_prefix_path')
[0.632s] INFO:colcon.colcon_core.shell:Creating environment hook '/home/ubuntu20/code/markdown/ros2_foxy/charpter4/install/village_wang/share/village_wang/hook/cmake_prefix_path.ps1'
[0.632s] INFO:colcon.colcon_core.shell:Creating environment descriptor '/home/ubuntu20/code/markdown/ros2_foxy/charpter4/install/village_wang/share/village_wang/hook/cmake_prefix_path.dsv'
[0.632s] INFO:colcon.colcon_core.shell:Creating environment hook '/home/ubuntu20/code/markdown/ros2_foxy/charpter4/install/village_wang/share/village_wang/hook/cmake_prefix_path.sh'
[0.633s] Level 1:colcon.colcon_core.environment:checking '/home/ubuntu20/code/markdown/ros2_foxy/charpter4/install/village_wang/lib'
[0.633s] Level 1:colcon.colcon_core.environment:checking '/home/ubuntu20/code/markdown/ros2_foxy/charpter4/install/village_wang/bin'
[0.633s] Level 1:colcon.colcon_core.environment:checking '/home/ubuntu20/code/markdown/ros2_foxy/charpter4/install/village_wang/lib/pkgconfig/village_wang.pc'
[0.633s] Level 1:colcon.colcon_core.environment:checking '/home/ubuntu20/code/markdown/ros2_foxy/charpter4/install/village_wang/lib/python3.8/site-packages'
[0.633s] Level 1:colcon.colcon_core.environment:checking '/home/ubuntu20/code/markdown/ros2_foxy/charpter4/install/village_wang/bin'
[0.633s] INFO:colcon.colcon_core.shell:Creating package script '/home/ubuntu20/code/markdown/ros2_foxy/charpter4/install/village_wang/share/village_wang/package.ps1'
[0.634s] INFO:colcon.colcon_core.shell:Creating package descriptor '/home/ubuntu20/code/markdown/ros2_foxy/charpter4/install/village_wang/share/village_wang/package.dsv'
[0.634s] INFO:colcon.colcon_core.shell:Creating package script '/home/ubuntu20/code/markdown/ros2_foxy/charpter4/install/village_wang/share/village_wang/package.sh'
[0.635s] INFO:colcon.colcon_core.shell:Creating package script '/home/ubuntu20/code/markdown/ros2_foxy/charpter4/install/village_wang/share/village_wang/package.bash'
[0.635s] INFO:colcon.colcon_core.shell:Creating package script '/home/ubuntu20/code/markdown/ros2_foxy/charpter4/install/village_wang/share/village_wang/package.zsh'
[0.636s] Level 1:colcon.colcon_core.environment:create_file_with_runtime_dependencies(/home/ubuntu20/code/markdown/ros2_foxy/charpter4/install/village_wang/share/colcon-core/packages/village_wang)
[0.664s] DEBUG:colcon.colcon_core.event_handler.log_command:Invoking command in '/home/ubuntu20/code/markdown/ros2_foxy/charpter4/src/village_li': CMAKE_PREFIX_PATH=/home/ubuntu20/code/markdown/ros2_foxy/charpter4/install/village_interfaces:/home/ubuntu20/code/markdown/ros2_foxy/charpter4/install/village_wang PYTHONPATH=/home/ubuntu20/code/markdown/ros2_foxy/charpter4/build/village_li/prefix_override:/usr/lib/python3/dist-packages/colcon_core/task/python/colcon_distutils_commands:/home/ubuntu20/code/markdown/ros2_foxy/charpter4/install/village_li/lib/python3.8/site-packages:/home/ubuntu20/code/markdown/ros2_foxy/charpter4/install/village_interfaces/lib/python3.8/site-packages:/home/ubuntu20/code/markdown/ros2_foxy/charpter4/install/village_li/lib/python3.8/site-packages:/opt/ros/foxy/lib/python3.8/site-packages /usr/bin/python3 -W ignore:setup.py install is deprecated -W ignore:easy_install command is deprecated setup.py egg_info --egg-base ../../build/village_li build --build-base /home/ubuntu20/code/markdown/ros2_foxy/charpter4/build/village_li/build install --record /home/ubuntu20/code/markdown/ros2_foxy/charpter4/build/village_li/install.log --install-scripts $base/lib/village_li --single-version-externally-managed install_data
[0.780s] Level 1:colcon.colcon_core.environment:checking '/home/ubuntu20/code/markdown/ros2_foxy/charpter4/install/village_li' for CMake module files
[0.781s] DEBUG:colcon.colcon_core.event_handler.log_command:Invoked command in '/home/ubuntu20/code/markdown/ros2_foxy/charpter4/src/village_li' returned '0': CMAKE_PREFIX_PATH=/home/ubuntu20/code/markdown/ros2_foxy/charpter4/install/village_interfaces:/home/ubuntu20/code/markdown/ros2_foxy/charpter4/install/village_wang PYTHONPATH=/home/ubuntu20/code/markdown/ros2_foxy/charpter4/build/village_li/prefix_override:/usr/lib/python3/dist-packages/colcon_core/task/python/colcon_distutils_commands:/home/ubuntu20/code/markdown/ros2_foxy/charpter4/install/village_li/lib/python3.8/site-packages:/home/ubuntu20/code/markdown/ros2_foxy/charpter4/install/village_interfaces/lib/python3.8/site-packages:/home/ubuntu20/code/markdown/ros2_foxy/charpter4/install/village_li/lib/python3.8/site-packages:/opt/ros/foxy/lib/python3.8/site-packages /usr/bin/python3 -W ignore:setup.py install is deprecated -W ignore:easy_install command is deprecated setup.py egg_info --egg-base ../../build/village_li build --build-base /home/ubuntu20/code/markdown/ros2_foxy/charpter4/build/village_li/build install --record /home/ubuntu20/code/markdown/ros2_foxy/charpter4/build/village_li/install.log --install-scripts $base/lib/village_li --single-version-externally-managed install_data
[0.781s] Level 1:colcon.colcon_core.environment:checking '/home/ubuntu20/code/markdown/ros2_foxy/charpter4/install/village_li' for CMake config files
[0.781s] Level 1:colcon.colcon_core.environment:checking '/home/ubuntu20/code/markdown/ros2_foxy/charpter4/install/village_li/lib'
[0.782s] Level 1:colcon.colcon_core.environment:checking '/home/ubuntu20/code/markdown/ros2_foxy/charpter4/install/village_li/bin'
[0.782s] Level 1:colcon.colcon_core.environment:checking '/home/ubuntu20/code/markdown/ros2_foxy/charpter4/install/village_li/lib/pkgconfig/village_li.pc'
[0.782s] Level 1:colcon.colcon_core.environment:checking '/home/ubuntu20/code/markdown/ros2_foxy/charpter4/install/village_li/lib/python3.8/site-packages'
[0.782s] Level 1:colcon.colcon_core.shell:create_environment_hook('village_li', 'pythonpath')
[0.782s] INFO:colcon.colcon_core.shell:Creating environment hook '/home/ubuntu20/code/markdown/ros2_foxy/charpter4/install/village_li/share/village_li/hook/pythonpath.ps1'
[0.782s] INFO:colcon.colcon_core.shell:Creating environment descriptor '/home/ubuntu20/code/markdown/ros2_foxy/charpter4/install/village_li/share/village_li/hook/pythonpath.dsv'
[0.783s] INFO:colcon.colcon_core.shell:Creating environment hook '/home/ubuntu20/code/markdown/ros2_foxy/charpter4/install/village_li/share/village_li/hook/pythonpath.sh'
[0.783s] Level 1:colcon.colcon_core.environment:checking '/home/ubuntu20/code/markdown/ros2_foxy/charpter4/install/village_li/bin'
[0.783s] Level 1:colcon.colcon_core.environment:create_environment_scripts_only(village_li)
[0.784s] INFO:colcon.colcon_core.shell:Creating package script '/home/ubuntu20/code/markdown/ros2_foxy/charpter4/install/village_li/share/village_li/package.ps1'
[0.784s] INFO:colcon.colcon_core.shell:Creating package descriptor '/home/ubuntu20/code/markdown/ros2_foxy/charpter4/install/village_li/share/village_li/package.dsv'
[0.784s] INFO:colcon.colcon_core.shell:Creating package script '/home/ubuntu20/code/markdown/ros2_foxy/charpter4/install/village_li/share/village_li/package.sh'
[0.785s] INFO:colcon.colcon_core.shell:Creating package script '/home/ubuntu20/code/markdown/ros2_foxy/charpter4/install/village_li/share/village_li/package.bash'
[0.785s] INFO:colcon.colcon_core.shell:Creating package script '/home/ubuntu20/code/markdown/ros2_foxy/charpter4/install/village_li/share/village_li/package.zsh'
[0.786s] Level 1:colcon.colcon_core.environment:create_file_with_runtime_dependencies(/home/ubuntu20/code/markdown/ros2_foxy/charpter4/install/village_li/share/colcon-core/packages/village_li)
[0.786s] DEBUG:colcon.colcon_parallel_executor.executor.parallel:closing loop
[0.787s] DEBUG:colcon.colcon_parallel_executor.executor.parallel:loop closed
[0.787s] DEBUG:colcon.colcon_parallel_executor.executor.parallel:run_until_complete finished with '0'
[0.787s] DEBUG:colcon.colcon_core.event_reactor:joining thread
[0.791s] INFO:colcon.colcon_core.plugin_system:Skipping extension 'colcon_notification.desktop_notification.terminal_notifier': Not used on non-Darwin systems
[0.791s] INFO:colcon.colcon_core.plugin_system:Skipping extension 'colcon_notification.desktop_notification.win32': Not used on non-Windows systems
[0.791s] INFO:colcon.colcon_notification.desktop_notification:Sending desktop notification using 'notify2'
[0.801s] DEBUG:colcon.colcon_core.event_reactor:joined thread
[0.801s] INFO:colcon.colcon_core.shell:Creating prefix script '/home/ubuntu20/code/markdown/ros2_foxy/charpter4/install/local_setup.ps1'
[0.802s] INFO:colcon.colcon_core.shell:Creating prefix util module '/home/ubuntu20/code/markdown/ros2_foxy/charpter4/install/_local_setup_util_ps1.py'
[0.802s] INFO:colcon.colcon_core.shell:Creating prefix chain script '/home/ubuntu20/code/markdown/ros2_foxy/charpter4/install/setup.ps1'
[0.803s] INFO:colcon.colcon_core.shell:Creating prefix script '/home/ubuntu20/code/markdown/ros2_foxy/charpter4/install/local_setup.sh'
[0.804s] INFO:colcon.colcon_core.shell:Creating prefix util module '/home/ubuntu20/code/markdown/ros2_foxy/charpter4/install/_local_setup_util_sh.py'
[0.804s] INFO:colcon.colcon_core.shell:Creating prefix chain script '/home/ubuntu20/code/markdown/ros2_foxy/charpter4/install/setup.sh'
[0.805s] INFO:colcon.colcon_core.shell:Creating prefix script '/home/ubuntu20/code/markdown/ros2_foxy/charpter4/install/local_setup.bash'
[0.805s] INFO:colcon.colcon_core.shell:Creating prefix chain script '/home/ubuntu20/code/markdown/ros2_foxy/charpter4/install/setup.bash'
[0.806s] INFO:colcon.colcon_core.shell:Creating prefix script '/home/ubuntu20/code/markdown/ros2_foxy/charpter4/install/local_setup.zsh'
[0.806s] INFO:colcon.colcon_core.shell:Creating prefix chain script '/home/ubuntu20/code/markdown/ros2_foxy/charpter4/install/setup.zsh'
