[0.074s] DEBUG:colcon:Command line arguments: ['/usr/bin/colcon', 'build', '--packages-select', 'village_interfaces']
[0.075s] DEBUG:colcon:Parsed command line arguments: Namespace(allow_overriding=[], ament_cmake_args=None, base_paths=['.'], build_base='build', catkin_cmake_args=None, catkin_skip_building_tests=False, cmake_args=None, cmake_clean_cache=False, cmake_clean_first=False, cmake_force_configure=False, cmake_target=None, cmake_target_skip_unavailable=False, continue_on_error=False, event_handlers=None, executor='parallel', ignore_user_meta=False, install_base='install', log_base=None, log_level=None, main=<bound method BuildVerb.main of <colcon_core.verb.build.BuildVerb object at 0x7efea3b3a4f0>>, merge_install=False, metas=['./colcon.meta'], packages_above=None, packages_above_and_dependencies=None, packages_above_depth=None, packages_end=None, packages_ignore=None, packages_ignore_regex=None, packages_select=['village_interfaces'], packages_select_build_failed=False, packages_select_by_dep=None, packages_select_regex=None, packages_select_test_failures=False, packages_skip=None, packages_skip_build_finished=False, packages_skip_by_dep=None, packages_skip_regex=None, packages_skip_test_passed=False, packages_skip_up_to=None, packages_start=None, packages_up_to=None, packages_up_to_regex=None, parallel_workers=32, paths=None, symlink_install=False, test_result_base=None, verb_extension=<colcon_core.verb.build.BuildVerb object at 0x7efea3b3a4f0>, verb_name='build', verb_parser=<colcon_defaults.argument_parser.defaults.DefaultArgumentsDecorator object at 0x7efea3b3aa00>)
[0.126s] Level 1:colcon.colcon_core.package_discovery:discover_packages(colcon_meta) check parameters
[0.126s] Level 1:colcon.colcon_core.package_discovery:discover_packages(recursive) check parameters
[0.126s] Level 1:colcon.colcon_core.package_discovery:discover_packages(ignore) check parameters
[0.126s] Level 1:colcon.colcon_core.package_discovery:discover_packages(path) check parameters
[0.126s] Level 1:colcon.colcon_core.package_discovery:discover_packages(colcon_meta) discover
[0.126s] Level 1:colcon.colcon_core.package_discovery:discover_packages(recursive) discover
[0.126s] INFO:colcon.colcon_core.package_discovery:Crawling recursively for packages in '/home/ubuntu20/code/markdown/ros2_foxy/charpter4'
[0.126s] Level 1:colcon.colcon_core.package_identification:_identify(.) by extensions ['ignore', 'ignore_ament_install']
[0.126s] Level 1:colcon.colcon_core.package_identification:_identify(.) by extension 'ignore'
[0.126s] Level 1:colcon.colcon_core.package_identification:_identify(.) by extension 'ignore_ament_install'
[0.126s] Level 1:colcon.colcon_core.package_identification:_identify(.) by extensions ['colcon_pkg']
[0.126s] Level 1:colcon.colcon_core.package_identification:_identify(.) by extension 'colcon_pkg'
[0.126s] Level 1:colcon.colcon_core.package_identification:_identify(.) by extensions ['colcon_meta']
[0.126s] Level 1:colcon.colcon_core.package_identification:_identify(.) by extension 'colcon_meta'
[0.126s] Level 1:colcon.colcon_core.package_identification:_identify(.) by extensions ['ros']
[0.126s] Level 1:colcon.colcon_core.package_identification:_identify(.) by extension 'ros'
[0.131s] Level 1:colcon.colcon_core.package_identification:_identify(.) by extensions ['cmake', 'python']
[0.131s] Level 1:colcon.colcon_core.package_identification:_identify(.) by extension 'cmake'
[0.131s] Level 1:colcon.colcon_core.package_identification:_identify(.) by extension 'python'
[0.131s] Level 1:colcon.colcon_core.package_identification:_identify(.) by extensions ['python_setup_py']
[0.131s] Level 1:colcon.colcon_core.package_identification:_identify(.) by extension 'python_setup_py'
[0.131s] Level 1:colcon.colcon_core.package_identification:_identify(build) by extensions ['ignore', 'ignore_ament_install']
[0.131s] Level 1:colcon.colcon_core.package_identification:_identify(build) by extension 'ignore'
[0.131s] Level 1:colcon.colcon_core.package_identification:_identify(build) ignored
[0.132s] Level 1:colcon.colcon_core.package_identification:_identify(install) by extensions ['ignore', 'ignore_ament_install']
[0.132s] Level 1:colcon.colcon_core.package_identification:_identify(install) by extension 'ignore'
[0.132s] Level 1:colcon.colcon_core.package_identification:_identify(install) ignored
[0.132s] Level 1:colcon.colcon_core.package_identification:_identify(log) by extensions ['ignore', 'ignore_ament_install']
[0.132s] Level 1:colcon.colcon_core.package_identification:_identify(log) by extension 'ignore'
[0.132s] Level 1:colcon.colcon_core.package_identification:_identify(log) ignored
[0.132s] Level 1:colcon.colcon_core.package_identification:_identify(src) by extensions ['ignore', 'ignore_ament_install']
[0.132s] Level 1:colcon.colcon_core.package_identification:_identify(src) by extension 'ignore'
[0.132s] Level 1:colcon.colcon_core.package_identification:_identify(src) by extension 'ignore_ament_install'
[0.132s] Level 1:colcon.colcon_core.package_identification:_identify(src) by extensions ['colcon_pkg']
[0.132s] Level 1:colcon.colcon_core.package_identification:_identify(src) by extension 'colcon_pkg'
[0.132s] Level 1:colcon.colcon_core.package_identification:_identify(src) by extensions ['colcon_meta']
[0.132s] Level 1:colcon.colcon_core.package_identification:_identify(src) by extension 'colcon_meta'
[0.132s] Level 1:colcon.colcon_core.package_identification:_identify(src) by extensions ['ros']
[0.132s] Level 1:colcon.colcon_core.package_identification:_identify(src) by extension 'ros'
[0.132s] Level 1:colcon.colcon_core.package_identification:_identify(src) by extensions ['cmake', 'python']
[0.132s] Level 1:colcon.colcon_core.package_identification:_identify(src) by extension 'cmake'
[0.132s] Level 1:colcon.colcon_core.package_identification:_identify(src) by extension 'python'
[0.132s] Level 1:colcon.colcon_core.package_identification:_identify(src) by extensions ['python_setup_py']
[0.132s] Level 1:colcon.colcon_core.package_identification:_identify(src) by extension 'python_setup_py'
[0.132s] Level 1:colcon.colcon_core.package_identification:_identify(src/village_interfaces) by extensions ['ignore', 'ignore_ament_install']
[0.132s] Level 1:colcon.colcon_core.package_identification:_identify(src/village_interfaces) by extension 'ignore'
[0.132s] Level 1:colcon.colcon_core.package_identification:_identify(src/village_interfaces) by extension 'ignore_ament_install'
[0.132s] Level 1:colcon.colcon_core.package_identification:_identify(src/village_interfaces) by extensions ['colcon_pkg']
[0.132s] Level 1:colcon.colcon_core.package_identification:_identify(src/village_interfaces) by extension 'colcon_pkg'
[0.132s] Level 1:colcon.colcon_core.package_identification:_identify(src/village_interfaces) by extensions ['colcon_meta']
[0.132s] Level 1:colcon.colcon_core.package_identification:_identify(src/village_interfaces) by extension 'colcon_meta'
[0.132s] Level 1:colcon.colcon_core.package_identification:_identify(src/village_interfaces) by extensions ['ros']
[0.132s] Level 1:colcon.colcon_core.package_identification:_identify(src/village_interfaces) by extension 'ros'
[0.133s] DEBUG:colcon.colcon_core.package_identification:Package 'src/village_interfaces' with type 'ros.ament_cmake' and name 'village_interfaces'
[0.133s] Level 1:colcon.colcon_core.package_identification:_identify(src/village_li) by extensions ['ignore', 'ignore_ament_install']
[0.133s] Level 1:colcon.colcon_core.package_identification:_identify(src/village_li) by extension 'ignore'
[0.133s] Level 1:colcon.colcon_core.package_identification:_identify(src/village_li) by extension 'ignore_ament_install'
[0.133s] Level 1:colcon.colcon_core.package_identification:_identify(src/village_li) by extensions ['colcon_pkg']
[0.133s] Level 1:colcon.colcon_core.package_identification:_identify(src/village_li) by extension 'colcon_pkg'
[0.133s] Level 1:colcon.colcon_core.package_identification:_identify(src/village_li) by extensions ['colcon_meta']
[0.133s] Level 1:colcon.colcon_core.package_identification:_identify(src/village_li) by extension 'colcon_meta'
[0.133s] Level 1:colcon.colcon_core.package_identification:_identify(src/village_li) by extensions ['ros']
[0.133s] Level 1:colcon.colcon_core.package_identification:_identify(src/village_li) by extension 'ros'
[0.134s] DEBUG:colcon.colcon_core.package_identification:Package 'src/village_li' with type 'ros.ament_python' and name 'village_li'
[0.134s] Level 1:colcon.colcon_core.package_identification:_identify(src/village_wang) by extensions ['ignore', 'ignore_ament_install']
[0.134s] Level 1:colcon.colcon_core.package_identification:_identify(src/village_wang) by extension 'ignore'
[0.134s] Level 1:colcon.colcon_core.package_identification:_identify(src/village_wang) by extension 'ignore_ament_install'
[0.134s] Level 1:colcon.colcon_core.package_identification:_identify(src/village_wang) by extensions ['colcon_pkg']
[0.134s] Level 1:colcon.colcon_core.package_identification:_identify(src/village_wang) by extension 'colcon_pkg'
[0.134s] Level 1:colcon.colcon_core.package_identification:_identify(src/village_wang) by extensions ['colcon_meta']
[0.134s] Level 1:colcon.colcon_core.package_identification:_identify(src/village_wang) by extension 'colcon_meta'
[0.134s] Level 1:colcon.colcon_core.package_identification:_identify(src/village_wang) by extensions ['ros']
[0.134s] Level 1:colcon.colcon_core.package_identification:_identify(src/village_wang) by extension 'ros'
[0.134s] DEBUG:colcon.colcon_core.package_identification:Package 'src/village_wang' with type 'ros.ament_cmake' and name 'village_wang'
[0.134s] Level 1:colcon.colcon_core.package_identification:_identify(src/village_zhang) by extensions ['ignore', 'ignore_ament_install']
[0.134s] Level 1:colcon.colcon_core.package_identification:_identify(src/village_zhang) by extension 'ignore'
[0.134s] Level 1:colcon.colcon_core.package_identification:_identify(src/village_zhang) by extension 'ignore_ament_install'
[0.134s] Level 1:colcon.colcon_core.package_identification:_identify(src/village_zhang) by extensions ['colcon_pkg']
[0.134s] Level 1:colcon.colcon_core.package_identification:_identify(src/village_zhang) by extension 'colcon_pkg'
[0.134s] Level 1:colcon.colcon_core.package_identification:_identify(src/village_zhang) by extensions ['colcon_meta']
[0.134s] Level 1:colcon.colcon_core.package_identification:_identify(src/village_zhang) by extension 'colcon_meta'
[0.134s] Level 1:colcon.colcon_core.package_identification:_identify(src/village_zhang) by extensions ['ros']
[0.134s] Level 1:colcon.colcon_core.package_identification:_identify(src/village_zhang) by extension 'ros'
[0.135s] DEBUG:colcon.colcon_core.package_identification:Package 'src/village_zhang' with type 'ros.ament_cmake' and name 'village_zhang'
[0.135s] Level 1:colcon.colcon_core.package_discovery:discover_packages(recursive) using defaults
[0.135s] Level 1:colcon.colcon_core.package_discovery:discover_packages(ignore) discover
[0.135s] Level 1:colcon.colcon_core.package_discovery:discover_packages(ignore) using defaults
[0.135s] Level 1:colcon.colcon_core.package_discovery:discover_packages(path) discover
[0.135s] Level 1:colcon.colcon_core.package_discovery:discover_packages(path) using defaults
[0.141s] INFO:colcon.colcon_core.package_selection:Skipping not selected package 'village_li' in 'src/village_li'
[0.141s] INFO:colcon.colcon_core.package_selection:Skipping not selected package 'village_wang' in 'src/village_wang'
[0.141s] INFO:colcon.colcon_core.package_selection:Skipping not selected package 'village_zhang' in 'src/village_zhang'
[0.142s] Level 1:colcon.colcon_core.package_discovery:discover_packages(prefix_path) check parameters
[0.142s] Level 1:colcon.colcon_core.package_discovery:discover_packages(prefix_path) discover
[0.142s] WARNING:colcon.colcon_core.prefix_path.colcon:The path '/home/ubuntu20/code/markdown/ros2_foxy/ros2_town/install' in the environment variable COLCON_PREFIX_PATH doesn't exist
[0.142s] WARNING:colcon.colcon_ros.prefix_path.ament:The path '/home/ubuntu20/code/markdown/ros2_foxy/ros2_town/install/village_zhang' in the environment variable AMENT_PREFIX_PATH doesn't exist
[0.142s] WARNING:colcon.colcon_ros.prefix_path.ament:The path '/home/ubuntu20/code/markdown/ros2_foxy/ros2_town/install/village_wang' in the environment variable AMENT_PREFIX_PATH doesn't exist
[0.142s] WARNING:colcon.colcon_ros.prefix_path.ament:The path '/home/ubuntu20/code/markdown/ros2_foxy/ros2_town/install/village_li' in the environment variable AMENT_PREFIX_PATH doesn't exist
[0.142s] WARNING:colcon.colcon_ros.prefix_path.ament:The path '/home/ubuntu20/code/markdown/ros2_foxy/ros2_town/install/village_interfaces' in the environment variable AMENT_PREFIX_PATH doesn't exist
[0.142s] WARNING:colcon.colcon_ros.prefix_path.catkin:The path '/home/ubuntu20/code/markdown/ros2_foxy/ros2_town/install/village_zhang' in the environment variable CMAKE_PREFIX_PATH doesn't exist
[0.142s] WARNING:colcon.colcon_ros.prefix_path.catkin:The path '/home/ubuntu20/code/markdown/ros2_foxy/ros2_town/install/village_wang' in the environment variable CMAKE_PREFIX_PATH doesn't exist
[0.142s] WARNING:colcon.colcon_ros.prefix_path.catkin:The path '/home/ubuntu20/code/markdown/ros2_foxy/ros2_town/install/village_interfaces' in the environment variable CMAKE_PREFIX_PATH doesn't exist
[0.143s] DEBUG:colcon.colcon_installed_package_information.package_discovery:Found 288 installed packages in /opt/ros/foxy
[0.144s] Level 1:colcon.colcon_core.package_discovery:discover_packages(prefix_path) using defaults
[0.170s] Level 5:colcon.colcon_core.verb:set package 'village_interfaces' build argument 'cmake_args' from command line to 'None'
[0.170s] Level 5:colcon.colcon_core.verb:set package 'village_interfaces' build argument 'cmake_target' from command line to 'None'
[0.170s] Level 5:colcon.colcon_core.verb:set package 'village_interfaces' build argument 'cmake_target_skip_unavailable' from command line to 'False'
[0.170s] Level 5:colcon.colcon_core.verb:set package 'village_interfaces' build argument 'cmake_clean_cache' from command line to 'False'
[0.170s] Level 5:colcon.colcon_core.verb:set package 'village_interfaces' build argument 'cmake_clean_first' from command line to 'False'
[0.170s] Level 5:colcon.colcon_core.verb:set package 'village_interfaces' build argument 'cmake_force_configure' from command line to 'False'
[0.170s] Level 5:colcon.colcon_core.verb:set package 'village_interfaces' build argument 'ament_cmake_args' from command line to 'None'
[0.170s] Level 5:colcon.colcon_core.verb:set package 'village_interfaces' build argument 'catkin_cmake_args' from command line to 'None'
[0.170s] Level 5:colcon.colcon_core.verb:set package 'village_interfaces' build argument 'catkin_skip_building_tests' from command line to 'False'
[0.170s] DEBUG:colcon.colcon_core.verb:Building package 'village_interfaces' with the following arguments: {'ament_cmake_args': None, 'build_base': '/home/ubuntu20/code/markdown/ros2_foxy/charpter4/build/village_interfaces', 'catkin_cmake_args': None, 'catkin_skip_building_tests': False, 'cmake_args': None, 'cmake_clean_cache': False, 'cmake_clean_first': False, 'cmake_force_configure': False, 'cmake_target': None, 'cmake_target_skip_unavailable': False, 'install_base': '/home/ubuntu20/code/markdown/ros2_foxy/charpter4/install/village_interfaces', 'merge_install': False, 'path': '/home/ubuntu20/code/markdown/ros2_foxy/charpter4/src/village_interfaces', 'symlink_install': False, 'test_result_base': None}
[0.170s] INFO:colcon.colcon_core.executor:Executing jobs using 'parallel' executor
[0.171s] DEBUG:colcon.colcon_parallel_executor.executor.parallel:run_until_complete
[0.171s] INFO:colcon.colcon_ros.task.ament_cmake.build:Building ROS package in '/home/ubuntu20/code/markdown/ros2_foxy/charpter4/src/village_interfaces' with build type 'ament_cmake'
[0.172s] INFO:colcon.colcon_cmake.task.cmake.build:Building CMake package in '/home/ubuntu20/code/markdown/ros2_foxy/charpter4/src/village_interfaces'
[0.173s] INFO:colcon.colcon_core.plugin_system:Skipping extension 'colcon_core.shell.bat': Not used on non-Windows systems
[0.173s] INFO:colcon.colcon_core.shell:Skip shell extension 'powershell' for command environment: Not usable outside of PowerShell
[0.173s] DEBUG:colcon.colcon_core.shell:Skip shell extension 'dsv' for command environment
[0.181s] DEBUG:colcon.colcon_core.event_handler.log_command:Invoking command in '/home/ubuntu20/code/markdown/ros2_foxy/charpter4/build/village_interfaces': CMAKE_PREFIX_PATH=${CMAKE_PREFIX_PATH}:/home/ubuntu20/code/markdown/ros2_foxy/ros2_town/install/village_li:/opt/ros/foxy /usr/bin/cmake --build /home/ubuntu20/code/markdown/ros2_foxy/charpter4/build/village_interfaces -- -j32 -l32
[0.308s] DEBUG:colcon.colcon_core.event_handler.log_command:Invoked command in '/home/ubuntu20/code/markdown/ros2_foxy/charpter4/build/village_interfaces' returned '0': CMAKE_PREFIX_PATH=${CMAKE_PREFIX_PATH}:/home/ubuntu20/code/markdown/ros2_foxy/ros2_town/install/village_li:/opt/ros/foxy /usr/bin/cmake --build /home/ubuntu20/code/markdown/ros2_foxy/charpter4/build/village_interfaces -- -j32 -l32
[0.316s] DEBUG:colcon.colcon_core.event_handler.log_command:Invoking command in '/home/ubuntu20/code/markdown/ros2_foxy/charpter4/build/village_interfaces': CMAKE_PREFIX_PATH=${CMAKE_PREFIX_PATH}:/home/ubuntu20/code/markdown/ros2_foxy/ros2_town/install/village_li:/opt/ros/foxy /usr/bin/cmake --install /home/ubuntu20/code/markdown/ros2_foxy/charpter4/build/village_interfaces
[0.343s] Level 1:colcon.colcon_core.environment:create_environment_scripts_only(village_interfaces)
[0.345s] DEBUG:colcon.colcon_core.event_handler.log_command:Invoked command in '/home/ubuntu20/code/markdown/ros2_foxy/charpter4/build/village_interfaces' returned '0': CMAKE_PREFIX_PATH=${CMAKE_PREFIX_PATH}:/home/ubuntu20/code/markdown/ros2_foxy/ros2_town/install/village_li:/opt/ros/foxy /usr/bin/cmake --install /home/ubuntu20/code/markdown/ros2_foxy/charpter4/build/village_interfaces
[0.345s] Level 1:colcon.colcon_core.environment:checking '/home/ubuntu20/code/markdown/ros2_foxy/charpter4/install/village_interfaces' for CMake module files
[0.346s] Level 1:colcon.colcon_core.environment:checking '/home/ubuntu20/code/markdown/ros2_foxy/charpter4/install/village_interfaces' for CMake config files
[0.346s] Level 1:colcon.colcon_core.shell:create_environment_hook('village_interfaces', 'cmake_prefix_path')
[0.346s] INFO:colcon.colcon_core.shell:Creating environment hook '/home/ubuntu20/code/markdown/ros2_foxy/charpter4/install/village_interfaces/share/village_interfaces/hook/cmake_prefix_path.ps1'
[0.347s] INFO:colcon.colcon_core.shell:Creating environment descriptor '/home/ubuntu20/code/markdown/ros2_foxy/charpter4/install/village_interfaces/share/village_interfaces/hook/cmake_prefix_path.dsv'
[0.347s] INFO:colcon.colcon_core.shell:Creating environment hook '/home/ubuntu20/code/markdown/ros2_foxy/charpter4/install/village_interfaces/share/village_interfaces/hook/cmake_prefix_path.sh'
[0.348s] Level 1:colcon.colcon_core.environment:checking '/home/ubuntu20/code/markdown/ros2_foxy/charpter4/install/village_interfaces/lib'
[0.348s] Level 1:colcon.colcon_core.shell:create_environment_hook('village_interfaces', 'ld_library_path_lib')
[0.348s] INFO:colcon.colcon_core.shell:Creating environment hook '/home/ubuntu20/code/markdown/ros2_foxy/charpter4/install/village_interfaces/share/village_interfaces/hook/ld_library_path_lib.ps1'
[0.348s] INFO:colcon.colcon_core.shell:Creating environment descriptor '/home/ubuntu20/code/markdown/ros2_foxy/charpter4/install/village_interfaces/share/village_interfaces/hook/ld_library_path_lib.dsv'
[0.349s] INFO:colcon.colcon_core.shell:Creating environment hook '/home/ubuntu20/code/markdown/ros2_foxy/charpter4/install/village_interfaces/share/village_interfaces/hook/ld_library_path_lib.sh'
[0.349s] Level 1:colcon.colcon_core.environment:checking '/home/ubuntu20/code/markdown/ros2_foxy/charpter4/install/village_interfaces/bin'
[0.349s] Level 1:colcon.colcon_core.environment:checking '/home/ubuntu20/code/markdown/ros2_foxy/charpter4/install/village_interfaces/lib/pkgconfig/village_interfaces.pc'
[0.349s] Level 1:colcon.colcon_core.environment:checking '/home/ubuntu20/code/markdown/ros2_foxy/charpter4/install/village_interfaces/lib/python3.8/site-packages'
[0.349s] Level 1:colcon.colcon_core.shell:create_environment_hook('village_interfaces', 'pythonpath')
[0.350s] INFO:colcon.colcon_core.shell:Creating environment hook '/home/ubuntu20/code/markdown/ros2_foxy/charpter4/install/village_interfaces/share/village_interfaces/hook/pythonpath.ps1'
[0.350s] INFO:colcon.colcon_core.shell:Creating environment descriptor '/home/ubuntu20/code/markdown/ros2_foxy/charpter4/install/village_interfaces/share/village_interfaces/hook/pythonpath.dsv'
[0.350s] INFO:colcon.colcon_core.shell:Creating environment hook '/home/ubuntu20/code/markdown/ros2_foxy/charpter4/install/village_interfaces/share/village_interfaces/hook/pythonpath.sh'
[0.351s] Level 1:colcon.colcon_core.environment:checking '/home/ubuntu20/code/markdown/ros2_foxy/charpter4/install/village_interfaces/bin'
[0.351s] INFO:colcon.colcon_core.shell:Creating package script '/home/ubuntu20/code/markdown/ros2_foxy/charpter4/install/village_interfaces/share/village_interfaces/package.ps1'
[0.351s] INFO:colcon.colcon_core.shell:Creating package descriptor '/home/ubuntu20/code/markdown/ros2_foxy/charpter4/install/village_interfaces/share/village_interfaces/package.dsv'
[0.352s] INFO:colcon.colcon_core.shell:Creating package script '/home/ubuntu20/code/markdown/ros2_foxy/charpter4/install/village_interfaces/share/village_interfaces/package.sh'
[0.352s] INFO:colcon.colcon_core.shell:Creating package script '/home/ubuntu20/code/markdown/ros2_foxy/charpter4/install/village_interfaces/share/village_interfaces/package.bash'
[0.353s] INFO:colcon.colcon_core.shell:Creating package script '/home/ubuntu20/code/markdown/ros2_foxy/charpter4/install/village_interfaces/share/village_interfaces/package.zsh'
[0.353s] Level 1:colcon.colcon_core.environment:create_file_with_runtime_dependencies(/home/ubuntu20/code/markdown/ros2_foxy/charpter4/install/village_interfaces/share/colcon-core/packages/village_interfaces)
[0.354s] Level 1:colcon.colcon_core.environment:create_environment_scripts_only(village_interfaces)
[0.354s] Level 1:colcon.colcon_core.environment:checking '/home/ubuntu20/code/markdown/ros2_foxy/charpter4/install/village_interfaces' for CMake module files
[0.354s] Level 1:colcon.colcon_core.environment:checking '/home/ubuntu20/code/markdown/ros2_foxy/charpter4/install/village_interfaces' for CMake config files
[0.354s] Level 1:colcon.colcon_core.shell:create_environment_hook('village_interfaces', 'cmake_prefix_path')
[0.355s] INFO:colcon.colcon_core.shell:Creating environment hook '/home/ubuntu20/code/markdown/ros2_foxy/charpter4/install/village_interfaces/share/village_interfaces/hook/cmake_prefix_path.ps1'
[0.355s] INFO:colcon.colcon_core.shell:Creating environment descriptor '/home/ubuntu20/code/markdown/ros2_foxy/charpter4/install/village_interfaces/share/village_interfaces/hook/cmake_prefix_path.dsv'
[0.355s] INFO:colcon.colcon_core.shell:Creating environment hook '/home/ubuntu20/code/markdown/ros2_foxy/charpter4/install/village_interfaces/share/village_interfaces/hook/cmake_prefix_path.sh'
[0.356s] Level 1:colcon.colcon_core.environment:checking '/home/ubuntu20/code/markdown/ros2_foxy/charpter4/install/village_interfaces/lib'
[0.356s] Level 1:colcon.colcon_core.shell:create_environment_hook('village_interfaces', 'ld_library_path_lib')
[0.356s] INFO:colcon.colcon_core.shell:Creating environment hook '/home/ubuntu20/code/markdown/ros2_foxy/charpter4/install/village_interfaces/share/village_interfaces/hook/ld_library_path_lib.ps1'
[0.356s] INFO:colcon.colcon_core.shell:Creating environment descriptor '/home/ubuntu20/code/markdown/ros2_foxy/charpter4/install/village_interfaces/share/village_interfaces/hook/ld_library_path_lib.dsv'
[0.357s] INFO:colcon.colcon_core.shell:Creating environment hook '/home/ubuntu20/code/markdown/ros2_foxy/charpter4/install/village_interfaces/share/village_interfaces/hook/ld_library_path_lib.sh'
[0.357s] Level 1:colcon.colcon_core.environment:checking '/home/ubuntu20/code/markdown/ros2_foxy/charpter4/install/village_interfaces/bin'
[0.357s] Level 1:colcon.colcon_core.environment:checking '/home/ubuntu20/code/markdown/ros2_foxy/charpter4/install/village_interfaces/lib/pkgconfig/village_interfaces.pc'
[0.357s] Level 1:colcon.colcon_core.environment:checking '/home/ubuntu20/code/markdown/ros2_foxy/charpter4/install/village_interfaces/lib/python3.8/site-packages'
[0.357s] Level 1:colcon.colcon_core.shell:create_environment_hook('village_interfaces', 'pythonpath')
[0.357s] INFO:colcon.colcon_core.shell:Creating environment hook '/home/ubuntu20/code/markdown/ros2_foxy/charpter4/install/village_interfaces/share/village_interfaces/hook/pythonpath.ps1'
[0.357s] INFO:colcon.colcon_core.shell:Creating environment descriptor '/home/ubuntu20/code/markdown/ros2_foxy/charpter4/install/village_interfaces/share/village_interfaces/hook/pythonpath.dsv'
[0.358s] INFO:colcon.colcon_core.shell:Creating environment hook '/home/ubuntu20/code/markdown/ros2_foxy/charpter4/install/village_interfaces/share/village_interfaces/hook/pythonpath.sh'
[0.358s] Level 1:colcon.colcon_core.environment:checking '/home/ubuntu20/code/markdown/ros2_foxy/charpter4/install/village_interfaces/bin'
[0.358s] INFO:colcon.colcon_core.shell:Creating package script '/home/ubuntu20/code/markdown/ros2_foxy/charpter4/install/village_interfaces/share/village_interfaces/package.ps1'
[0.359s] INFO:colcon.colcon_core.shell:Creating package descriptor '/home/ubuntu20/code/markdown/ros2_foxy/charpter4/install/village_interfaces/share/village_interfaces/package.dsv'
[0.359s] INFO:colcon.colcon_core.shell:Creating package script '/home/ubuntu20/code/markdown/ros2_foxy/charpter4/install/village_interfaces/share/village_interfaces/package.sh'
[0.360s] INFO:colcon.colcon_core.shell:Creating package script '/home/ubuntu20/code/markdown/ros2_foxy/charpter4/install/village_interfaces/share/village_interfaces/package.bash'
[0.360s] INFO:colcon.colcon_core.shell:Creating package script '/home/ubuntu20/code/markdown/ros2_foxy/charpter4/install/village_interfaces/share/village_interfaces/package.zsh'
[0.360s] Level 1:colcon.colcon_core.environment:create_file_with_runtime_dependencies(/home/ubuntu20/code/markdown/ros2_foxy/charpter4/install/village_interfaces/share/colcon-core/packages/village_interfaces)
[0.361s] DEBUG:colcon.colcon_parallel_executor.executor.parallel:closing loop
[0.361s] DEBUG:colcon.colcon_parallel_executor.executor.parallel:loop closed
[0.361s] DEBUG:colcon.colcon_parallel_executor.executor.parallel:run_until_complete finished with '0'
[0.361s] DEBUG:colcon.colcon_core.event_reactor:joining thread
[0.364s] INFO:colcon.colcon_core.plugin_system:Skipping extension 'colcon_notification.desktop_notification.terminal_notifier': Not used on non-Darwin systems
[0.364s] INFO:colcon.colcon_core.plugin_system:Skipping extension 'colcon_notification.desktop_notification.win32': Not used on non-Windows systems
[0.364s] INFO:colcon.colcon_notification.desktop_notification:Sending desktop notification using 'notify2'
[0.371s] DEBUG:colcon.colcon_core.event_reactor:joined thread
[0.371s] INFO:colcon.colcon_core.shell:Creating prefix script '/home/ubuntu20/code/markdown/ros2_foxy/charpter4/install/local_setup.ps1'
[0.372s] INFO:colcon.colcon_core.shell:Creating prefix util module '/home/ubuntu20/code/markdown/ros2_foxy/charpter4/install/_local_setup_util_ps1.py'
[0.373s] INFO:colcon.colcon_core.shell:Creating prefix chain script '/home/ubuntu20/code/markdown/ros2_foxy/charpter4/install/setup.ps1'
[0.373s] INFO:colcon.colcon_core.shell:Creating prefix script '/home/ubuntu20/code/markdown/ros2_foxy/charpter4/install/local_setup.sh'
[0.374s] INFO:colcon.colcon_core.shell:Creating prefix util module '/home/ubuntu20/code/markdown/ros2_foxy/charpter4/install/_local_setup_util_sh.py'
[0.375s] INFO:colcon.colcon_core.shell:Creating prefix chain script '/home/ubuntu20/code/markdown/ros2_foxy/charpter4/install/setup.sh'
[0.375s] INFO:colcon.colcon_core.shell:Creating prefix script '/home/ubuntu20/code/markdown/ros2_foxy/charpter4/install/local_setup.bash'
[0.376s] INFO:colcon.colcon_core.shell:Creating prefix chain script '/home/ubuntu20/code/markdown/ros2_foxy/charpter4/install/setup.bash'
[0.376s] INFO:colcon.colcon_core.shell:Creating prefix script '/home/ubuntu20/code/markdown/ros2_foxy/charpter4/install/local_setup.zsh'
[0.377s] INFO:colcon.colcon_core.shell:Creating prefix chain script '/home/ubuntu20/code/markdown/ros2_foxy/charpter4/install/setup.zsh'
