[0.013s] Invoking command in '/home/ubuntu20/code/markdown/ros2_foxy/charpter4/build/village_wang': CMAKE_PREFIX_PATH=${CMAKE_PREFIX_PATH}:/home/ubuntu20/code/markdown/ros2_foxy/charpter4/install/village_li:/opt/ros/foxy /usr/bin/cmake --build /home/ubuntu20/code/markdown/ros2_foxy/charpter4/build/village_wang -- -j32 -l32
[0.026s] -- Found ament_cmake: 0.9.12 (/opt/ros/foxy/share/ament_cmake/cmake)
[0.037s] -- Using PYTHON_EXECUTABLE: /usr/bin/python3
[0.107s] -- Found rclcpp: 2.4.3 (/opt/ros/foxy/share/rclcpp/cmake)
[0.121s] -- Using all available rosidl_typesupport_c: rosidl_typesupport_fastrtps_c;rosidl_typesupport_introspection_c
[0.122s] -- Found rosidl_adapter: 1.3.1 (/opt/ros/foxy/share/rosidl_adapter/cmake)
[0.185s] -- Using all available rosidl_typesupport_cpp: rosidl_typesupport_fastrtps_cpp;rosidl_typesupport_introspection_cpp
[0.200s] -- Found rmw_implementation_cmake: 1.0.4 (/opt/ros/foxy/share/rmw_implementation_cmake/cmake)
[0.201s] -- Using RMW implementation 'rmw_fastrtps_cpp' as default
[0.259s] -- Found village_interfaces: 0.0.0 (/home/ubuntu20/code/markdown/ros2_foxy/charpter4/install/village_interfaces/share/village_interfaces/cmake)
[0.351s] -- Found ament_lint_auto: 0.9.8 (/opt/ros/foxy/share/ament_lint_auto/cmake)
[0.383s] -- Added test 'copyright' to check source files copyright and LICENSE
[0.384s] -- Added test 'cppcheck' to perform static code analysis on C / C++ code
[0.384s] -- Configured cppcheck include dirs: 
[0.384s] -- Configured cppcheck exclude dirs and/or files: 
[0.384s] -- Added test 'cpplint' to check C / C++ code against the Google style
[0.384s] -- Configured cpplint exclude dirs and/or files: 
[0.384s] -- Added test 'lint_cmake' to check CMake code style
[0.385s] -- Added test 'uncrustify' to check C / C++ code style
[0.385s] -- Configured uncrustify additional arguments: 
[0.385s] -- Added test 'xmllint' to check XML markup files
[0.387s] -- Configuring done
[0.393s] -- Generating done
[0.396s] -- Build files have been written to: /home/ubuntu20/code/markdown/ros2_foxy/charpter4/build/village_wang
[0.427s] [100%] Built target wang2_node
[0.433s] Invoked command in '/home/ubuntu20/code/markdown/ros2_foxy/charpter4/build/village_wang' returned '0': CMAKE_PREFIX_PATH=${CMAKE_PREFIX_PATH}:/home/ubuntu20/code/markdown/ros2_foxy/charpter4/install/village_li:/opt/ros/foxy /usr/bin/cmake --build /home/ubuntu20/code/markdown/ros2_foxy/charpter4/build/village_wang -- -j32 -l32
[0.437s] Invoking command in '/home/ubuntu20/code/markdown/ros2_foxy/charpter4/build/village_wang': CMAKE_PREFIX_PATH=${CMAKE_PREFIX_PATH}:/home/ubuntu20/code/markdown/ros2_foxy/charpter4/install/village_li:/opt/ros/foxy /usr/bin/cmake --install /home/ubuntu20/code/markdown/ros2_foxy/charpter4/build/village_wang
[0.440s] -- Install configuration: ""
[0.440s] -- Up-to-date: /home/ubuntu20/code/markdown/ros2_foxy/charpter4/install/village_wang/share/ament_index/resource_index/package_run_dependencies/village_wang
[0.440s] -- Installing: /home/ubuntu20/code/markdown/ros2_foxy/charpter4/install/village_wang/share/ament_index/resource_index/parent_prefix_path/village_wang
[0.440s] -- Up-to-date: /home/ubuntu20/code/markdown/ros2_foxy/charpter4/install/village_wang/share/village_wang/environment/ament_prefix_path.sh
[0.441s] -- Installing: /home/ubuntu20/code/markdown/ros2_foxy/charpter4/install/village_wang/share/village_wang/environment/ament_prefix_path.dsv
[0.441s] -- Up-to-date: /home/ubuntu20/code/markdown/ros2_foxy/charpter4/install/village_wang/share/village_wang/environment/path.sh
[0.441s] -- Installing: /home/ubuntu20/code/markdown/ros2_foxy/charpter4/install/village_wang/share/village_wang/environment/path.dsv
[0.441s] -- Up-to-date: /home/ubuntu20/code/markdown/ros2_foxy/charpter4/install/village_wang/share/village_wang/local_setup.bash
[0.441s] -- Up-to-date: /home/ubuntu20/code/markdown/ros2_foxy/charpter4/install/village_wang/share/village_wang/local_setup.sh
[0.441s] -- Up-to-date: /home/ubuntu20/code/markdown/ros2_foxy/charpter4/install/village_wang/share/village_wang/local_setup.zsh
[0.441s] -- Installing: /home/ubuntu20/code/markdown/ros2_foxy/charpter4/install/village_wang/share/village_wang/local_setup.dsv
[0.441s] -- Installing: /home/ubuntu20/code/markdown/ros2_foxy/charpter4/install/village_wang/share/village_wang/package.dsv
[0.442s] -- Up-to-date: /home/ubuntu20/code/markdown/ros2_foxy/charpter4/install/village_wang/share/ament_index/resource_index/packages/village_wang
[0.442s] -- Up-to-date: /home/ubuntu20/code/markdown/ros2_foxy/charpter4/install/village_wang/share/village_wang/cmake/village_wangConfig.cmake
[0.442s] -- Up-to-date: /home/ubuntu20/code/markdown/ros2_foxy/charpter4/install/village_wang/share/village_wang/cmake/village_wangConfig-version.cmake
[0.442s] -- Up-to-date: /home/ubuntu20/code/markdown/ros2_foxy/charpter4/install/village_wang/share/village_wang/package.xml
[0.442s] -- Up-to-date: /home/ubuntu20/code/markdown/ros2_foxy/charpter4/install/village_wang/lib/village_wang/wang2_node
[0.443s] Invoked command in '/home/ubuntu20/code/markdown/ros2_foxy/charpter4/build/village_wang' returned '0': CMAKE_PREFIX_PATH=${CMAKE_PREFIX_PATH}:/home/ubuntu20/code/markdown/ros2_foxy/charpter4/install/village_li:/opt/ros/foxy /usr/bin/cmake --install /home/ubuntu20/code/markdown/ros2_foxy/charpter4/build/village_wang
