[0.104s] Invoking command in '/home/ubuntu20/code/markdown/ros2_foxy/charpter4/build/village_zhang': CMAKE_PREFIX_PATH=/home/ubuntu20/code/markdown/ros2_foxy/charpter4/install/village_interfaces:/home/ubuntu20/code/markdown/ros2_foxy/charpter4/install/village_wang:/home/ubuntu20/code/markdown/ros2_foxy/charpter4/install/village_li:/opt/ros/foxy PYTHONPATH=/home/ubuntu20/code/markdown/ros2_foxy/charpter4/install/village_interfaces/lib/python3.8/site-packages:/home/ubuntu20/code/markdown/ros2_foxy/charpter4/install/village_li/lib/python3.8/site-packages:/opt/ros/foxy/lib/python3.8/site-packages /usr/bin/cmake --build /home/ubuntu20/code/markdown/ros2_foxy/charpter4/build/village_zhang -- -j32 -l32
[0.139s] [100%] Built target zhang3_node
[0.147s] Invoked command in '/home/ubuntu20/code/markdown/ros2_foxy/charpter4/build/village_zhang' returned '0': CMAKE_PREFIX_PATH=/home/ubuntu20/code/markdown/ros2_foxy/charpter4/install/village_interfaces:/home/ubuntu20/code/markdown/ros2_foxy/charpter4/install/village_wang:/home/ubuntu20/code/markdown/ros2_foxy/charpter4/install/village_li:/opt/ros/foxy PYTHONPATH=/home/ubuntu20/code/markdown/ros2_foxy/charpter4/install/village_interfaces/lib/python3.8/site-packages:/home/ubuntu20/code/markdown/ros2_foxy/charpter4/install/village_li/lib/python3.8/site-packages:/opt/ros/foxy/lib/python3.8/site-packages /usr/bin/cmake --build /home/ubuntu20/code/markdown/ros2_foxy/charpter4/build/village_zhang -- -j32 -l32
[0.150s] Invoking command in '/home/ubuntu20/code/markdown/ros2_foxy/charpter4/build/village_zhang': CMAKE_PREFIX_PATH=/home/ubuntu20/code/markdown/ros2_foxy/charpter4/install/village_interfaces:/home/ubuntu20/code/markdown/ros2_foxy/charpter4/install/village_wang:/home/ubuntu20/code/markdown/ros2_foxy/charpter4/install/village_li:/opt/ros/foxy PYTHONPATH=/home/ubuntu20/code/markdown/ros2_foxy/charpter4/install/village_interfaces/lib/python3.8/site-packages:/home/ubuntu20/code/markdown/ros2_foxy/charpter4/install/village_li/lib/python3.8/site-packages:/opt/ros/foxy/lib/python3.8/site-packages /usr/bin/cmake --install /home/ubuntu20/code/markdown/ros2_foxy/charpter4/build/village_zhang
[0.154s] -- Install configuration: ""
[0.155s] -- Up-to-date: /home/ubuntu20/code/markdown/ros2_foxy/charpter4/install/village_zhang/share/ament_index/resource_index/package_run_dependencies/village_zhang
[0.155s] -- Up-to-date: /home/ubuntu20/code/markdown/ros2_foxy/charpter4/install/village_zhang/share/ament_index/resource_index/parent_prefix_path/village_zhang
[0.155s] -- Up-to-date: /home/ubuntu20/code/markdown/ros2_foxy/charpter4/install/village_zhang/share/village_zhang/environment/ament_prefix_path.sh
[0.155s] -- Up-to-date: /home/ubuntu20/code/markdown/ros2_foxy/charpter4/install/village_zhang/share/village_zhang/environment/ament_prefix_path.dsv
[0.155s] -- Up-to-date: /home/ubuntu20/code/markdown/ros2_foxy/charpter4/install/village_zhang/share/village_zhang/environment/path.sh
[0.155s] -- Up-to-date: /home/ubuntu20/code/markdown/ros2_foxy/charpter4/install/village_zhang/share/village_zhang/environment/path.dsv
[0.155s] -- Up-to-date: /home/ubuntu20/code/markdown/ros2_foxy/charpter4/install/village_zhang/share/village_zhang/local_setup.bash
[0.155s] -- Up-to-date: /home/ubuntu20/code/markdown/ros2_foxy/charpter4/install/village_zhang/share/village_zhang/local_setup.sh
[0.155s] -- Up-to-date: /home/ubuntu20/code/markdown/ros2_foxy/charpter4/install/village_zhang/share/village_zhang/local_setup.zsh
[0.155s] -- Up-to-date: /home/ubuntu20/code/markdown/ros2_foxy/charpter4/install/village_zhang/share/village_zhang/local_setup.dsv
[0.155s] -- Installing: /home/ubuntu20/code/markdown/ros2_foxy/charpter4/install/village_zhang/share/village_zhang/package.dsv
[0.155s] -- Up-to-date: /home/ubuntu20/code/markdown/ros2_foxy/charpter4/install/village_zhang/share/ament_index/resource_index/packages/village_zhang
[0.156s] -- Up-to-date: /home/ubuntu20/code/markdown/ros2_foxy/charpter4/install/village_zhang/share/village_zhang/cmake/village_zhangConfig.cmake
[0.156s] -- Up-to-date: /home/ubuntu20/code/markdown/ros2_foxy/charpter4/install/village_zhang/share/village_zhang/cmake/village_zhangConfig-version.cmake
[0.156s] -- Up-to-date: /home/ubuntu20/code/markdown/ros2_foxy/charpter4/install/village_zhang/share/village_zhang/package.xml
[0.156s] -- Up-to-date: /home/ubuntu20/code/markdown/ros2_foxy/charpter4/install/village_zhang/lib/village_zhang/zhang3_node
[0.157s] Invoked command in '/home/ubuntu20/code/markdown/ros2_foxy/charpter4/build/village_zhang' returned '0': CMAKE_PREFIX_PATH=/home/ubuntu20/code/markdown/ros2_foxy/charpter4/install/village_interfaces:/home/ubuntu20/code/markdown/ros2_foxy/charpter4/install/village_wang:/home/ubuntu20/code/markdown/ros2_foxy/charpter4/install/village_li:/opt/ros/foxy PYTHONPATH=/home/ubuntu20/code/markdown/ros2_foxy/charpter4/install/village_interfaces/lib/python3.8/site-packages:/home/ubuntu20/code/markdown/ros2_foxy/charpter4/install/village_li/lib/python3.8/site-packages:/opt/ros/foxy/lib/python3.8/site-packages /usr/bin/cmake --install /home/ubuntu20/code/markdown/ros2_foxy/charpter4/build/village_zhang
